2020-05-28 11:13:52,093 - netease - INFO - Enemy 数据获取中...
2020-05-28 11:13:52,275 - netease - INFO - Hall of Fame 数据获取中...
2020-05-28 11:13:52,441 - netease - INFO - Move Up (Lost Gravity) 数据获取中...
2020-05-28 11:13:52,605 - netease - INFO - Young And Beautiful 数据获取中...
2020-05-28 11:13:52,769 - netease - INFO - Where Is Your Love 数据获取中...
2020-05-28 11:13:52,952 - netease - INFO - Soldier 数据获取中...
2020-05-28 11:13:53,109 - netease - INFO - The New Kings 数据获取中...
2020-05-28 11:13:53,266 - netease - INFO - Counting Sheep 数据获取中...
2020-05-28 11:13:53,416 - netease - INFO - Walk Thru Fire 数据获取中...
2020-05-28 11:13:53,603 - netease - INFO - POPSTARS 数据获取中...
2020-05-28 11:13:53,769 - netease - INFO - This Town 数据获取中...
2020-05-28 11:13:53,968 - netease - INFO - Fly With The Wind 数据获取中...
2020-05-28 11:13:54,184 - netease - INFO - Everybody Knows I Love You 数据获取中...
2020-05-28 11:13:54,353 - netease - INFO - Heroes 数据获取中...
2020-05-28 11:13:54,517 - netease - INFO - Don't Look Down 数据获取中...
2020-05-28 11:13:54,667 - netease - INFO - This Is Our Time 数据获取中...
2020-05-28 11:13:54,820 - netease - INFO - Lily 数据获取中...
2020-05-28 11:13:54,988 - netease - INFO - Go Time 数据获取中...
2020-05-28 11:13:55,157 - netease - INFO - bad guy 数据获取中...
2020-05-28 11:13:55,317 - netease - INFO - Silver Scrapes 数据获取中...
2020-05-28 11:13:55,479 - netease - INFO - Legends Never Die 数据获取中...
2020-05-28 11:13:55,655 - netease - INFO - RISE 数据获取中...
2020-05-28 11:13:55,812 - netease - INFO - In The End（Haokun Remix） 数据获取中...
2020-05-28 11:13:55,925 - netease - INFO - Only Dreamers 数据获取中...
2020-05-28 11:13:56,070 - netease - INFO - Next To Me 数据获取中...
2020-05-28 11:13:56,276 - netease - INFO - she's all yours 数据获取中...
2020-05-28 11:13:56,448 - netease - INFO - Runaway 数据获取中...
2020-05-28 11:13:56,596 - netease - INFO - Must Be Something 数据获取中...
2020-05-28 11:13:56,762 - netease - INFO - Dancing With Your Ghost 数据获取中...
2020-05-28 11:13:56,946 - netease - INFO - Love You Like A Love Song 数据获取中...
2020-05-28 11:13:57,113 - netease - INFO - On My Way (ADMA Bootleg) (Bootleg) 数据获取中...
2020-05-28 11:13:57,255 - netease - INFO - Popularity 数据获取中...
2020-05-28 11:13:57,420 - netease - INFO - My Only One (No Hay Nadie Más) 数据获取中...
2020-05-28 11:13:57,587 - netease - INFO - The Spectre 数据获取中...
2020-05-28 11:13:57,746 - netease - INFO - Señorita 数据获取中...
2020-05-28 11:13:57,919 - netease - INFO - These Days (feat. Jess Glynne, Macklemore & Dan Caplen) 数据获取中...
2020-05-28 11:13:58,082 - netease - INFO - End Of The Night 数据获取中...
2020-05-28 11:13:58,247 - netease - INFO - Born to Love You 数据获取中...
2020-05-28 11:13:58,414 - netease - INFO - Lost Without You 数据获取中...
2020-05-28 11:13:58,569 - netease - INFO - Solo 数据获取中...
2020-05-28 11:13:58,767 - netease - INFO - Photograph 数据获取中...
2020-05-28 11:13:58,919 - netease - INFO - Counting Down To Christmas 数据获取中...
2020-05-28 11:13:59,105 - netease - INFO - New Rules (Vicetone Remix) 数据获取中...
2020-05-28 11:13:59,270 - netease - INFO - In My Blood 数据获取中...
2020-05-28 11:13:59,428 - netease - INFO - Coming Home 数据获取中...
2020-05-28 11:13:59,611 - netease - INFO - Unstoppable 数据获取中...
2020-05-28 11:13:59,770 - netease - INFO - Summer Vibe (Pegato Remix) 数据获取中...
2020-05-28 11:13:59,978 - netease - INFO - All I Need 数据获取中...
2020-05-28 11:14:00,133 - netease - INFO - Rags To Rings 数据获取中...
2020-05-28 11:14:00,299 - netease - INFO - Tidal Wave 数据获取中...
2020-05-28 11:14:00,460 - netease - INFO - Back to You 数据获取中...
2020-05-28 11:14:00,643 - netease - INFO - Brave 数据获取中...
2020-05-28 11:14:00,807 - netease - INFO - Pillow talk 数据获取中...
2020-05-28 11:14:00,972 - netease - INFO - How To Love  数据获取中...
2020-05-28 11:14:01,139 - netease - INFO - Are You With Me 数据获取中...
2020-05-28 11:14:01,309 - netease - INFO - Tired 数据获取中...
2020-05-28 11:14:01,463 - netease - INFO - Don't Leave Me (Ne Me Quitte Pas) 数据获取中...
2020-05-28 11:14:01,640 - netease - INFO - Step Off 数据获取中...
2020-05-28 11:14:01,802 - netease - INFO - Stay (Felix Cartal Remix) 数据获取中...
2020-05-28 11:14:01,998 - netease - INFO - In A Tree 数据获取中...
2020-05-28 11:14:02,164 - netease - INFO - Undo 数据获取中...
2020-05-28 11:14:02,359 - netease - INFO - Save the World 数据获取中...
2020-05-28 11:14:02,541 - netease - INFO - Loser 数据获取中...
2020-05-28 11:14:02,770 - netease - INFO - 3 Wishes 数据获取中...
2020-05-28 11:14:02,933 - netease - INFO - Can We Dance 数据获取中...
2020-05-28 11:14:03,097 - netease - INFO - Viva La Vida 数据获取中...
2020-05-28 11:14:03,238 - netease - INFO - Coming Home (A.N.O. Remix) 数据获取中...
2020-05-28 11:14:03,403 - netease - INFO - Raindrops 数据获取中...
2020-05-28 11:14:03,651 - netease - INFO - Cut 数据获取中...
2020-05-28 11:14:03,839 - netease - INFO - La Da Dee 数据获取中...
2020-05-28 11:14:04,021 - netease - INFO - liability (demo) 数据获取中...
2020-05-28 11:14:04,200 - netease - INFO - Try Everything 数据获取中...
2020-05-28 11:14:04,356 - netease - INFO - Six Feet Under 数据获取中...
2020-05-28 11:14:04,515 - netease - INFO - Only One 数据获取中...
2020-05-28 11:14:04,674 - netease - INFO - All Falls Down 数据获取中...
2020-05-28 11:14:04,827 - netease - INFO - Havana 数据获取中...
2020-05-28 11:14:04,996 - netease - INFO - Nevada (feat. Cozi Zuehlsdorff) 数据获取中...
2020-05-28 11:14:05,188 - netease - INFO - Skin 数据获取中...
2020-05-28 11:14:05,330 - netease - INFO - Down 数据获取中...
2020-05-28 11:14:05,493 - netease - INFO - Prepare for Disappointment 数据获取中...
2020-05-28 11:14:05,656 - netease - INFO - Hymn For The Weekend [Remix] 数据获取中...
2020-05-28 11:14:05,828 - netease - INFO - You Are a Lover 数据获取中...
2020-05-28 11:14:05,987 - netease - INFO - Love The Way You Lie [Part III (Original Demo)] 数据获取中...
2020-05-28 11:14:06,145 - netease - INFO - Almost Lover 数据获取中...
2020-05-28 11:14:06,311 - netease - INFO - Send It  数据获取中...
2020-05-28 11:14:06,469 - netease - INFO - Reality 数据获取中...
2020-05-28 11:14:06,644 - netease - INFO - You Don't Know Me 数据获取中...
2020-05-28 11:14:06,812 - netease - INFO - Walk Away 数据获取中...
2020-05-28 11:14:06,984 - netease - INFO - I Just Wanna Run 数据获取中...
2020-05-28 11:14:07,173 - netease - INFO - Let Her Go 数据获取中...
2020-05-28 11:14:07,370 - netease - INFO - Try 数据获取中...
2020-05-28 11:14:07,538 - netease - INFO - I Hate Myself For Loving You 数据获取中...
2020-05-28 11:14:07,705 - netease - INFO - Sofía 数据获取中...
2020-05-28 11:14:07,879 - netease - INFO - And Then You 数据获取中...
2020-05-28 11:14:08,027 - netease - INFO - Forgettable 数据获取中...
2020-05-28 11:14:08,207 - netease - INFO - Ship In The Sand 数据获取中...
2020-05-28 11:14:08,391 - netease - INFO - Fuerteventura 数据获取中...
2020-05-28 11:14:08,542 - netease - INFO - On a Slow Boat to China 数据获取中...
2020-05-28 11:14:08,730 - netease - INFO - Your Bones 数据获取中...
2020-05-28 11:14:08,896 - netease - INFO - Battles and Wastelands 数据获取中...
2020-05-28 11:14:09,075 - netease - INFO - Parachute 数据获取中...
2020-05-28 11:14:09,222 - netease - INFO - Think Again 数据获取中...
2020-05-28 11:14:09,389 - netease - INFO - Mustang cabriolet 数据获取中...
2020-05-28 11:14:09,550 - netease - INFO - Hero 数据获取中...
2020-05-28 11:14:09,726 - netease - INFO - That Girl 数据获取中...
2020-05-28 11:14:09,897 - netease - INFO - Headlight 数据获取中...
2020-05-28 11:14:10,089 - netease - INFO - Les Rois Du Monde 数据获取中...
2020-05-28 11:14:10,246 - netease - INFO - Les rois du monde 数据获取中...
2020-05-28 11:14:10,426 - netease - INFO - Telescope 数据获取中...
2020-05-28 11:14:10,722 - netease - INFO - It Ain't Me 数据获取中...
2020-05-28 11:14:10,933 - netease - INFO - Something Just Like This 数据获取中...
2020-05-28 11:14:11,090 - netease - INFO - No One But You 数据获取中...
2020-05-28 11:14:11,264 - netease - INFO - Revolution 数据获取中...
2020-05-28 11:14:11,403 - netease - INFO - It Ain't Me 数据获取中...
2020-05-28 11:14:11,587 - netease - INFO - Something Just Like This 数据获取中...
2020-05-28 11:14:11,735 - netease - INFO - Broken Angel 数据获取中...
2020-05-28 11:14:11,891 - netease - INFO - 2U 数据获取中...
2020-05-28 11:14:12,061 - netease - INFO - Too Far 数据获取中...
2020-05-28 11:14:12,213 - netease - INFO - Traveling Light 数据获取中...
2020-05-28 11:14:12,389 - netease - INFO - Whistle 数据获取中...
2020-05-28 11:14:12,574 - netease - INFO - The Lazy Song 数据获取中...
2020-05-28 11:14:12,765 - netease - INFO - Marry You 数据获取中...
2020-05-28 11:14:12,930 - netease - INFO - Just the Way You Are 数据获取中...
2020-05-28 11:14:34,113 - netease - INFO - Lone Ranger 数据获取中...
2020-05-28 11:14:34,284 - netease - INFO - Jocelin 数据获取中...
2020-05-28 11:14:34,448 - netease - INFO - Walk on By 数据获取中...
2020-05-28 11:14:34,618 - netease - INFO - Lov3 Ngẫu Hứng 数据获取中...
2020-05-28 11:14:34,773 - netease - INFO - On The Floor 数据获取中...
2020-05-28 11:14:34,950 - netease - INFO - Where'd You Go 数据获取中...
2020-05-28 11:14:35,114 - netease - INFO - We Don't Talk Anymore（Cover Charlie Puth&Selena Gomez） 数据获取中...
2020-05-28 11:14:35,263 - netease - INFO - Try 数据获取中...
2020-05-28 11:14:35,406 - netease - INFO - Yellow 数据获取中...
2020-05-28 11:14:35,560 - netease - INFO - Flower Dance 数据获取中...
2020-05-28 11:14:35,711 - netease - INFO - If I Die Young 数据获取中...
2020-05-28 11:14:35,881 - netease - INFO - Breath and Life 数据获取中...
2020-05-28 11:14:36,049 - netease - INFO - I Just Wanna Run 数据获取中...
2020-05-28 11:14:36,212 - netease - INFO - Faded 数据获取中...
2020-05-28 11:14:36,372 - netease - INFO - I Am Me Once More 数据获取中...
2020-05-28 11:14:36,519 - myapi - INFO - json文件写入中...
2020-05-28 11:14:36,526 - myapi - INFO - json文件写入完成.
2020-05-28 11:14:36,528 - myapi - INFO - Jennifer March - Enemy >>开始下载歌曲...
2020-05-28 11:14:36,528 - myapi - INFO - >>D:\music-down\netease\Eng♬\\downmp3\Jennifer March - Enemy.mp3 开始下载...
2020-05-28 11:14:40,282 - myapi - INFO - The Script&will.i.am - Hall of Fame >>开始下载歌曲...
2020-05-28 11:14:40,282 - myapi - INFO - >>D:\music-down\netease\Eng♬\\downmp3\The Script&will.i.am - Hall of Fame.mp3 开始下载...
2020-05-28 11:14:43,480 - myapi - INFO - Mr. Polska - Move Up (Lost Gravity) >>开始下载歌曲...
2020-05-28 11:14:43,480 - myapi - INFO - >>D:\music-down\netease\Eng♬\\downmp3\Mr. Polska - Move Up (Lost Gravity).mp3 开始下载...
2020-05-28 11:14:47,919 - myapi - INFO - Lana Del Rey - Young And Beautiful >>开始下载歌曲...
2020-05-28 11:14:47,919 - myapi - INFO - >>D:\music-down\netease\Eng♬\\downmp3\Lana Del Rey - Young And Beautiful.mp3 开始下载...
2020-05-28 11:14:51,623 - myapi - INFO - J. Lisk - Where Is Your Love >>开始下载歌曲...
2020-05-28 11:14:51,623 - myapi - INFO - >>D:\music-down\netease\Eng♬\\downmp3\J. Lisk - Where Is Your Love.mp3 开始下载...
2020-05-28 11:14:53,941 - myapi - INFO - Samantha Jade - Soldier >>开始下载歌曲...
2020-05-28 11:14:53,941 - myapi - INFO - >>D:\music-down\netease\Eng♬\\downmp3\Samantha Jade - Soldier.mp3 开始下载...
2020-05-28 11:14:56,877 - myapi - INFO - Vicetone&Popeska&Luciana - The New Kings >>开始下载歌曲...
2020-05-28 11:14:56,877 - myapi - INFO - >>D:\music-down\netease\Eng♬\\downmp3\Vicetone&Popeska&Luciana - The New Kings.mp3 开始下载...
2020-05-28 11:15:00,299 - myapi - INFO - SAFIA - Counting Sheep >>开始下载歌曲...
2020-05-28 11:15:00,299 - myapi - INFO - >>D:\music-down\netease\Eng♬\\downmp3\SAFIA - Counting Sheep.mp3 开始下载...
2020-05-28 11:15:03,488 - myapi - INFO - Vicetone&Meron Ryan - Walk Thru Fire >>开始下载歌曲...
2020-05-28 11:15:03,489 - myapi - INFO - >>D:\music-down\netease\Eng♬\\downmp3\Vicetone&Meron Ryan - Walk Thru Fire.mp3 开始下载...
2020-05-28 11:15:06,933 - myapi - INFO - Madison Beer&(G)I-DLE&Jaira Burns - POPSTARS >>开始下载歌曲...
2020-05-28 11:15:06,933 - myapi - INFO - >>D:\music-down\netease\Eng♬\\downmp3\Madison Beer&(G)I-DLE&Jaira Burns - POPSTARS.mp3 开始下载...
2020-05-28 11:15:09,744 - myapi - INFO - Kygo&Sasha Sloan - This Town >>开始下载歌曲...
2020-05-28 11:15:09,744 - myapi - INFO - >>D:\music-down\netease\Eng♬\\downmp3\Kygo&Sasha Sloan - This Town.mp3 开始下载...
2020-05-28 11:15:12,776 - myapi - INFO - BaeChiGi&Punch - Fly With The Wind >>开始下载歌曲...
2020-05-28 11:15:12,776 - myapi - INFO - >>D:\music-down\netease\Eng♬\\downmp3\BaeChiGi&Punch - Fly With The Wind.mp3 开始下载...
2020-05-28 11:15:15,625 - myapi - INFO - Lovebugs - Everybody Knows I Love You >>开始下载歌曲...
2020-05-28 11:15:15,625 - myapi - INFO - >>D:\music-down\netease\Eng♬\\downmp3\Lovebugs - Everybody Knows I Love You.mp3 开始下载...
2020-05-28 11:15:19,170 - myapi - INFO - Zayde Wølf - Heroes >>开始下载歌曲...
2020-05-28 11:15:19,170 - myapi - INFO - >>D:\music-down\netease\Eng♬\\downmp3\Zayde Wølf - Heroes.mp3 开始下载...
2020-05-28 11:15:22,488 - myapi - INFO - Hidden Citizens&Erin McCarley - Don't Look Down >>开始下载歌曲...
2020-05-28 11:15:22,488 - myapi - INFO - >>D:\music-down\netease\Eng♬\\downmp3\Hidden Citizens&Erin McCarley - Don't Look Down.mp3 开始下载...
2020-05-28 11:15:25,904 - myapi - INFO - Hidden Citizens&Rånya - This Is Our Time >>开始下载歌曲...
2020-05-28 11:15:25,905 - myapi - INFO - >>D:\music-down\netease\Eng♬\\downmp3\Hidden Citizens&Rånya - This Is Our Time.mp3 开始下载...
2020-05-28 11:15:29,707 - myapi - INFO - Alan Walker&K-391&Emelie Hollow - Lily >>开始下载歌曲...
2020-05-28 11:15:29,707 - myapi - INFO - >>D:\music-down\netease\Eng♬\\downmp3\Alan Walker&K-391&Emelie Hollow - Lily.mp3 开始下载...
2020-05-28 11:15:32,735 - myapi - INFO - Mark Petrie - Go Time >>开始下载歌曲...
2020-05-28 11:15:32,736 - myapi - INFO - >>D:\music-down\netease\Eng♬\\downmp3\Mark Petrie - Go Time.mp3 开始下载...
2020-05-28 11:15:34,772 - myapi - INFO - Billie Eilish - bad guy >>开始下载歌曲...
2020-05-28 11:15:34,772 - myapi - INFO - >>D:\music-down\netease\Eng♬\\downmp3\Billie Eilish - bad guy.mp3 开始下载...
2020-05-28 11:15:37,492 - myapi - INFO - 英雄联盟&Danny McCarthy - Silver Scrapes >>开始下载歌曲...
2020-05-28 11:15:37,492 - myapi - INFO - >>D:\music-down\netease\Eng♬\\downmp3\英雄联盟&Danny McCarthy - Silver Scrapes.mp3 开始下载...
2020-05-28 11:15:40,471 - myapi - INFO - Against the Current - Legends Never Die >>开始下载歌曲...
2020-05-28 11:15:40,471 - myapi - INFO - >>D:\music-down\netease\Eng♬\\downmp3\Against the Current - Legends Never Die.mp3 开始下载...
2020-05-28 11:15:44,303 - myapi - INFO - The Glitch Mob&Mako&The Word Alive - RISE >>开始下载歌曲...
2020-05-28 11:15:44,303 - myapi - INFO - >>D:\music-down\netease\Eng♬\\downmp3\The Glitch Mob&Mako&The Word Alive - RISE.mp3 开始下载...
2020-05-28 11:15:47,532 - myapi - INFO - RoiMarch - In The End（Haokun Remix） >>开始下载歌曲...
2020-05-28 11:15:47,532 - myapi - INFO - >>D:\music-down\netease\Eng♬\\downmp3\RoiMarch - In The End（Haokun Remix）.mp3 开始下载...
2020-05-28 11:15:50,676 - myapi - INFO - Helene Fischer - Only Dreamers >>开始下载歌曲...
2020-05-28 11:15:50,676 - myapi - INFO - >>D:\music-down\netease\Eng♬\\downmp3\Helene Fischer - Only Dreamers.mp3 开始下载...
2020-05-28 11:15:53,885 - myapi - INFO - Axel Johansson&Tina Stachowiak - Next To Me >>开始下载歌曲...
2020-05-28 11:15:53,885 - myapi - INFO - >>D:\music-down\netease\Eng♬\\downmp3\Axel Johansson&Tina Stachowiak - Next To Me.mp3 开始下载...
2020-05-28 11:15:56,752 - myapi - INFO - Loote - she's all yours >>开始下载歌曲...
2020-05-28 11:15:56,752 - myapi - INFO - >>D:\music-down\netease\Eng♬\\downmp3\Loote - she's all yours.mp3 开始下载...
2020-05-28 11:15:59,318 - myapi - INFO - Sasha Sloan - Runaway >>开始下载歌曲...
2020-05-28 11:15:59,319 - myapi - INFO - >>D:\music-down\netease\Eng♬\\downmp3\Sasha Sloan - Runaway.mp3 开始下载...
2020-05-28 11:16:02,507 - myapi - INFO - The Pierces - Must Be Something >>开始下载歌曲...
2020-05-28 11:16:02,508 - myapi - INFO - >>D:\music-down\netease\Eng♬\\downmp3\The Pierces - Must Be Something.mp3 开始下载...
2020-05-28 11:16:06,081 - myapi - INFO - Sasha Sloan - Dancing With Your Ghost >>开始下载歌曲...
2020-05-28 11:16:06,081 - myapi - INFO - >>D:\music-down\netease\Eng♬\\downmp3\Sasha Sloan - Dancing With Your Ghost.mp3 开始下载...
2020-05-28 11:16:09,026 - myapi - INFO - Selena Gomez & The Scene - Love You Like A Love Song >>开始下载歌曲...
2020-05-28 11:16:09,027 - myapi - INFO - >>D:\music-down\netease\Eng♬\\downmp3\Selena Gomez & The Scene - Love You Like A Love Song.mp3 开始下载...
2020-05-28 11:16:11,802 - myapi - INFO - AdMa&Alan Walker - On My Way (ADMA Bootleg) (Bootleg) >>开始下载歌曲...
2020-05-28 11:16:11,803 - myapi - INFO - >>D:\music-down\netease\Eng♬\\downmp3\AdMa&Alan Walker - On My Way (ADMA Bootleg) (Bootleg).mp3 开始下载...
2020-05-28 11:16:14,373 - myapi - INFO - Julian Moon - Popularity >>开始下载歌曲...
2020-05-28 11:16:14,373 - myapi - ERROR - >>mp3的下载地址无效，不进行下载.
2020-05-28 11:16:14,373 - myapi - INFO - Sebastian Yatra&Isabela Moner - My Only One (No Hay Nadie Más) >>开始下载歌曲...
2020-05-28 11:16:14,373 - myapi - INFO - >>D:\music-down\netease\Eng♬\\downmp3\Sebastian Yatra&Isabela Moner - My Only One (No Hay Nadie Más).mp3 开始下载...
2020-05-28 11:16:17,348 - myapi - INFO - Alan Walker - The Spectre >>开始下载歌曲...
2020-05-28 11:16:17,348 - myapi - INFO - >>D:\music-down\netease\Eng♬\\downmp3\Alan Walker - The Spectre.mp3 开始下载...
2020-05-28 11:16:20,433 - myapi - INFO - MADILYN - Señorita >>开始下载歌曲...
2020-05-28 11:16:20,433 - myapi - INFO - >>D:\music-down\netease\Eng♬\\downmp3\MADILYN - Señorita.mp3 开始下载...
2020-05-28 11:16:35,641 - myapi - INFO - Rudimental&Jess Glynne&Macklemore&Dan Caplen - These Days (feat. Jess Glynne, Macklemore & Dan Caplen) >>开始下载歌曲...
2020-05-28 11:16:35,641 - myapi - ERROR - >>mp3的下载地址无效，不进行下载.
2020-05-28 11:16:35,641 - myapi - INFO - Danny Avila - End Of The Night >>开始下载歌曲...
2020-05-28 11:16:35,641 - myapi - INFO - >>D:\music-down\netease\Eng♬\\downmp3\Danny Avila - End Of The Night.mp3 开始下载...
2020-05-28 11:16:39,031 - myapi - INFO - LANCO - Born to Love You >>开始下载歌曲...
2020-05-28 11:16:39,032 - myapi - INFO - >>D:\music-down\netease\Eng♬\\downmp3\LANCO - Born to Love You.mp3 开始下载...
2020-05-28 11:16:42,547 - myapi - INFO - Delta Goodrem - Lost Without You >>开始下载歌曲...
2020-05-28 11:16:42,547 - myapi - INFO - >>D:\music-down\netease\Eng♬\\downmp3\Delta Goodrem - Lost Without You.mp3 开始下载...
2020-05-28 11:16:46,244 - myapi - INFO - Clean Bandit&Demi Lovato - Solo >>开始下载歌曲...
2020-05-28 11:16:46,244 - myapi - ERROR - >>mp3的下载地址无效，不进行下载.
2020-05-28 11:16:46,244 - myapi - INFO - Ed Sheeran - Photograph >>开始下载歌曲...
2020-05-28 11:16:46,244 - myapi - ERROR - >>mp3的下载地址无效，不进行下载.
2020-05-28 11:16:46,244 - myapi - INFO - Campsite Dream - Counting Down To Christmas >>开始下载歌曲...
2020-05-28 11:16:46,245 - myapi - INFO - >>D:\music-down\netease\Eng♬\\downmp3\Campsite Dream - Counting Down To Christmas.mp3 开始下载...
2020-05-28 11:16:49,220 - myapi - INFO - Vicetone&Dua Lipa - New Rules (Vicetone Remix) >>开始下载歌曲...
2020-05-28 11:16:49,220 - myapi - INFO - >>D:\music-down\netease\Eng♬\\downmp3\Vicetone&Dua Lipa - New Rules (Vicetone Remix).mp3 开始下载...
2020-05-28 11:16:52,766 - myapi - INFO - The Veronicas - In My Blood >>开始下载歌曲...
2020-05-28 11:16:52,766 - myapi - INFO - >>D:\music-down\netease\Eng♬\\downmp3\The Veronicas - In My Blood.mp3 开始下载...
2020-05-28 11:16:55,616 - myapi - INFO - Dash Berlin&Bo Bruce - Coming Home >>开始下载歌曲...
2020-05-28 11:16:55,617 - myapi - INFO - >>D:\music-down\netease\Eng♬\\downmp3\Dash Berlin&Bo Bruce - Coming Home.mp3 开始下载...
2020-05-28 11:16:59,901 - myapi - INFO - Sia - Unstoppable >>开始下载歌曲...
2020-05-28 11:16:59,901 - myapi - INFO - >>D:\music-down\netease\Eng♬\\downmp3\Sia - Unstoppable.mp3 开始下载...
2020-05-28 11:17:03,484 - myapi - INFO - Pegato&Walk off the Earth - Summer Vibe (Pegato Remix) >>开始下载歌曲...
2020-05-28 11:17:03,484 - myapi - INFO - >>D:\music-down\netease\Eng♬\\downmp3\Pegato&Walk off the Earth - Summer Vibe (Pegato Remix).mp3 开始下载...
2020-05-28 11:17:06,575 - myapi - INFO - Robert Cutarella & Sebastian Royce - All I Need >>开始下载歌曲...
2020-05-28 11:17:06,575 - myapi - INFO - >>D:\music-down\netease\Eng♬\\downmp3\Robert Cutarella & Sebastian Royce - All I Need.mp3 开始下载...
2020-05-28 11:17:08,983 - myapi - INFO - 英雄联盟&Mark Petrie&Danny McCarthy - Rags To Rings >>开始下载歌曲...
2020-05-28 11:17:08,983 - myapi - INFO - >>D:\music-down\netease\Eng♬\\downmp3\英雄联盟&Mark Petrie&Danny McCarthy - Rags To Rings.mp3 开始下载...
2020-05-28 11:17:13,652 - myapi - INFO - Kiso&Rossy - Tidal Wave >>开始下载歌曲...
2020-05-28 11:17:13,652 - myapi - INFO - >>D:\music-down\netease\Eng♬\\downmp3\Kiso&Rossy - Tidal Wave.mp3 开始下载...
2020-05-28 11:17:16,204 - myapi - INFO - Amanda Noelle - Back to You >>开始下载歌曲...
2020-05-28 11:17:16,204 - myapi - INFO - >>D:\music-down\netease\Eng♬\\downmp3\Amanda Noelle - Back to You.mp3 开始下载...
2020-05-28 11:17:19,446 - myapi - INFO - Fancy Cars - Brave >>开始下载歌曲...
2020-05-28 11:17:19,446 - myapi - INFO - >>D:\music-down\netease\Eng♬\\downmp3\Fancy Cars - Brave.mp3 开始下载...
2020-05-28 11:17:22,562 - myapi - INFO - Auryn - Pillow talk >>开始下载歌曲...
2020-05-28 11:17:22,562 - myapi - INFO - >>D:\music-down\netease\Eng♬\\downmp3\Auryn - Pillow talk.mp3 开始下载...
2020-05-28 11:17:26,244 - myapi - INFO - Cash Cash&Sofia Reyes - How To Love  >>开始下载歌曲...
2020-05-28 11:17:26,244 - myapi - ERROR - >>mp3的下载地址无效，不进行下载.
2020-05-28 11:17:26,245 - myapi - INFO - Lost Frequencies - Are You With Me >>开始下载歌曲...
2020-05-28 11:17:26,245 - myapi - INFO - >>D:\music-down\netease\Eng♬\\downmp3\Lost Frequencies - Are You With Me.mp3 开始下载...
2020-05-28 11:17:28,407 - myapi - INFO - Alan Walker&Gavin James - Tired >>开始下载歌曲...
2020-05-28 11:17:28,407 - myapi - INFO - >>D:\music-down\netease\Eng♬\\downmp3\Alan Walker&Gavin James - Tired.mp3 开始下载...
2020-05-28 11:17:33,358 - myapi - INFO - Regina Spektor - Don't Leave Me (Ne Me Quitte Pas) >>开始下载歌曲...
2020-05-28 11:17:33,358 - myapi - ERROR - >>mp3的下载地址无效，不进行下载.
2020-05-28 11:17:33,358 - myapi - INFO - Kacey Musgraves - Step Off >>开始下载歌曲...
2020-05-28 11:17:33,358 - myapi - INFO - >>D:\music-down\netease\Eng♬\\downmp3\Kacey Musgraves - Step Off.mp3 开始下载...
2020-05-28 11:17:35,967 - myapi - INFO - Felix Cartal&Zedd&Alessia Cara - Stay (Felix Cartal Remix) >>开始下载歌曲...
2020-05-28 11:17:35,967 - myapi - INFO - >>D:\music-down\netease\Eng♬\\downmp3\Felix Cartal&Zedd&Alessia Cara - Stay (Felix Cartal Remix).mp3 开始下载...
2020-05-28 11:17:39,093 - myapi - INFO - Priscilla Ahn - In A Tree >>开始下载歌曲...
2020-05-28 11:17:39,093 - myapi - INFO - >>D:\music-down\netease\Eng♬\\downmp3\Priscilla Ahn - In A Tree.mp3 开始下载...
2020-05-28 11:17:41,578 - myapi - INFO - Sanna Nielsen - Undo >>开始下载歌曲...
2020-05-28 11:17:41,578 - myapi - ERROR - >>mp3的下载地址无效，不进行下载.
2020-05-28 11:17:41,578 - myapi - INFO - Julian Moon&Kat Krazy - Save the World >>开始下载歌曲...
2020-05-28 11:17:41,578 - myapi - INFO - >>D:\music-down\netease\Eng♬\\downmp3\Julian Moon&Kat Krazy - Save the World.mp3 开始下载...
2020-05-28 11:17:44,841 - myapi - INFO - Julian Moon - Loser >>开始下载歌曲...
2020-05-28 11:17:44,842 - myapi - ERROR - >>mp3的下载地址无效，不进行下载.
2020-05-28 11:17:44,842 - myapi - INFO - Dave Thomas Junior - 3 Wishes >>开始下载歌曲...
2020-05-28 11:17:44,842 - myapi - INFO - >>D:\music-down\netease\Eng♬\\downmp3\Dave Thomas Junior - 3 Wishes.mp3 开始下载...
2020-05-28 11:17:48,085 - myapi - INFO - The Vamps - Can We Dance >>开始下载歌曲...
2020-05-28 11:17:48,086 - myapi - INFO - >>D:\music-down\netease\Eng♬\\downmp3\The Vamps - Can We Dance.mp3 开始下载...
2020-05-28 11:17:51,195 - myapi - INFO - Coldplay - Viva La Vida >>开始下载歌曲...
2020-05-28 11:17:51,195 - myapi - ERROR - >>mp3的下载地址无效，不进行下载.
2020-05-28 11:17:51,195 - myapi - INFO - Skylar Grey&The Paragon Axis - Coming Home (A.N.O. Remix) >>开始下载歌曲...
2020-05-28 11:17:51,195 - myapi - INFO - >>D:\music-down\netease\Eng♬\\downmp3\Skylar Grey&The Paragon Axis - Coming Home (A.N.O. Remix).mp3 开始下载...
2020-05-28 11:17:54,719 - myapi - INFO - Eliane - Raindrops >>开始下载歌曲...
2020-05-28 11:17:54,719 - myapi - INFO - >>D:\music-down\netease\Eng♬\\downmp3\Eliane - Raindrops.mp3 开始下载...
2020-05-28 11:17:58,070 - myapi - INFO - Plumb - Cut >>开始下载歌曲...
2020-05-28 11:17:58,070 - myapi - INFO - >>D:\music-down\netease\Eng♬\\downmp3\Plumb - Cut.mp3 开始下载...
2020-05-28 11:18:01,617 - myapi - INFO - Cody Simpson - La Da Dee >>开始下载歌曲...
2020-05-28 11:18:01,618 - myapi - ERROR - >>mp3的下载地址无效，不进行下载.
2020-05-28 11:18:01,618 - myapi - INFO - Tove Styrke - liability (demo) >>开始下载歌曲...
2020-05-28 11:18:01,618 - myapi - INFO - >>D:\music-down\netease\Eng♬\\downmp3\Tove Styrke - liability (demo).mp3 开始下载...
2020-05-28 11:18:04,145 - myapi - INFO - Shakira - Try Everything >>开始下载歌曲...
2020-05-28 11:18:04,145 - myapi - INFO - >>D:\music-down\netease\Eng♬\\downmp3\Shakira - Try Everything.mp3 开始下载...
2020-05-28 11:18:08,050 - myapi - INFO - Billie Eilish - Six Feet Under >>开始下载歌曲...
2020-05-28 11:18:08,050 - myapi - INFO - >>D:\music-down\netease\Eng♬\\downmp3\Billie Eilish - Six Feet Under.mp3 开始下载...
2020-05-28 11:18:11,273 - myapi - INFO - Various Artists - Only One >>开始下载歌曲...
2020-05-28 11:18:11,273 - myapi - INFO - >>D:\music-down\netease\Eng♬\\downmp3\Various Artists - Only One.mp3 开始下载...
2020-05-28 11:18:14,579 - myapi - INFO - Alan Walker&Noah Cyrus&Digital Farm Animals - All Falls Down >>开始下载歌曲...
2020-05-28 11:18:14,579 - myapi - INFO - >>D:\music-down\netease\Eng♬\\downmp3\Alan Walker&Noah Cyrus&Digital Farm Animals - All Falls Down.mp3 开始下载...
2020-05-28 11:18:17,914 - myapi - INFO - Camila Cabello&Young Thug - Havana >>开始下载歌曲...
2020-05-28 11:18:17,914 - myapi - INFO - >>D:\music-down\netease\Eng♬\\downmp3\Camila Cabello&Young Thug - Havana.mp3 开始下载...
2020-05-28 11:18:21,258 - myapi - INFO - Vicetone&Cozi Zuehlsdorff - Nevada (feat. Cozi Zuehlsdorff) >>开始下载歌曲...
2020-05-28 11:18:21,258 - myapi - INFO - >>D:\music-down\netease\Eng♬\\downmp3\Vicetone&Cozi Zuehlsdorff - Nevada (feat. Cozi Zuehlsdorff).mp3 开始下载...
2020-05-28 11:18:25,061 - myapi - INFO - Rag'N'Bone Man - Skin >>开始下载歌曲...
2020-05-28 11:18:25,062 - myapi - INFO - >>D:\music-down\netease\Eng♬\\downmp3\Rag'N'Bone Man - Skin.mp3 开始下载...
2020-05-28 11:18:28,665 - myapi - INFO - Jason Walker - Down >>开始下载歌曲...
2020-05-28 11:18:28,665 - myapi - INFO - >>D:\music-down\netease\Eng♬\\downmp3\Jason Walker - Down.mp3 开始下载...
2020-05-28 11:18:32,351 - myapi - INFO - Matt Elliott - Prepare for Disappointment >>开始下载歌曲...
2020-05-28 11:18:32,351 - myapi - INFO - >>D:\music-down\netease\Eng♬\\downmp3\Matt Elliott - Prepare for Disappointment.mp3 开始下载...
2020-05-28 11:18:35,877 - myapi - INFO - Alan Walker&Coldplay - Hymn For The Weekend [Remix] >>开始下载歌曲...
2020-05-28 11:18:35,877 - myapi - INFO - >>D:\music-down\netease\Eng♬\\downmp3\Alan Walker&Coldplay - Hymn For The Weekend [Remix].mp3 开始下载...
2020-05-28 11:18:39,448 - myapi - INFO - The Unbending Trees - You Are a Lover >>开始下载歌曲...
2020-05-28 11:18:39,448 - myapi - INFO - >>D:\music-down\netease\Eng♬\\downmp3\The Unbending Trees - You Are a Lover.mp3 开始下载...
2020-05-28 11:18:42,811 - myapi - INFO - Skylar Grey - Love The Way You Lie [Part III (Original Demo)] >>开始下载歌曲...
2020-05-28 11:18:42,812 - myapi - INFO - >>D:\music-down\netease\Eng♬\\downmp3\Skylar Grey - Love The Way You Lie [Part III (Original Demo)].mp3 开始下载...
2020-05-28 11:18:46,403 - myapi - INFO - Jasmine Thompson - Almost Lover >>开始下载歌曲...
2020-05-28 11:18:46,403 - myapi - INFO - >>D:\music-down\netease\Eng♬\\downmp3\Jasmine Thompson - Almost Lover.mp3 开始下载...
2020-05-28 11:18:50,169 - myapi - INFO - Austin Mahone&Rich Homie Quan - Send It  >>开始下载歌曲...
2020-05-28 11:18:50,169 - myapi - ERROR - >>mp3的下载地址无效，不进行下载.
2020-05-28 11:18:50,169 - myapi - INFO - Lost Frequencies&Janieck - Reality >>开始下载歌曲...
2020-05-28 11:18:50,169 - myapi - INFO - >>D:\music-down\netease\Eng♬\\downmp3\Lost Frequencies&Janieck - Reality.mp3 开始下载...
2020-05-28 11:18:52,829 - myapi - INFO - Ofenbach - You Don't Know Me >>开始下载歌曲...
2020-05-28 11:18:52,830 - myapi - ERROR - >>mp3的下载地址无效，不进行下载.
2020-05-28 11:18:52,830 - myapi - INFO - LVNDSCAPE&Kaptan - Walk Away >>开始下载歌曲...
2020-05-28 11:18:52,830 - myapi - INFO - >>D:\music-down\netease\Eng♬\\downmp3\LVNDSCAPE&Kaptan - Walk Away.mp3 开始下载...
2020-05-28 11:18:55,693 - myapi - INFO - Kait Weston - I Just Wanna Run >>开始下载歌曲...
2020-05-28 11:18:55,693 - myapi - INFO - >>D:\music-down\netease\Eng♬\\downmp3\Kait Weston - I Just Wanna Run.mp3 开始下载...
2020-05-28 11:18:59,113 - myapi - INFO - Jasmine Thompson - Let Her Go >>开始下载歌曲...
2020-05-28 11:18:59,113 - myapi - INFO - >>D:\music-down\netease\Eng♬\\downmp3\Jasmine Thompson - Let Her Go.mp3 开始下载...
2020-05-28 11:19:02,093 - myapi - INFO - P!nk - Try >>开始下载歌曲...
2020-05-28 11:19:02,093 - myapi - INFO - >>D:\music-down\netease\Eng♬\\downmp3\P!nk - Try.mp3 开始下载...
2020-05-28 11:19:06,218 - myapi - INFO - Joan Jett & the Blackhearts - I Hate Myself For Loving You >>开始下载歌曲...
2020-05-28 11:19:06,218 - myapi - INFO - >>D:\music-down\netease\Eng♬\\downmp3\Joan Jett & the Blackhearts - I Hate Myself For Loving You.mp3 开始下载...
2020-05-28 11:19:10,407 - myapi - INFO - Álvaro Soler - Sofía >>开始下载歌曲...
2020-05-28 11:19:10,407 - myapi - INFO - >>D:\music-down\netease\Eng♬\\downmp3\Álvaro Soler - Sofía.mp3 开始下载...
2020-05-28 11:19:13,559 - myapi - INFO - Greg Laswell - And Then You >>开始下载歌曲...
2020-05-28 11:19:13,559 - myapi - INFO - >>D:\music-down\netease\Eng♬\\downmp3\Greg Laswell - And Then You.mp3 开始下载...
2020-05-28 11:19:16,774 - myapi - INFO - Project 46&Olivia - Forgettable >>开始下载歌曲...
2020-05-28 11:19:16,774 - myapi - INFO - >>D:\music-down\netease\Eng♬\\downmp3\Project 46&Olivia - Forgettable.mp3 开始下载...
2020-05-28 11:19:19,672 - myapi - INFO - Marble Sounds - Ship In The Sand >>开始下载歌曲...
2020-05-28 11:19:19,672 - myapi - INFO - >>D:\music-down\netease\Eng♬\\downmp3\Marble Sounds - Ship In The Sand.mp3 开始下载...
2020-05-28 11:19:23,428 - myapi - INFO - Russian Red - Fuerteventura >>开始下载歌曲...
2020-05-28 11:19:23,428 - myapi - INFO - >>D:\music-down\netease\Eng♬\\downmp3\Russian Red - Fuerteventura.mp3 开始下载...
2020-05-28 11:19:25,510 - myapi - INFO - Luke Thompson - On a Slow Boat to China >>开始下载歌曲...
2020-05-28 11:19:25,510 - myapi - INFO - >>D:\music-down\netease\Eng♬\\downmp3\Luke Thompson - On a Slow Boat to China.mp3 开始下载...
2020-05-28 11:19:29,230 - myapi - INFO - Of Monsters And Men - Your Bones >>开始下载歌曲...
2020-05-28 11:19:29,230 - myapi - INFO - >>D:\music-down\netease\Eng♬\\downmp3\Of Monsters And Men - Your Bones.mp3 开始下载...
2020-05-28 11:19:33,109 - myapi - INFO - Neo Retros - Battles and Wastelands >>开始下载歌曲...
2020-05-28 11:19:33,109 - myapi - INFO - >>D:\music-down\netease\Eng♬\\downmp3\Neo Retros - Battles and Wastelands.mp3 开始下载...
2020-05-28 11:19:36,020 - myapi - INFO - Sean Lennon - Parachute >>开始下载歌曲...
2020-05-28 11:19:36,020 - myapi - INFO - >>D:\music-down\netease\Eng♬\\downmp3\Sean Lennon - Parachute.mp3 开始下载...
2020-05-28 11:19:38,984 - myapi - INFO - Kate Havnevik - Think Again >>开始下载歌曲...
2020-05-28 11:19:38,985 - myapi - INFO - >>D:\music-down\netease\Eng♬\\downmp3\Kate Havnevik - Think Again.mp3 开始下载...
2020-05-28 11:19:42,669 - myapi - INFO - Paris Brune - Mustang cabriolet >>开始下载歌曲...
2020-05-28 11:19:42,670 - myapi - INFO - >>D:\music-down\netease\Eng♬\\downmp3\Paris Brune - Mustang cabriolet.mp3 开始下载...
2020-05-28 11:19:46,213 - myapi - INFO - Family of the Year - Hero >>开始下载歌曲...
2020-05-28 11:19:46,213 - myapi - ERROR - >>mp3的下载地址无效，不进行下载.
2020-05-28 11:19:46,213 - myapi - INFO - Olly Murs - That Girl >>开始下载歌曲...
2020-05-28 11:19:46,213 - myapi - INFO - >>D:\music-down\netease\Eng♬\\downmp3\Olly Murs - That Girl.mp3 开始下载...
2020-05-28 11:19:48,932 - myapi - INFO - MONKEY MAJIK - Headlight >>开始下载歌曲...
2020-05-28 11:19:48,932 - myapi - ERROR - >>mp3的下载地址无效，不进行下载.
2020-05-28 11:19:48,932 - myapi - INFO - Damien Sargue&Philippe D'Avilla&Grégori Baquet - Les Rois Du Monde >>开始下载歌曲...
2020-05-28 11:19:48,933 - myapi - INFO - >>D:\music-down\netease\Eng♬\\downmp3\Damien Sargue&Philippe D'Avilla&Grégori Baquet - Les Rois Du Monde.mp3 开始下载...
2020-05-28 11:19:52,388 - myapi - INFO - Gérard Presgurvic - Les rois du monde >>开始下载歌曲...
2020-05-28 11:19:52,388 - myapi - INFO - >>D:\music-down\netease\Eng♬\\downmp3\Gérard Presgurvic - Les rois du monde.mp3 开始下载...
2020-05-28 11:19:55,946 - myapi - INFO - Tim Legend&Transviolet - Telescope >>开始下载歌曲...
2020-05-28 11:19:55,946 - myapi - INFO - >>D:\music-down\netease\Eng♬\\downmp3\Tim Legend&Transviolet - Telescope.mp3 开始下载...
2020-05-28 11:19:58,980 - myapi - INFO - Kygo&Selena Gomez - It Ain't Me >>开始下载歌曲...
2020-05-28 11:19:58,980 - myapi - INFO - >>D:\music-down\netease\Eng♬\\downmp3\Kygo&Selena Gomez - It Ain't Me.mp3 开始下载...
2020-05-28 11:20:02,325 - myapi - INFO - Sam Tsui&Kurt Hugo Schneider - Something Just Like This >>开始下载歌曲...
2020-05-28 11:20:02,325 - myapi - INFO - >>D:\music-down\netease\Eng♬\\downmp3\Sam Tsui&Kurt Hugo Schneider - Something Just Like This.mp3 开始下载...
2020-05-28 11:20:05,425 - myapi - INFO - Doug Paisley - No One But You >>开始下载歌曲...
2020-05-28 11:20:05,425 - myapi - INFO - >>D:\music-down\netease\Eng♬\\downmp3\Doug Paisley - No One But You.mp3 开始下载...
2020-05-28 11:20:08,400 - myapi - INFO - Catey Shaw - Revolution >>开始下载歌曲...
2020-05-28 11:20:08,400 - myapi - INFO - >>D:\music-down\netease\Eng♬\\downmp3\Catey Shaw - Revolution.mp3 开始下载...
2020-05-28 11:20:11,966 - myapi - INFO - Alex Goot&Megan Nicole - It Ain't Me >>开始下载歌曲...
2020-05-28 11:20:11,966 - myapi - INFO - >>D:\music-down\netease\Eng♬\\downmp3\Alex Goot&Megan Nicole - It Ain't Me.mp3 开始下载...
2020-05-28 11:20:14,816 - myapi - INFO - Alex Goot&MADILYN - Something Just Like This >>开始下载歌曲...
2020-05-28 11:20:14,816 - myapi - INFO - >>D:\music-down\netease\Eng♬\\downmp3\Alex Goot&MADILYN - Something Just Like This.mp3 开始下载...
2020-05-28 11:20:17,580 - myapi - INFO - Arash&Helena - Broken Angel >>开始下载歌曲...
2020-05-28 11:20:17,580 - myapi - ERROR - >>mp3的下载地址无效，不进行下载.
2020-05-28 11:20:17,580 - myapi - INFO - David Guetta&Justin Bieber - 2U >>开始下载歌曲...
2020-05-28 11:20:17,580 - myapi - ERROR - >>mp3的下载地址无效，不进行下载.
2020-05-28 11:20:17,580 - myapi - INFO - Anna F - Too Far >>开始下载歌曲...
2020-05-28 11:20:17,581 - myapi - INFO - >>D:\music-down\netease\Eng♬\\downmp3\Anna F - Too Far.mp3 开始下载...
2020-05-28 11:20:21,118 - myapi - INFO - Joel Hanson - Traveling Light >>开始下载歌曲...
2020-05-28 11:20:21,118 - myapi - INFO - >>D:\music-down\netease\Eng♬\\downmp3\Joel Hanson - Traveling Light.mp3 开始下载...
