2020-05-28 11:11:00,842 - netease - INFO - Enemy 数据获取中...
2020-05-28 11:11:01,026 - netease - INFO - Hall of Fame 数据获取中...
2020-05-28 11:11:01,180 - netease - INFO - Move Up (Lost Gravity) 数据获取中...
2020-05-28 11:11:01,335 - netease - INFO - Young And Beautiful 数据获取中...
2020-05-28 11:11:01,513 - netease - INFO - Where Is Your Love 数据获取中...
2020-05-28 11:11:01,682 - netease - INFO - Soldier 数据获取中...
2020-05-28 11:11:01,869 - netease - INFO - The New Kings 数据获取中...
2020-05-28 11:11:02,054 - netease - INFO - Counting Sheep 数据获取中...
2020-05-28 11:11:02,235 - netease - INFO - Walk Thru Fire 数据获取中...
2020-05-28 11:11:02,388 - netease - INFO - POPSTARS 数据获取中...
2020-05-28 11:11:02,566 - netease - INFO - This Town 数据获取中...
2020-05-28 11:11:02,764 - netease - INFO - Fly With The Wind 数据获取中...
2020-05-28 11:11:02,931 - netease - INFO - Everybody Knows I Love You 数据获取中...
2020-05-28 11:11:03,094 - netease - INFO - Heroes 数据获取中...
2020-05-28 11:11:03,240 - netease - INFO - Don't Look Down 数据获取中...
2020-05-28 11:11:03,420 - netease - INFO - This Is Our Time 数据获取中...
2020-05-28 11:11:03,578 - netease - INFO - Lily 数据获取中...
2020-05-28 11:11:03,746 - netease - INFO - Go Time 数据获取中...
2020-05-28 11:11:03,889 - netease - INFO - bad guy 数据获取中...
2020-05-28 11:11:04,047 - netease - INFO - Silver Scrapes 数据获取中...
2020-05-28 11:11:04,177 - netease - INFO - Legends Never Die 数据获取中...
2020-05-28 11:11:04,346 - netease - INFO - RISE 数据获取中...
2020-05-28 11:11:04,512 - netease - INFO - In The End（Haokun Remix） 数据获取中...
2020-05-28 11:11:04,679 - netease - INFO - Only Dreamers 数据获取中...
2020-05-28 11:11:04,840 - netease - INFO - Next To Me 数据获取中...
2020-05-28 11:11:04,991 - netease - INFO - she's all yours 数据获取中...
2020-05-28 11:11:05,181 - netease - INFO - Runaway 数据获取中...
2020-05-28 11:11:05,394 - netease - INFO - Must Be Something 数据获取中...
2020-05-28 11:11:05,577 - netease - INFO - Dancing With Your Ghost 数据获取中...
2020-05-28 11:11:05,755 - netease - INFO - Love You Like A Love Song 数据获取中...
2020-05-28 11:11:05,891 - netease - INFO - On My Way (ADMA Bootleg) (Bootleg) 数据获取中...
2020-05-28 11:11:06,054 - netease - INFO - Popularity 数据获取中...
2020-05-28 11:11:06,212 - netease - INFO - My Only One (No Hay Nadie Más) 数据获取中...
2020-05-28 11:11:06,365 - netease - INFO - The Spectre 数据获取中...
2020-05-28 11:11:06,539 - netease - INFO - Señorita 数据获取中...
2020-05-28 11:11:06,704 - netease - INFO - These Days (feat. Jess Glynne, Macklemore & Dan Caplen) 数据获取中...
2020-05-28 11:11:06,872 - netease - INFO - End Of The Night 数据获取中...
2020-05-28 11:11:07,062 - netease - INFO - Born to Love You 数据获取中...
2020-05-28 11:11:07,359 - netease - INFO - Lost Without You 数据获取中...
2020-05-28 11:11:07,551 - netease - INFO - Solo 数据获取中...
2020-05-28 11:11:07,719 - netease - INFO - Photograph 数据获取中...
2020-05-28 11:11:07,887 - netease - INFO - Counting Down To Christmas 数据获取中...
2020-05-28 11:11:08,061 - netease - INFO - New Rules (Vicetone Remix) 数据获取中...
2020-05-28 11:11:08,210 - netease - INFO - In My Blood 数据获取中...
2020-05-28 11:11:08,380 - netease - INFO - Coming Home 数据获取中...
2020-05-28 11:11:08,567 - netease - INFO - Unstoppable 数据获取中...
2020-05-28 11:11:08,752 - netease - INFO - Summer Vibe (Pegato Remix) 数据获取中...
2020-05-28 11:11:08,922 - netease - INFO - All I Need 数据获取中...
2020-05-28 11:11:09,089 - netease - INFO - Rags To Rings 数据获取中...
2020-05-28 11:11:09,283 - netease - INFO - Tidal Wave 数据获取中...
2020-05-28 11:11:09,450 - netease - INFO - Back to You 数据获取中...
2020-05-28 11:11:09,621 - netease - INFO - Brave 数据获取中...
2020-05-28 11:11:09,774 - netease - INFO - Pillow talk 数据获取中...
2020-05-28 11:11:09,938 - netease - INFO - How To Love  数据获取中...
2020-05-28 11:11:10,213 - netease - INFO - Are You With Me 数据获取中...
2020-05-28 11:11:10,482 - netease - INFO - Tired 数据获取中...
2020-05-28 11:11:10,635 - netease - INFO - Don't Leave Me (Ne Me Quitte Pas) 数据获取中...
2020-05-28 11:11:10,868 - netease - INFO - Step Off 数据获取中...
2020-05-28 11:11:11,027 - netease - INFO - Stay (Felix Cartal Remix) 数据获取中...
2020-05-28 11:11:11,214 - netease - INFO - In A Tree 数据获取中...
2020-05-28 11:11:11,401 - netease - INFO - Undo 数据获取中...
2020-05-28 11:11:11,567 - netease - INFO - Save the World 数据获取中...
2020-05-28 11:11:11,760 - netease - INFO - Loser 数据获取中...
2020-05-28 11:11:11,918 - netease - INFO - 3 Wishes 数据获取中...
2020-05-28 11:11:12,076 - netease - INFO - Can We Dance 数据获取中...
2020-05-28 11:11:12,224 - netease - INFO - Viva La Vida 数据获取中...
2020-05-28 11:11:12,384 - netease - INFO - Coming Home (A.N.O. Remix) 数据获取中...
2020-05-28 11:11:12,547 - netease - INFO - Raindrops 数据获取中...
2020-05-28 11:11:12,685 - netease - INFO - Cut 数据获取中...
2020-05-28 11:11:12,860 - netease - INFO - La Da Dee 数据获取中...
2020-05-28 11:11:13,060 - netease - INFO - liability (demo) 数据获取中...
2020-05-28 11:11:13,237 - netease - INFO - Try Everything 数据获取中...
2020-05-28 11:11:13,378 - netease - INFO - Six Feet Under 数据获取中...
2020-05-28 11:11:13,619 - netease - INFO - Only One 数据获取中...
2020-05-28 11:11:13,778 - netease - INFO - All Falls Down 数据获取中...
2020-05-28 11:11:13,989 - netease - INFO - Havana 数据获取中...
2020-05-28 11:11:14,148 - netease - INFO - Nevada (feat. Cozi Zuehlsdorff) 数据获取中...
2020-05-28 11:11:14,291 - netease - INFO - Skin 数据获取中...
2020-05-28 11:11:14,482 - netease - INFO - Down 数据获取中...
2020-05-28 11:11:14,628 - netease - INFO - Prepare for Disappointment 数据获取中...
2020-05-28 11:11:14,790 - netease - INFO - Hymn For The Weekend [Remix] 数据获取中...
2020-05-28 11:11:14,978 - netease - INFO - You Are a Lover 数据获取中...
2020-05-28 11:11:15,123 - netease - INFO - Love The Way You Lie [Part III (Original Demo)] 数据获取中...
2020-05-28 11:11:15,270 - netease - INFO - Almost Lover 数据获取中...
2020-05-28 11:11:15,425 - netease - INFO - Send It  数据获取中...
2020-05-28 11:11:15,573 - netease - INFO - Reality 数据获取中...
2020-05-28 11:11:15,707 - netease - INFO - You Don't Know Me 数据获取中...
2020-05-28 11:11:15,887 - netease - INFO - Walk Away 数据获取中...
2020-05-28 11:11:16,042 - netease - INFO - I Just Wanna Run 数据获取中...
2020-05-28 11:11:16,189 - netease - INFO - Let Her Go 数据获取中...
2020-05-28 11:11:16,359 - netease - INFO - Try 数据获取中...
2020-05-28 11:11:16,542 - netease - INFO - I Hate Myself For Loving You 数据获取中...
2020-05-28 11:11:16,718 - netease - INFO - Sofía 数据获取中...
2020-05-28 11:11:16,886 - netease - INFO - And Then You 数据获取中...
2020-05-28 11:11:17,065 - netease - INFO - Forgettable 数据获取中...
2020-05-28 11:11:17,260 - netease - INFO - Ship In The Sand 数据获取中...
2020-05-28 11:11:17,433 - netease - INFO - Fuerteventura 数据获取中...
2020-05-28 11:11:17,574 - netease - INFO - On a Slow Boat to China 数据获取中...
2020-05-28 11:11:17,739 - netease - INFO - Your Bones 数据获取中...
2020-05-28 11:11:17,892 - netease - INFO - Battles and Wastelands 数据获取中...
2020-05-28 11:11:18,050 - netease - INFO - Parachute 数据获取中...
2020-05-28 11:11:18,223 - netease - INFO - Think Again 数据获取中...
2020-05-28 11:11:18,407 - netease - INFO - Mustang cabriolet 数据获取中...
2020-05-28 11:11:18,601 - netease - INFO - Hero 数据获取中...
2020-05-28 11:11:18,772 - netease - INFO - That Girl 数据获取中...
2020-05-28 11:11:18,942 - netease - INFO - Headlight 数据获取中...
2020-05-28 11:11:19,080 - netease - INFO - Les Rois Du Monde 数据获取中...
2020-05-28 11:11:19,259 - netease - INFO - Les rois du monde 数据获取中...
2020-05-28 11:11:19,396 - netease - INFO - Telescope 数据获取中...
2020-05-28 11:11:19,569 - netease - INFO - It Ain't Me 数据获取中...
2020-05-28 11:11:19,728 - netease - INFO - Something Just Like This 数据获取中...
2020-05-28 11:11:19,903 - netease - INFO - No One But You 数据获取中...
2020-05-28 11:11:20,059 - netease - INFO - Revolution 数据获取中...
2020-05-28 11:11:20,239 - netease - INFO - It Ain't Me 数据获取中...
2020-05-28 11:11:20,414 - netease - INFO - Something Just Like This 数据获取中...
2020-05-28 11:11:20,585 - netease - INFO - Broken Angel 数据获取中...
2020-05-28 11:11:20,800 - netease - INFO - 2U 数据获取中...
2020-05-28 11:11:20,968 - netease - INFO - Too Far 数据获取中...
2020-05-28 11:11:21,130 - netease - INFO - Traveling Light 数据获取中...
2020-05-28 11:11:21,300 - netease - INFO - Whistle 数据获取中...
2020-05-28 11:11:21,465 - netease - INFO - The Lazy Song 数据获取中...
2020-05-28 11:11:21,647 - netease - INFO - Marry You 数据获取中...
2020-05-28 11:11:21,811 - netease - INFO - Just the Way You Are 数据获取中...
2020-05-28 11:11:21,969 - netease - INFO - Lone Ranger 数据获取中...
2020-05-28 11:11:22,151 - netease - INFO - Jocelin 数据获取中...
2020-05-28 11:11:22,296 - netease - INFO - Walk on By 数据获取中...
2020-05-28 11:11:22,463 - netease - INFO - Lov3 Ngẫu Hứng 数据获取中...
2020-05-28 11:11:22,648 - netease - INFO - On The Floor 数据获取中...
2020-05-28 11:11:22,819 - netease - INFO - Where'd You Go 数据获取中...
2020-05-28 11:11:22,999 - netease - INFO - We Don't Talk Anymore（Cover Charlie Puth&Selena Gomez） 数据获取中...
2020-05-28 11:11:23,154 - netease - INFO - Try 数据获取中...
2020-05-28 11:11:23,312 - netease - INFO - Yellow 数据获取中...
2020-05-28 11:11:23,476 - netease - INFO - Flower Dance 数据获取中...
2020-05-28 11:11:23,644 - netease - INFO - If I Die Young 数据获取中...
2020-05-28 11:11:23,813 - netease - INFO - Breath and Life 数据获取中...
2020-05-28 11:11:23,970 - netease - INFO - I Just Wanna Run 数据获取中...
2020-05-28 11:11:24,138 - netease - INFO - Faded 数据获取中...
2020-05-28 11:11:24,295 - netease - INFO - I Am Me Once More 数据获取中...
2020-05-28 11:11:24,484 - myapi - INFO - json文件写入中...
2020-05-28 11:11:24,522 - myapi - INFO - json文件写入完成.
2020-05-28 11:11:24,522 - myapi - INFO - Jennifer March - Enemy >>开始下载歌曲...
2020-05-28 11:11:24,522 - myapi - INFO - >>D:\music-down\netease\Eng♬\\downmp3\Jennifer March - Enemy.mp3 开始下载...
2020-05-28 11:11:24,522 - myapi - ERROR -  D:\music-down\netease\Eng♬\\downmp3\Jennifer March - Enemy.mp3 文件已存在.
2020-05-28 11:11:24,523 - myapi - ERROR -  D:\music-down\netease\Eng♬\\downpic\Jennifer March - Enemy.jpg 文件已存在.
2020-05-28 11:11:24,523 - myapi - ERROR -  D:\music-down\netease\Eng♬\\downmp3\Jennifer March - Enemy.lrc 文件已存在.
2020-05-28 11:11:25,215 - myapi - INFO - The Script&will.i.am - Hall of Fame >>开始下载歌曲...
2020-05-28 11:11:25,215 - myapi - INFO - >>D:\music-down\netease\Eng♬\\downmp3\The Script&will.i.am - Hall of Fame.mp3 开始下载...
2020-05-28 11:11:25,216 - myapi - ERROR -  D:\music-down\netease\Eng♬\\downmp3\The Script&will.i.am - Hall of Fame.mp3 文件已存在.
2020-05-28 11:11:25,216 - myapi - ERROR -  D:\music-down\netease\Eng♬\\downpic\The Script&will.i.am - Hall of Fame.jpg 文件已存在.
2020-05-28 11:11:25,216 - myapi - ERROR -  D:\music-down\netease\Eng♬\\downmp3\The Script&will.i.am - Hall of Fame.lrc 文件已存在.
2020-05-28 11:11:25,804 - myapi - INFO - Mr. Polska - Move Up (Lost Gravity) >>开始下载歌曲...
2020-05-28 11:11:25,804 - myapi - INFO - >>D:\music-down\netease\Eng♬\\downmp3\Mr. Polska - Move Up (Lost Gravity).mp3 开始下载...
2020-05-28 11:11:25,804 - myapi - ERROR -  D:\music-down\netease\Eng♬\\downmp3\Mr. Polska - Move Up (Lost Gravity).mp3 文件已存在.
2020-05-28 11:11:25,805 - myapi - ERROR -  D:\music-down\netease\Eng♬\\downpic\Mr. Polska - Move Up (Lost Gravity).jpg 文件已存在.
2020-05-28 11:11:25,805 - myapi - ERROR -  D:\music-down\netease\Eng♬\\downmp3\Mr. Polska - Move Up (Lost Gravity).lrc 文件已存在.
2020-05-28 11:11:26,281 - myapi - INFO - Lana Del Rey - Young And Beautiful >>开始下载歌曲...
2020-05-28 11:11:26,281 - myapi - INFO - >>D:\music-down\netease\Eng♬\\downmp3\Lana Del Rey - Young And Beautiful.mp3 开始下载...
2020-05-28 11:11:26,281 - myapi - ERROR -  D:\music-down\netease\Eng♬\\downmp3\Lana Del Rey - Young And Beautiful.mp3 文件已存在.
2020-05-28 11:11:26,281 - myapi - ERROR -  D:\music-down\netease\Eng♬\\downpic\Lana Del Rey - Young And Beautiful.jpg 文件已存在.
2020-05-28 11:11:26,281 - myapi - ERROR -  D:\music-down\netease\Eng♬\\downmp3\Lana Del Rey - Young And Beautiful.lrc 文件已存在.
2020-05-28 11:11:26,788 - myapi - INFO - J. Lisk - Where Is Your Love >>开始下载歌曲...
2020-05-28 11:11:26,789 - myapi - INFO - >>D:\music-down\netease\Eng♬\\downmp3\J. Lisk - Where Is Your Love.mp3 开始下载...
2020-05-28 11:11:26,789 - myapi - ERROR -  D:\music-down\netease\Eng♬\\downmp3\J. Lisk - Where Is Your Love.mp3 文件已存在.
2020-05-28 11:11:26,789 - myapi - ERROR -  D:\music-down\netease\Eng♬\\downpic\J. Lisk - Where Is Your Love.jpg 文件已存在.
2020-05-28 11:11:26,789 - myapi - ERROR -  D:\music-down\netease\Eng♬\\downmp3\J. Lisk - Where Is Your Love.lrc 文件已存在.
2020-05-28 11:11:27,229 - myapi - INFO - Samantha Jade - Soldier >>开始下载歌曲...
2020-05-28 11:11:27,229 - myapi - INFO - >>D:\music-down\netease\Eng♬\\downmp3\Samantha Jade - Soldier.mp3 开始下载...
2020-05-28 11:11:27,229 - myapi - ERROR -  D:\music-down\netease\Eng♬\\downmp3\Samantha Jade - Soldier.mp3 文件已存在.
2020-05-28 11:11:27,229 - myapi - ERROR -  D:\music-down\netease\Eng♬\\downpic\Samantha Jade - Soldier.jpg 文件已存在.
2020-05-28 11:11:27,229 - myapi - ERROR -  D:\music-down\netease\Eng♬\\downmp3\Samantha Jade - Soldier.lrc 文件已存在.
2020-05-28 11:11:27,650 - myapi - INFO - Vicetone&Popeska&Luciana - The New Kings >>开始下载歌曲...
2020-05-28 11:11:27,650 - myapi - INFO - >>D:\music-down\netease\Eng♬\\downmp3\Vicetone&Popeska&Luciana - The New Kings.mp3 开始下载...
2020-05-28 11:11:27,650 - myapi - ERROR -  D:\music-down\netease\Eng♬\\downmp3\Vicetone&Popeska&Luciana - The New Kings.mp3 文件已存在.
2020-05-28 11:11:27,650 - myapi - ERROR -  D:\music-down\netease\Eng♬\\downpic\Vicetone&Popeska&Luciana - The New Kings.jpg 文件已存在.
2020-05-28 11:11:27,651 - myapi - ERROR -  D:\music-down\netease\Eng♬\\downmp3\Vicetone&Popeska&Luciana - The New Kings.lrc 文件已存在.
2020-05-28 11:11:28,183 - myapi - INFO - SAFIA - Counting Sheep >>开始下载歌曲...
2020-05-28 11:11:28,183 - myapi - INFO - >>D:\music-down\netease\Eng♬\\downmp3\SAFIA - Counting Sheep.mp3 开始下载...
2020-05-28 11:11:28,184 - myapi - ERROR -  D:\music-down\netease\Eng♬\\downmp3\SAFIA - Counting Sheep.mp3 文件已存在.
2020-05-28 11:11:28,184 - myapi - ERROR -  D:\music-down\netease\Eng♬\\downpic\SAFIA - Counting Sheep.jpg 文件已存在.
2020-05-28 11:11:28,184 - myapi - ERROR -  D:\music-down\netease\Eng♬\\downmp3\SAFIA - Counting Sheep.lrc 文件已存在.
2020-05-28 11:11:28,565 - myapi - INFO - Vicetone&Meron Ryan - Walk Thru Fire >>开始下载歌曲...
2020-05-28 11:11:28,565 - myapi - INFO - >>D:\music-down\netease\Eng♬\\downmp3\Vicetone&Meron Ryan - Walk Thru Fire.mp3 开始下载...
2020-05-28 11:11:28,565 - myapi - ERROR -  D:\music-down\netease\Eng♬\\downmp3\Vicetone&Meron Ryan - Walk Thru Fire.mp3 文件已存在.
2020-05-28 11:11:28,565 - myapi - ERROR -  D:\music-down\netease\Eng♬\\downpic\Vicetone&Meron Ryan - Walk Thru Fire.jpg 文件已存在.
2020-05-28 11:11:28,565 - myapi - ERROR -  D:\music-down\netease\Eng♬\\downmp3\Vicetone&Meron Ryan - Walk Thru Fire.lrc 文件已存在.
2020-05-28 11:11:28,926 - myapi - INFO - Madison Beer&(G)I-DLE&Jaira Burns - POPSTARS >>开始下载歌曲...
2020-05-28 11:11:28,926 - myapi - INFO - >>D:\music-down\netease\Eng♬\\downmp3\Madison Beer&(G)I-DLE&Jaira Burns - POPSTARS.mp3 开始下载...
2020-05-28 11:11:28,926 - myapi - ERROR -  D:\music-down\netease\Eng♬\\downmp3\Madison Beer&(G)I-DLE&Jaira Burns - POPSTARS.mp3 文件已存在.
2020-05-28 11:11:28,926 - myapi - ERROR -  D:\music-down\netease\Eng♬\\downpic\Madison Beer&(G)I-DLE&Jaira Burns - POPSTARS.jpg 文件已存在.
2020-05-28 11:11:28,926 - myapi - ERROR -  D:\music-down\netease\Eng♬\\downmp3\Madison Beer&(G)I-DLE&Jaira Burns - POPSTARS.lrc 文件已存在.
2020-05-28 11:11:29,262 - myapi - INFO - Kygo&Sasha Sloan - This Town >>开始下载歌曲...
2020-05-28 11:11:29,262 - myapi - INFO - >>D:\music-down\netease\Eng♬\\downmp3\Kygo&Sasha Sloan - This Town.mp3 开始下载...
2020-05-28 11:11:29,262 - myapi - ERROR -  D:\music-down\netease\Eng♬\\downmp3\Kygo&Sasha Sloan - This Town.mp3 文件已存在.
2020-05-28 11:11:29,262 - myapi - ERROR -  D:\music-down\netease\Eng♬\\downpic\Kygo&Sasha Sloan - This Town.jpg 文件已存在.
2020-05-28 11:11:29,262 - myapi - ERROR -  D:\music-down\netease\Eng♬\\downmp3\Kygo&Sasha Sloan - This Town.lrc 文件已存在.
2020-05-28 11:11:29,794 - myapi - INFO - BaeChiGi&Punch - Fly With The Wind >>开始下载歌曲...
2020-05-28 11:11:29,794 - myapi - INFO - >>D:\music-down\netease\Eng♬\\downmp3\BaeChiGi&Punch - Fly With The Wind.mp3 开始下载...
2020-05-28 11:11:29,794 - myapi - ERROR -  D:\music-down\netease\Eng♬\\downmp3\BaeChiGi&Punch - Fly With The Wind.mp3 文件已存在.
2020-05-28 11:11:29,795 - myapi - ERROR -  D:\music-down\netease\Eng♬\\downpic\BaeChiGi&Punch - Fly With The Wind.jpg 文件已存在.
2020-05-28 11:11:29,795 - myapi - ERROR -  D:\music-down\netease\Eng♬\\downmp3\BaeChiGi&Punch - Fly With The Wind.lrc 文件已存在.
2020-05-28 11:11:30,184 - myapi - INFO - Lovebugs - Everybody Knows I Love You >>开始下载歌曲...
2020-05-28 11:11:30,184 - myapi - INFO - >>D:\music-down\netease\Eng♬\\downmp3\Lovebugs - Everybody Knows I Love You.mp3 开始下载...
2020-05-28 11:11:30,184 - myapi - ERROR -  D:\music-down\netease\Eng♬\\downmp3\Lovebugs - Everybody Knows I Love You.mp3 文件已存在.
2020-05-28 11:11:30,185 - myapi - ERROR -  D:\music-down\netease\Eng♬\\downpic\Lovebugs - Everybody Knows I Love You.jpg 文件已存在.
2020-05-28 11:11:30,185 - myapi - ERROR -  D:\music-down\netease\Eng♬\\downmp3\Lovebugs - Everybody Knows I Love You.lrc 文件已存在.
2020-05-28 11:11:30,623 - myapi - INFO - Zayde Wølf - Heroes >>开始下载歌曲...
2020-05-28 11:11:30,623 - myapi - INFO - >>D:\music-down\netease\Eng♬\\downmp3\Zayde Wølf - Heroes.mp3 开始下载...
2020-05-28 11:11:30,624 - myapi - ERROR -  D:\music-down\netease\Eng♬\\downmp3\Zayde Wølf - Heroes.mp3 文件已存在.
2020-05-28 11:11:30,624 - myapi - ERROR -  D:\music-down\netease\Eng♬\\downpic\Zayde Wølf - Heroes.jpg 文件已存在.
2020-05-28 11:11:30,624 - myapi - ERROR -  D:\music-down\netease\Eng♬\\downmp3\Zayde Wølf - Heroes.lrc 文件已存在.
2020-05-28 11:11:31,050 - myapi - INFO - Hidden Citizens&Erin McCarley - Don't Look Down >>开始下载歌曲...
2020-05-28 11:11:31,050 - myapi - INFO - >>D:\music-down\netease\Eng♬\\downmp3\Hidden Citizens&Erin McCarley - Don't Look Down.mp3 开始下载...
2020-05-28 11:11:31,050 - myapi - ERROR -  D:\music-down\netease\Eng♬\\downmp3\Hidden Citizens&Erin McCarley - Don't Look Down.mp3 文件已存在.
2020-05-28 11:11:31,050 - myapi - ERROR -  D:\music-down\netease\Eng♬\\downpic\Hidden Citizens&Erin McCarley - Don't Look Down.jpg 文件已存在.
2020-05-28 11:11:31,050 - myapi - ERROR -  D:\music-down\netease\Eng♬\\downmp3\Hidden Citizens&Erin McCarley - Don't Look Down.lrc 文件已存在.
2020-05-28 11:11:31,506 - myapi - INFO - Hidden Citizens&Rånya - This Is Our Time >>开始下载歌曲...
2020-05-28 11:11:31,506 - myapi - INFO - >>D:\music-down\netease\Eng♬\\downmp3\Hidden Citizens&Rånya - This Is Our Time.mp3 开始下载...
2020-05-28 11:11:31,506 - myapi - ERROR -  D:\music-down\netease\Eng♬\\downmp3\Hidden Citizens&Rånya - This Is Our Time.mp3 文件已存在.
2020-05-28 11:11:31,506 - myapi - ERROR -  D:\music-down\netease\Eng♬\\downpic\Hidden Citizens&Rånya - This Is Our Time.jpg 文件已存在.
2020-05-28 11:11:31,507 - myapi - ERROR -  D:\music-down\netease\Eng♬\\downmp3\Hidden Citizens&Rånya - This Is Our Time.lrc 文件已存在.
2020-05-28 11:11:31,971 - myapi - INFO - Alan Walker&K-391&Emelie Hollow - Lily >>开始下载歌曲...
2020-05-28 11:11:31,972 - myapi - INFO - >>D:\music-down\netease\Eng♬\\downmp3\Alan Walker&K-391&Emelie Hollow - Lily.mp3 开始下载...
2020-05-28 11:11:31,972 - myapi - ERROR -  D:\music-down\netease\Eng♬\\downmp3\Alan Walker&K-391&Emelie Hollow - Lily.mp3 文件已存在.
2020-05-28 11:11:31,972 - myapi - ERROR -  D:\music-down\netease\Eng♬\\downpic\Alan Walker&K-391&Emelie Hollow - Lily.jpg 文件已存在.
2020-05-28 11:11:31,972 - myapi - ERROR -  D:\music-down\netease\Eng♬\\downmp3\Alan Walker&K-391&Emelie Hollow - Lily.lrc 文件已存在.
2020-05-28 11:11:32,583 - myapi - INFO - Mark Petrie - Go Time >>开始下载歌曲...
2020-05-28 11:11:32,583 - myapi - INFO - >>D:\music-down\netease\Eng♬\\downmp3\Mark Petrie - Go Time.mp3 开始下载...
2020-05-28 11:11:32,583 - myapi - ERROR -  D:\music-down\netease\Eng♬\\downmp3\Mark Petrie - Go Time.mp3 文件已存在.
2020-05-28 11:11:32,584 - myapi - ERROR -  D:\music-down\netease\Eng♬\\downpic\Mark Petrie - Go Time.jpg 文件已存在.
2020-05-28 11:11:32,584 - myapi - ERROR -  D:\music-down\netease\Eng♬\\downmp3\Mark Petrie - Go Time.lrc 文件已存在.
2020-05-28 11:11:33,299 - myapi - INFO - Billie Eilish - bad guy >>开始下载歌曲...
2020-05-28 11:11:33,300 - myapi - INFO - >>D:\music-down\netease\Eng♬\\downmp3\Billie Eilish - bad guy.mp3 开始下载...
2020-05-28 11:11:33,300 - myapi - ERROR -  D:\music-down\netease\Eng♬\\downmp3\Billie Eilish - bad guy.mp3 文件已存在.
2020-05-28 11:11:33,301 - myapi - ERROR -  D:\music-down\netease\Eng♬\\downpic\Billie Eilish - bad guy.jpg 文件已存在.
2020-05-28 11:11:33,301 - myapi - ERROR -  D:\music-down\netease\Eng♬\\downmp3\Billie Eilish - bad guy.lrc 文件已存在.
2020-05-28 11:11:33,892 - myapi - INFO - 英雄联盟&Danny McCarthy - Silver Scrapes >>开始下载歌曲...
2020-05-28 11:11:33,892 - myapi - INFO - >>D:\music-down\netease\Eng♬\\downmp3\英雄联盟&Danny McCarthy - Silver Scrapes.mp3 开始下载...
2020-05-28 11:11:33,892 - myapi - ERROR -  D:\music-down\netease\Eng♬\\downmp3\英雄联盟&Danny McCarthy - Silver Scrapes.mp3 文件已存在.
2020-05-28 11:11:33,892 - myapi - ERROR -  D:\music-down\netease\Eng♬\\downpic\英雄联盟&Danny McCarthy - Silver Scrapes.jpg 文件已存在.
2020-05-28 11:11:33,892 - myapi - ERROR -  D:\music-down\netease\Eng♬\\downmp3\英雄联盟&Danny McCarthy - Silver Scrapes.lrc 文件已存在.
2020-05-28 11:11:34,329 - myapi - INFO - Against the Current - Legends Never Die >>开始下载歌曲...
2020-05-28 11:11:34,329 - myapi - INFO - >>D:\music-down\netease\Eng♬\\downmp3\Against the Current - Legends Never Die.mp3 开始下载...
2020-05-28 11:11:34,329 - myapi - ERROR -  D:\music-down\netease\Eng♬\\downmp3\Against the Current - Legends Never Die.mp3 文件已存在.
2020-05-28 11:11:34,329 - myapi - ERROR -  D:\music-down\netease\Eng♬\\downpic\Against the Current - Legends Never Die.jpg 文件已存在.
2020-05-28 11:11:34,329 - myapi - ERROR -  D:\music-down\netease\Eng♬\\downmp3\Against the Current - Legends Never Die.lrc 文件已存在.
2020-05-28 11:11:34,890 - myapi - INFO - The Glitch Mob&Mako&The Word Alive - RISE >>开始下载歌曲...
2020-05-28 11:11:34,890 - myapi - INFO - >>D:\music-down\netease\Eng♬\\downmp3\The Glitch Mob&Mako&The Word Alive - RISE.mp3 开始下载...
2020-05-28 11:11:34,890 - myapi - ERROR -  D:\music-down\netease\Eng♬\\downmp3\The Glitch Mob&Mako&The Word Alive - RISE.mp3 文件已存在.
2020-05-28 11:11:34,890 - myapi - ERROR -  D:\music-down\netease\Eng♬\\downpic\The Glitch Mob&Mako&The Word Alive - RISE.jpg 文件已存在.
2020-05-28 11:11:34,890 - myapi - ERROR -  D:\music-down\netease\Eng♬\\downmp3\The Glitch Mob&Mako&The Word Alive - RISE.lrc 文件已存在.
2020-05-28 11:11:35,335 - myapi - INFO - RoiMarch - In The End（Haokun Remix） >>开始下载歌曲...
2020-05-28 11:11:35,335 - myapi - INFO - >>D:\music-down\netease\Eng♬\\downmp3\RoiMarch - In The End（Haokun Remix）.mp3 开始下载...
2020-05-28 11:11:35,335 - myapi - ERROR -  D:\music-down\netease\Eng♬\\downmp3\RoiMarch - In The End（Haokun Remix）.mp3 文件已存在.
2020-05-28 11:11:35,335 - myapi - ERROR -  D:\music-down\netease\Eng♬\\downpic\RoiMarch - In The End（Haokun Remix）.jpg 文件已存在.
2020-05-28 11:11:35,336 - myapi - ERROR -  D:\music-down\netease\Eng♬\\downmp3\RoiMarch - In The End（Haokun Remix）.lrc 文件已存在.
2020-05-28 11:11:35,789 - myapi - INFO - Helene Fischer - Only Dreamers >>开始下载歌曲...
2020-05-28 11:11:35,789 - myapi - INFO - >>D:\music-down\netease\Eng♬\\downmp3\Helene Fischer - Only Dreamers.mp3 开始下载...
2020-05-28 11:11:35,790 - myapi - ERROR -  D:\music-down\netease\Eng♬\\downmp3\Helene Fischer - Only Dreamers.mp3 文件已存在.
2020-05-28 11:11:35,790 - myapi - ERROR -  D:\music-down\netease\Eng♬\\downpic\Helene Fischer - Only Dreamers.jpg 文件已存在.
2020-05-28 11:11:35,790 - myapi - ERROR -  D:\music-down\netease\Eng♬\\downmp3\Helene Fischer - Only Dreamers.lrc 文件已存在.
2020-05-28 11:11:36,268 - myapi - INFO - Axel Johansson&Tina Stachowiak - Next To Me >>开始下载歌曲...
2020-05-28 11:11:36,269 - myapi - INFO - >>D:\music-down\netease\Eng♬\\downmp3\Axel Johansson&Tina Stachowiak - Next To Me.mp3 开始下载...
2020-05-28 11:11:36,269 - myapi - ERROR -  D:\music-down\netease\Eng♬\\downmp3\Axel Johansson&Tina Stachowiak - Next To Me.mp3 文件已存在.
2020-05-28 11:11:36,269 - myapi - ERROR -  D:\music-down\netease\Eng♬\\downpic\Axel Johansson&Tina Stachowiak - Next To Me.jpg 文件已存在.
2020-05-28 11:11:36,269 - myapi - ERROR -  D:\music-down\netease\Eng♬\\downmp3\Axel Johansson&Tina Stachowiak - Next To Me.lrc 文件已存在.
