2020-05-28 11:20:29,302 - netease - INFO - Enemy 数据获取中...
2020-05-28 11:20:29,479 - netease - INFO - Hall of Fame 数据获取中...
2020-05-28 11:20:29,641 - netease - INFO - Move Up (Lost Gravity) 数据获取中...
2020-05-28 11:20:29,830 - netease - INFO - Young And Beautiful 数据获取中...
2020-05-28 11:20:30,001 - netease - INFO - Where Is Your Love 数据获取中...
2020-05-28 11:20:30,169 - netease - INFO - Soldier 数据获取中...
2020-05-28 11:20:30,332 - netease - INFO - The New Kings 数据获取中...
2020-05-28 11:20:30,482 - netease - INFO - Counting Sheep 数据获取中...
2020-05-28 11:20:30,633 - netease - INFO - Walk Thru Fire 数据获取中...
2020-05-28 11:20:30,780 - netease - INFO - POPSTARS 数据获取中...
2020-05-28 11:20:30,945 - netease - INFO - This Town 数据获取中...
2020-05-28 11:20:31,076 - netease - INFO - Fly With The Wind 数据获取中...
2020-05-28 11:20:31,238 - netease - INFO - Everybody Knows I Love You 数据获取中...
2020-05-28 11:20:31,393 - netease - INFO - Heroes 数据获取中...
2020-05-28 11:20:31,535 - netease - INFO - Don't Look Down 数据获取中...
2020-05-28 11:20:31,800 - netease - INFO - This Is Our Time 数据获取中...
2020-05-28 11:20:31,951 - netease - INFO - Lily 数据获取中...
2020-05-28 11:20:32,100 - netease - INFO - Go Time 数据获取中...
2020-05-28 11:20:32,258 - netease - INFO - bad guy 数据获取中...
2020-05-28 11:20:32,423 - netease - INFO - Silver Scrapes 数据获取中...
2020-05-28 11:20:32,552 - netease - INFO - Legends Never Die 数据获取中...
2020-05-28 11:20:32,693 - netease - INFO - RISE 数据获取中...
2020-05-28 11:20:32,860 - netease - INFO - In The End（Haokun Remix） 数据获取中...
2020-05-28 11:20:33,029 - netease - INFO - Only Dreamers 数据获取中...
2020-05-28 11:20:33,197 - netease - INFO - Next To Me 数据获取中...
2020-05-28 11:20:33,361 - netease - INFO - she's all yours 数据获取中...
2020-05-28 11:20:33,653 - netease - INFO - Runaway 数据获取中...
2020-05-28 11:20:33,792 - netease - INFO - Must Be Something 数据获取中...
2020-05-28 11:20:33,961 - netease - INFO - Dancing With Your Ghost 数据获取中...
2020-05-28 11:20:34,121 - netease - INFO - Love You Like A Love Song 数据获取中...
2020-05-28 11:20:34,293 - netease - INFO - On My Way (ADMA Bootleg) (Bootleg) 数据获取中...
2020-05-28 11:20:34,440 - netease - INFO - Popularity 数据获取中...
2020-05-28 11:20:34,595 - netease - INFO - My Only One (No Hay Nadie Más) 数据获取中...
2020-05-28 11:20:34,749 - netease - INFO - The Spectre 数据获取中...
2020-05-28 11:20:34,892 - netease - INFO - Señorita 数据获取中...
2020-05-28 11:20:35,048 - netease - INFO - These Days (feat. Jess Glynne, Macklemore & Dan Caplen) 数据获取中...
2020-05-28 11:20:35,205 - netease - INFO - End Of The Night 数据获取中...
2020-05-28 11:20:35,367 - netease - INFO - Born to Love You 数据获取中...
2020-05-28 11:20:35,518 - netease - INFO - Lost Without You 数据获取中...
2020-05-28 11:20:35,656 - netease - INFO - Solo 数据获取中...
2020-05-28 11:20:35,795 - netease - INFO - Photograph 数据获取中...
2020-05-28 11:20:35,948 - netease - INFO - Counting Down To Christmas 数据获取中...
2020-05-28 11:20:36,105 - netease - INFO - New Rules (Vicetone Remix) 数据获取中...
2020-05-28 11:20:36,254 - netease - INFO - In My Blood 数据获取中...
2020-05-28 11:20:36,411 - netease - INFO - Coming Home 数据获取中...
2020-05-28 11:20:36,566 - netease - INFO - Unstoppable 数据获取中...
2020-05-28 11:20:36,773 - netease - INFO - Summer Vibe (Pegato Remix) 数据获取中...
2020-05-28 11:20:36,939 - netease - INFO - All I Need 数据获取中...
2020-05-28 11:20:37,098 - netease - INFO - Rags To Rings 数据获取中...
2020-05-28 11:20:37,263 - netease - INFO - Tidal Wave 数据获取中...
2020-05-28 11:20:37,410 - netease - INFO - Back to You 数据获取中...
2020-05-28 11:20:37,598 - netease - INFO - Brave 数据获取中...
2020-05-28 11:20:37,748 - netease - INFO - Pillow talk 数据获取中...
2020-05-28 11:20:37,923 - netease - INFO - How To Love  数据获取中...
2020-05-28 11:20:38,076 - netease - INFO - Are You With Me 数据获取中...
2020-05-28 11:20:38,240 - netease - INFO - Tired 数据获取中...
2020-05-28 11:20:38,387 - netease - INFO - Don't Leave Me (Ne Me Quitte Pas) 数据获取中...
2020-05-28 11:20:38,542 - netease - INFO - Step Off 数据获取中...
2020-05-28 11:20:38,685 - netease - INFO - Stay (Felix Cartal Remix) 数据获取中...
2020-05-28 11:20:38,853 - netease - INFO - In A Tree 数据获取中...
2020-05-28 11:20:39,000 - netease - INFO - Undo 数据获取中...
2020-05-28 11:20:39,135 - netease - INFO - Save the World 数据获取中...
2020-05-28 11:20:39,289 - netease - INFO - Loser 数据获取中...
2020-05-28 11:20:39,449 - netease - INFO - 3 Wishes 数据获取中...
2020-05-28 11:20:39,602 - netease - INFO - Can We Dance 数据获取中...
