2020-05-28 13:41:05,821 - netease - INFO -  search 开始爬虫...
2020-05-28 13:41:14,690 - netease - INFO -  search 爬虫完成.
2020-05-28 13:41:14,691 - myapi - INFO - json文件写入中...
2020-05-28 13:41:14,694 - myapi - INFO - json文件写入完成.
2020-05-28 13:41:14,696 - myapi - INFO - >>D:\music-down\netease\薛之谦\\downmp3\薛之谦&郁可唯 - 纸船.mp3 开始下载...
2020-05-28 13:41:19,441 - myapi - INFO - >>D:\music-down\netease\薛之谦\\downmp3\薛之谦 - 下雨了.mp3 开始下载...
2020-05-28 13:41:24,093 - myapi - INFO - >>D:\music-down\netease\薛之谦\\downmp3\薛之谦 - 其实.mp3 开始下载...
2020-05-28 13:41:27,558 - myapi - INFO - >>D:\music-down\netease\薛之谦\\downmp3\薛之谦 - 我好像在哪见过你.mp3 开始下载...
2020-05-28 13:41:32,048 - myapi - INFO - >>D:\music-down\netease\薛之谦\\downmp3\薛之谦 - 演员.mp3 开始下载...
2020-05-28 13:41:35,971 - myapi - INFO - >>D:\music-down\netease\薛之谦\\downmp3\薛之谦 - 刚刚好.mp3 开始下载...
2020-05-28 13:41:40,112 - myapi - INFO - >>D:\music-down\netease\薛之谦\\downmp3\薛之谦 - 意外.mp3 开始下载...
2020-05-28 13:41:44,250 - myapi - INFO - >>D:\music-down\netease\薛之谦\\downmp3\薛之谦 - 绅士.mp3 开始下载...
2020-05-28 13:41:48,629 - myapi - INFO - >>D:\music-down\netease\薛之谦\\downmp3\薛之谦 - 怪咖.mp3 开始下载...
2020-05-28 13:42:02,002 - myapi - INFO - >>D:\music-down\netease\薛之谦\\downmp3\薛之谦 - 动物世界.mp3 开始下载...
2020-05-28 13:42:06,309 - myapi - INFO - >>D:\music-down\netease\薛之谦\\downmp3\薛之谦 - 你还要我怎样.mp3 开始下载...
2020-05-28 13:42:10,683 - myapi - INFO - >>D:\music-down\netease\薛之谦\\downmp3\薛之谦 - 认真的雪.mp3 开始下载...
2020-05-28 13:42:15,758 - myapi - INFO - >>D:\music-down\netease\薛之谦\\downmp3\薛之谦 - 暧昧.mp3 开始下载...
2020-05-28 13:42:21,592 - myapi - INFO - >>D:\music-down\netease\薛之谦\\downmp3\薛之谦 - 方圆几里.mp3 开始下载...
2020-05-28 13:42:25,423 - myapi - INFO - >>D:\music-down\netease\薛之谦\\downmp3\薛之谦 - 摩天大楼 (Live).mp3 开始下载...
2020-05-28 13:42:29,126 - myapi - INFO - >>D:\music-down\netease\薛之谦\\downmp3\薛之谦 - 别.mp3 开始下载...
2020-05-28 13:42:33,969 - myapi - INFO - >>D:\music-down\netease\薛之谦\\downmp3\薛之谦 - 天份.mp3 开始下载...
2020-05-28 13:42:47,279 - myapi - INFO - >>D:\music-down\netease\薛之谦\\downmp3\薛之谦 - 一半.mp3 开始下载...
2020-05-28 13:42:51,499 - myapi - INFO - >>D:\music-down\netease\薛之谦\\downmp3\薛之谦 - 像风一样.mp3 开始下载...
2020-05-28 13:42:56,579 - myapi - INFO - >>D:\music-down\netease\薛之谦\\downmp3\薛之谦 - 陪你去流浪.mp3 开始下载...
2020-05-28 13:43:17,716 - myapi - INFO - >>D:\music-down\netease\薛之谦\\downmp3\薛之谦 - 丑八怪.mp3 开始下载...
2020-05-28 13:43:21,468 - myapi - INFO - >>D:\music-down\netease\薛之谦\\downmp3\薛之谦 - 哑巴.mp3 开始下载...
2020-05-28 13:43:35,168 - myapi - INFO - >>D:\music-down\netease\薛之谦\\downmp3\薛之谦 - 木偶人.mp3 开始下载...
2020-05-28 13:43:59,053 - myapi - INFO - >>D:\music-down\netease\薛之谦\\downmp3\薛之谦 - 笑场.mp3 开始下载...
2020-05-28 13:44:20,014 - myapi - INFO - >>D:\music-down\netease\薛之谦\\downmp3\薛之谦&刘惜君 - 聊表心意.mp3 开始下载...
2020-05-28 13:44:42,809 - myapi - INFO - >>D:\music-down\netease\薛之谦\\downmp3\薛之谦 - 那是你离开了北京的生活.mp3 开始下载...
2020-05-28 13:44:56,975 - myapi - INFO - >>D:\music-down\netease\薛之谦\\downmp3\薛之谦 - 违背的青春.mp3 开始下载...
2020-05-28 13:45:13,185 - myapi - INFO - >>D:\music-down\netease\薛之谦\\downmp3\薛之谦 - 最好.mp3 开始下载...
2020-05-28 13:45:26,936 - myapi - INFO - >>D:\music-down\netease\薛之谦\\downmp3\薛之谦&黄龄 - 来日方长.mp3 开始下载...
2020-05-28 13:45:30,388 - myapi - INFO - >>D:\music-down\netease\薛之谦\\downmp3\薛之谦 - 病态.mp3 开始下载...
2020-05-28 13:45:51,624 - myapi - INFO - >>D:\music-down\netease\薛之谦\\downmp3\薛之谦 - 高尚.mp3 开始下载...
2020-05-28 13:45:58,622 - myapi - INFO - >>D:\music-down\netease\薛之谦\\downmp3\薛之谦 - 刚刚好.mp3 开始下载...
2020-05-28 13:45:58,622 - myapi - ERROR -  D:\music-down\netease\薛之谦\\downmp3\薛之谦 - 刚刚好.mp3 文件已存在.
2020-05-28 13:45:58,622 - myapi - ERROR -  D:\music-down\netease\薛之谦\\downpic\薛之谦 - 刚刚好.jpg 文件已存在.
2020-05-28 13:45:58,622 - myapi - ERROR -  D:\music-down\netease\薛之谦\\downlyric\薛之谦 - 刚刚好.lrc 文件已存在.
2020-05-28 13:45:59,063 - myapi - INFO - >>D:\music-down\netease\薛之谦\\downmp3\薛之谦 - 我害怕.mp3 开始下载...
2020-05-28 13:46:03,896 - myapi - INFO - >>D:\music-down\netease\薛之谦\\downmp3\薛之谦 - 肆无忌惮.mp3 开始下载...
2020-05-28 13:46:17,394 - myapi - INFO - >>D:\music-down\netease\薛之谦\\downmp3\薛之谦 - 狐狸.mp3 开始下载...
2020-05-28 13:46:30,411 - myapi - INFO - >>D:\music-down\netease\薛之谦\\downmp3\薛之谦 - 等我回家.mp3 开始下载...
2020-05-28 13:46:34,797 - myapi - INFO - >>D:\music-down\netease\薛之谦\\downmp3\薛之谦 - 慢半拍.mp3 开始下载...
2020-05-28 13:46:55,435 - myapi - INFO - >>D:\music-down\netease\薛之谦\\downmp3\薛之谦 - 有没有.mp3 开始下载...
2020-05-28 13:46:59,300 - myapi - INFO - >>D:\music-down\netease\薛之谦\\downmp3\薛之谦 - 骆驼.mp3 开始下载...
2020-05-28 13:47:04,434 - myapi - INFO - >>D:\music-down\netease\薛之谦\\downmp3\薛之谦 - 初学者.mp3 开始下载...
2020-05-28 13:47:09,128 - myapi - INFO - >>D:\music-down\netease\薛之谦\\downmp3\薛之谦 - 这么久没见.mp3 开始下载...
2020-05-28 13:47:30,520 - myapi - INFO - >>D:\music-down\netease\薛之谦\\downmp3\薛之谦 - 几个你.mp3 开始下载...
2020-05-28 13:47:36,286 - myapi - INFO - >>D:\music-down\netease\薛之谦\\downmp3\薛之谦 - 为了遇见你.mp3 开始下载...
2020-05-28 13:47:41,288 - myapi - INFO - >>D:\music-down\netease\薛之谦\\downmp3\薛之谦 - 摩天大楼.mp3 开始下载...
2020-05-28 13:47:54,144 - myapi - INFO - >>D:\music-down\netease\薛之谦\\downmp3\薛之谦 - 我知道你都知道.mp3 开始下载...
2020-05-28 13:48:00,054 - myapi - INFO - >>D:\music-down\netease\薛之谦\\downmp3\薛之谦 - 背过手.mp3 开始下载...
2020-05-28 13:48:05,181 - myapi - INFO - >>D:\music-down\netease\薛之谦\\downmp3\薛之谦 - 配合.mp3 开始下载...
2020-05-28 13:48:25,623 - myapi - INFO - >>D:\music-down\netease\薛之谦\\downmp3\薛之谦 - 尘.mp3 开始下载...
2020-05-28 13:48:47,583 - myapi - INFO - >>D:\music-down\netease\薛之谦\\downmp3\薛之谦 - 花儿和少年.mp3 开始下载...
2020-05-28 13:48:53,031 - myapi - INFO - >>D:\music-down\netease\薛之谦\\downmp3\薛之谦 - 小孩.mp3 开始下载...
2020-05-28 13:48:57,988 - netease - INFO -  search 开始爬虫...
2020-05-28 13:49:14,548 - netease - INFO -  search 爬虫完成.
2020-05-28 13:49:14,549 - myapi - INFO - json文件写入中...
2020-05-28 13:49:14,552 - myapi - INFO - json文件写入完成.
2020-05-28 13:49:14,554 - myapi - INFO - >>D:\music-down\netease\五月天\\downmp3\五月天 - 拥抱.mp3 开始下载...
2020-05-28 13:49:20,844 - myapi - INFO - >>D:\music-down\netease\五月天\\downmp3\五月天 - 温柔.mp3 开始下载...
2020-05-28 13:49:24,782 - myapi - INFO - >>D:\music-down\netease\五月天\\downmp3\五月天 - 知足.mp3 开始下载...
2020-05-28 13:49:28,371 - myapi - INFO - >>D:\music-down\netease\五月天\\downmp3\五月天 - 拥抱.mp3 开始下载...
2020-05-28 13:49:28,371 - myapi - ERROR -  D:\music-down\netease\五月天\\downmp3\五月天 - 拥抱.mp3 文件已存在.
2020-05-28 13:49:28,371 - myapi - ERROR -  D:\music-down\netease\五月天\\downpic\五月天 - 拥抱.jpg 文件已存在.
2020-05-28 13:49:28,371 - myapi - ERROR -  D:\music-down\netease\五月天\\downlyric\五月天 - 拥抱.lrc 文件已存在.
2020-05-28 13:49:28,426 - myapi - INFO - >>D:\music-down\netease\五月天\\downmp3\五月天 - 倔强.mp3 开始下载...
2020-05-28 13:49:32,316 - myapi - ERROR - >> D:\music-down\netease\五月天\\downmp3\林俊杰&五月天 - 黑暗骑士.mp3 的下载地址无效.
2020-05-28 13:49:32,316 - myapi - INFO - >>D:\music-down\netease\五月天\\downmp3\五月天 - 恋爱ing.mp3 开始下载...
2020-05-28 13:49:34,789 - myapi - INFO - >>D:\music-down\netease\五月天\\downmp3\五月天 - 第一天.mp3 开始下载...
2020-05-28 13:49:38,628 - myapi - INFO - >>D:\music-down\netease\五月天\\downmp3\五月天 - 志明与春娇.mp3 开始下载...
2020-05-28 13:49:42,848 - myapi - ERROR - >> D:\music-down\netease\五月天\\downmp3\林俊杰&五月天 - 黑暗骑士.mp3 的下载地址无效.
2020-05-28 13:49:42,848 - myapi - INFO - >>D:\music-down\netease\五月天\\downmp3\S.H.E&五月天 - 伤心的人别听慢歌 (Live).mp3 开始下载...
2020-05-28 13:49:46,405 - myapi - INFO - >>D:\music-down\netease\五月天\\downmp3\五月天 - 时光机.mp3 开始下载...
2020-05-28 13:49:49,635 - myapi - INFO - >>D:\music-down\netease\五月天\\downmp3\林宥嘉&五月天 - 离开地球表面  (Live).mp3 开始下载...
2020-05-28 13:49:53,904 - myapi - INFO - >>D:\music-down\netease\五月天\\downmp3\五月天 - 一颗苹果.mp3 开始下载...
2020-05-28 13:49:56,660 - myapi - INFO - >>D:\music-down\netease\五月天\\downmp3\五月天 - 听不到.mp3 开始下载...
2020-05-28 13:50:01,097 - myapi - INFO - >>D:\music-down\netease\五月天\\downmp3\五月天 - 咸鱼.mp3 开始下载...
2020-05-28 13:50:05,311 - myapi - INFO - >>D:\music-down\netease\五月天\\downmp3\五月天 - 温柔 (还你自由版).mp3 开始下载...
2020-05-28 13:50:11,010 - myapi - INFO - >>D:\music-down\netease\五月天\\downmp3\五月天 - 人生海海.mp3 开始下载...
2020-05-28 13:50:15,334 - myapi - INFO - >>D:\music-down\netease\五月天\\downmp3\五月天 - 孙悟空.mp3 开始下载...
2020-05-28 13:50:19,094 - myapi - INFO - >>D:\music-down\netease\五月天\\downmp3\五月天 - 彩虹.mp3 开始下载...
2020-05-28 13:50:23,695 - myapi - INFO - >>D:\music-down\netease\五月天\\downmp3\五月天 - 让我照顾你.mp3 开始下载...
2020-05-28 13:50:27,255 - myapi - INFO - >>D:\music-down\netease\五月天\\downmp3\五月天 - 爱情的模样.mp3 开始下载...
2020-05-28 13:50:31,769 - myapi - INFO - >>D:\music-down\netease\五月天\\downmp3\五月天 - 超人.mp3 开始下载...
2020-05-28 13:50:35,696 - myapi - INFO - >>D:\music-down\netease\五月天\\downmp3\五月天 - 而我知道.mp3 开始下载...
2020-05-28 13:50:39,417 - myapi - INFO - >>D:\music-down\netease\五月天\\downmp3\五月天 - 牙关.mp3 开始下载...
2020-05-28 13:50:44,046 - myapi - INFO - >>D:\music-down\netease\五月天\\downmp3\五月天 - 错错错.mp3 开始下载...
2020-05-28 13:50:47,752 - myapi - INFO - >>D:\music-down\netease\五月天\\downmp3\五月天 - 燕尾蝶 (Live).mp3 开始下载...
2020-05-28 13:50:52,328 - myapi - INFO - >>D:\music-down\netease\五月天\\downmp3\五月天 - 憨人.mp3 开始下载...
2020-05-28 13:50:56,142 - myapi - INFO - >>D:\music-down\netease\五月天\\downmp3\五月天 - 纯真.mp3 开始下载...
2020-05-28 13:51:00,121 - myapi - INFO - >>D:\music-down\netease\五月天\\downmp3\五月天 - 回来吧.mp3 开始下载...
2020-05-28 13:51:04,145 - myapi - INFO - >>D:\music-down\netease\五月天\\downmp3\五月天 - 生命有一种绝对.mp3 开始下载...
2020-05-28 13:51:07,973 - myapi - INFO - >>D:\music-down\netease\五月天\\downmp3\八三夭&五月天 - 干啦干啦.mp3 开始下载...
2020-05-28 13:51:11,409 - myapi - INFO - >>D:\music-down\netease\五月天\\downmp3\五月天 - 倔强.mp3 开始下载...
2020-05-28 13:51:11,409 - myapi - ERROR -  D:\music-down\netease\五月天\\downmp3\五月天 - 倔强.mp3 文件已存在.
2020-05-28 13:51:11,409 - myapi - ERROR -  D:\music-down\netease\五月天\\downpic\五月天 - 倔强.jpg 文件已存在.
2020-05-28 13:51:11,409 - myapi - ERROR -  D:\music-down\netease\五月天\\downlyric\五月天 - 倔强.lrc 文件已存在.
2020-05-28 13:51:11,417 - myapi - INFO - >>D:\music-down\netease\五月天\\downmp3\五月天 - 垃圾车.mp3 开始下载...
2020-05-28 13:51:15,411 - myapi - INFO - >>D:\music-down\netease\五月天\\downmp3\五月天 - 拥抱.mp3 开始下载...
2020-05-28 13:51:15,411 - myapi - ERROR -  D:\music-down\netease\五月天\\downmp3\五月天 - 拥抱.mp3 文件已存在.
2020-05-28 13:51:15,412 - myapi - ERROR -  D:\music-down\netease\五月天\\downpic\五月天 - 拥抱.jpg 文件已存在.
2020-05-28 13:51:15,412 - myapi - ERROR -  D:\music-down\netease\五月天\\downlyric\五月天 - 拥抱.lrc 文件已存在.
2020-05-28 13:51:15,509 - myapi - INFO - >>D:\music-down\netease\五月天\\downmp3\五月天 - 我们 (时时刻刻).mp3 开始下载...
2020-05-28 13:51:19,735 - myapi - INFO - >>D:\music-down\netease\五月天\\downmp3\五月天 - 志明与春娇.mp3 开始下载...
2020-05-28 13:51:19,735 - myapi - ERROR -  D:\music-down\netease\五月天\\downmp3\五月天 - 志明与春娇.mp3 文件已存在.
2020-05-28 13:51:19,735 - myapi - ERROR -  D:\music-down\netease\五月天\\downpic\五月天 - 志明与春娇.jpg 文件已存在.
2020-05-28 13:51:19,736 - myapi - ERROR -  D:\music-down\netease\五月天\\downlyric\五月天 - 志明与春娇.lrc 文件已存在.
2020-05-28 13:51:19,742 - myapi - INFO - >>D:\music-down\netease\五月天\\downmp3\五月天 - 疯狂世界.mp3 开始下载...
2020-05-28 13:51:22,659 - myapi - INFO - >>D:\music-down\netease\五月天\\downmp3\五月天 - 恒星的恒心.mp3 开始下载...
2020-05-28 13:51:26,536 - myapi - INFO - >>D:\music-down\netease\五月天\\downmp3\S.H.E&五月天 - 离开地球表面 (Live).mp3 开始下载...
2020-05-28 13:51:31,510 - myapi - INFO - >>D:\music-down\netease\五月天\\downmp3\五月天 - 嘿！我要走了.mp3 开始下载...
2020-05-28 13:51:35,351 - myapi - INFO - >>D:\music-down\netease\五月天\\downmp3\五月天 - 好不好.mp3 开始下载...
2020-05-28 13:51:39,125 - myapi - INFO - >>D:\music-down\netease\五月天\\downmp3\刘若英&五月天 - 旅行的意义  崇拜  把悲伤留给自己 (Live).mp3 开始下载...
2020-05-28 13:51:46,547 - myapi - INFO - >>D:\music-down\netease\五月天\\downmp3\五月天 - 温柔 (Live).mp3 开始下载...
2020-05-28 13:51:54,938 - myapi - INFO - >>D:\music-down\netease\五月天\\downmp3\五月天 - 相信.mp3 开始下载...
2020-05-28 13:51:59,611 - myapi - INFO - >>D:\music-down\netease\五月天\\downmp3\五月天 - 候鸟.mp3 开始下载...
2020-05-28 13:52:04,886 - myapi - INFO - >>D:\music-down\netease\五月天\\downmp3\五月天 - 倔强 (Live).mp3 开始下载...
2020-05-28 13:52:10,029 - myapi - INFO - >>D:\music-down\netease\五月天\\downmp3\谭咏麟&五月天 - 脱胎换骨.mp3 开始下载...
2020-05-28 13:52:14,106 - myapi - INFO - >>D:\music-down\netease\五月天\\downmp3\五月天 - 九号球.mp3 开始下载...
2020-05-28 13:52:18,370 - myapi - INFO - >>D:\music-down\netease\五月天\\downmp3\五月天 - 终结孤单.mp3 开始下载...
