2020-05-28 13:21:48,620 - netease - INFO -  getSongfromCd 开始爬虫...
2020-05-28 13:21:54,087 - netease - INFO -  getSongfromCd 爬虫完成.
2020-05-28 13:21:54,088 - myapi - INFO - json文件写入中...
2020-05-28 13:21:54,090 - myapi - INFO - json文件写入完成.
2020-05-28 13:21:54,091 - myapi - INFO - >>D:\music-down\netease\Kor^^\\downmp3\阿YueYue&李蚊香 - 清醒梦(Right Now) -【当你沉睡时OST】（Cover Monogram）.mp3 开始下载...
2020-05-28 13:21:57,339 - myapi - INFO - >>D:\music-down\netease\Kor^^\\downmp3\D.Mao&ANNI.7 - 幻听(환청)（Cover 张在仁  NaShow）.mp3 开始下载...
2020-05-28 13:22:01,056 - myapi - INFO - >>D:\music-down\netease\Kor^^\\downmp3\Punch - 가끔 이러다.mp3 开始下载...
2020-05-28 13:22:04,633 - myapi - INFO - >>D:\music-down\netease\Kor^^\\downmp3\Rocoberry - 안녕, 가을아.mp3 开始下载...
2020-05-28 13:22:07,904 - myapi - INFO - >>D:\music-down\netease\Kor^^\\downmp3\BEAT WIN - 태양이 뜨면.mp3 开始下载...
2020-05-28 13:22:11,010 - myapi - INFO - >>D:\music-down\netease\Kor^^\\downmp3\敏雅 - 니가 내가.mp3 开始下载...
2020-05-28 13:22:13,581 - myapi - INFO - >>D:\music-down\netease\Kor^^\\downmp3\申彗星&LYn - 사랑…후에.mp3 开始下载...
2020-05-28 13:22:17,112 - myapi - INFO - >>D:\music-down\netease\Kor^^\\downmp3\Vvvina - 你能听到我的心吗（Cover 李夏怡 Epik High）.mp3 开始下载...
2020-05-28 13:22:20,749 - myapi - INFO - >>D:\music-down\netease\Kor^^\\downmp3\ZER0 - 너를 위해（为了你）【步步惊心丽OST】原唱：CHEN伯贤XIUMIN.mp3 开始下载...
2020-05-28 13:22:23,607 - myapi - INFO - >>D:\music-down\netease\Kor^^\\downmp3\MC 梦&Sweden Laundry - 죽을만큼 아파서 Part.2.mp3 开始下载...
2020-05-28 13:22:27,249 - myapi - INFO - >>D:\music-down\netease\Kor^^\\downmp3\Yangpa&DAViCHi&Hanna - 사랑은 다 그런거래요.mp3 开始下载...
2020-05-28 13:22:30,686 - myapi - INFO - >>D:\music-down\netease\Kor^^\\downmp3\Zico - 아무노래.mp3 开始下载...
2020-05-28 13:22:34,330 - myapi - INFO - >>D:\music-down\netease\Kor^^\\downmp3\IU - 마음을 드려요.mp3 开始下载...
2020-05-28 13:22:43,061 - myapi - INFO - >>D:\music-down\netease\Kor^^\\downmp3\BTOB - 너 없인 안 된다.mp3 开始下载...
2020-05-28 13:22:46,363 - myapi - INFO - >>D:\music-down\netease\Kor^^\\downmp3\C.A.R.L&杨怡琳 - 자각몽（清醒梦）-《当你沉睡时》（Cover 모노그램）.mp3 开始下载...
2020-05-28 13:22:49,702 - myapi - INFO - >>D:\music-down\netease\Kor^^\\downmp3\C.A.R.L&RuDi - Done For Me（翻自 Punch） .mp3 开始下载...
2020-05-28 13:22:53,217 - myapi - INFO - >>D:\music-down\netease\Kor^^\\downmp3\C.A.R.L&噜迪 - 미로 (迷宫)-《当你沉睡时》（Cover 김나영（金娜英））.mp3 开始下载...
2020-05-28 13:22:56,466 - myapi - ERROR - >> D:\music-down\netease\Kor^^\\downmp3\再见 大海 - 별 빛이 내린다.mp3 的下载地址无效.
2020-05-28 13:22:56,466 - myapi - INFO - >>D:\music-down\netease\Kor^^\\downmp3\朵蜜天女JOY - Blue（Cover 脸红的思春期）.mp3 开始下载...
2020-05-28 13:22:59,245 - myapi - INFO - >>D:\music-down\netease\Kor^^\\downmp3\朵蜜天女JOY - You(=I)（Cover 脸红的思春期）.mp3 开始下载...
2020-05-28 13:23:01,966 - myapi - INFO - >>D:\music-down\netease\Kor^^\\downmp3\朵蜜天女JOY - 썸 탈꺼야 (some)（Cover 脸红的思春期）.mp3 开始下载...
2020-05-28 13:23:04,789 - myapi - INFO - >>D:\music-down\netease\Kor^^\\downmp3\Punch - Love is You.mp3 开始下载...
2020-05-28 13:23:07,983 - myapi - INFO - >>D:\music-down\netease\Kor^^\\downmp3\C.A.R.L&RuDi - Another Day （德鲁纳酒店）（翻自 Punch） .mp3 开始下载...
2020-05-28 13:23:11,294 - myapi - INFO - >>D:\music-down\netease\Kor^^\\downmp3\C.A.R.L&Rudi - 별 (星) - 阿尔罕布拉宫的回忆.mp3 开始下载...
2020-05-28 13:23:14,131 - myapi - INFO - >>D:\music-down\netease\Kor^^\\downmp3\C.A.R.L&噜迪 - 当夜晚来临-《当你沉睡时》（Cover 金正焕）.mp3 开始下载...
2020-05-28 13:23:17,457 - myapi - INFO - >>D:\music-down\netease\Kor^^\\downmp3\C.A.R.L&Rudi - 나라는 꿈（翻自 조이） .mp3 开始下载...
2020-05-28 13:23:20,646 - myapi - INFO - >>D:\music-down\netease\Kor^^\\downmp3\IU&金昌万 - 너의 의미.mp3 开始下载...
2020-05-28 13:23:23,610 - myapi - ERROR - >> D:\music-down\netease\Kor^^\\downmp3\骑自行车的风景 - 너에게 난, 나에게 넌.mp3 的下载地址无效.
2020-05-28 13:23:23,610 - myapi - INFO - >>D:\music-down\netease\Kor^^\\downmp3\李承哲 - 그런 사람 또 없습니다.mp3 开始下载...
2020-05-28 13:23:27,056 - myapi - INFO - >>D:\music-down\netease\Kor^^\\downmp3\Supreme Team&永俊 - 그땐 그땐 그땐.mp3 开始下载...
2020-05-28 13:23:30,935 - myapi - ERROR - >> D:\music-down\netease\Kor^^\\downmp3\Crush&Punch - 잠 못드는 밤 .mp3 的下载地址无效.
2020-05-28 13:23:30,935 - myapi - INFO - >>D:\music-down\netease\Kor^^\\downmp3\脸红的思春期 - 드림.mp3 开始下载...
2020-05-28 13:23:34,852 - myapi - INFO - >>D:\music-down\netease\Kor^^\\downmp3\Epik High&南太铉 - SPOILER [JAPANESE MIX].mp3 开始下载...
2020-05-28 13:23:38,907 - netease - INFO -  getSongfromCd 开始爬虫...
2020-05-28 13:23:45,229 - netease - INFO -  getSongfromCd 爬虫完成.
2020-05-28 13:23:45,232 - myapi - INFO - json文件写入中...
2020-05-28 13:23:45,234 - myapi - INFO - json文件写入完成.
2020-05-28 13:23:45,236 - myapi - INFO - >>D:\music-down\netease\Jan♭\\downmp3\SoulJa&青山テルマ - ここにいるよ.mp3 开始下载...
2020-05-28 13:23:50,719 - myapi - INFO - >>D:\music-down\netease\Jan♭\\downmp3\Stella quintet - CRESCENDO.mp3 开始下载...
2020-05-28 13:23:54,715 - myapi - INFO - >>D:\music-down\netease\Jan♭\\downmp3\SoulJa - そばにいるね.mp3 开始下载...
2020-05-28 13:23:59,334 - myapi - INFO - >>D:\music-down\netease\Jan♭\\downmp3\SoulJa - rain.mp3 开始下载...
2020-05-28 13:24:03,918 - myapi - INFO - >>D:\music-down\netease\Jan♭\\downmp3\SoulJa&青山テルマ - ここにいるよ.mp3 开始下载...
2020-05-28 13:24:03,918 - myapi - ERROR -  D:\music-down\netease\Jan♭\\downmp3\SoulJa&青山テルマ - ここにいるよ.mp3 文件已存在.
2020-05-28 13:24:03,918 - myapi - ERROR -  D:\music-down\netease\Jan♭\\downpic\SoulJa&青山テルマ - ここにいるよ.jpg 文件已存在.
2020-05-28 13:24:03,918 - myapi - ERROR -  D:\music-down\netease\Jan♭\\downlyric\SoulJa&青山テルマ - ここにいるよ.lrc 文件已存在.
2020-05-28 13:24:03,928 - myapi - INFO - >>D:\music-down\netease\Jan♭\\downmp3\沢井美空 - なきむし。.mp3 开始下载...
2020-05-28 13:24:08,301 - myapi - INFO - >>D:\music-down\netease\Jan♭\\downmp3\Aimer - 星屑ビーナス.mp3 开始下载...
2020-05-28 13:24:12,041 - myapi - INFO - >>D:\music-down\netease\Jan♭\\downmp3\JAY'ED&Ms.OOJA - また君と.mp3 开始下载...
2020-05-28 13:24:15,550 - myapi - ERROR - >> D:\music-down\netease\Jan♭\\downmp3\dream - My will.mp3 的下载地址无效.
2020-05-28 13:24:15,550 - myapi - INFO - >>D:\music-down\netease\Jan♭\\downmp3\J. Lisk - Where Is Your Love.mp3 开始下载...
2020-05-28 13:24:17,984 - myapi - INFO - >>D:\music-down\netease\Jan♭\\downmp3\梶浦由記 - Will.mp3 开始下载...
2020-05-28 13:24:21,021 - myapi - INFO - >>D:\music-down\netease\Jan♭\\downmp3\梶浦由記 - Melody.mp3 开始下载...
2020-05-28 13:24:23,010 - myapi - INFO - >>D:\music-down\netease\Jan♭\\downmp3\Emily Bindiger - everytime you kissed me.mp3 开始下载...
2020-05-28 13:24:27,848 - myapi - INFO - >>D:\music-down\netease\Jan♭\\downmp3\DAOKO&米津玄師 - 打上花火.mp3 开始下载...
2020-05-28 13:24:32,184 - myapi - INFO - >>D:\music-down\netease\Jan♭\\downmp3\いきものがかり - YELL.mp3 开始下载...
2020-05-28 13:24:37,736 - myapi - ERROR - >> D:\music-down\netease\Jan♭\\downmp3\ラムジ - PLANET.mp3 的下载地址无效.
2020-05-28 13:24:37,736 - myapi - INFO - >>D:\music-down\netease\Jan♭\\downmp3\のぶなが - 深海少女.mp3 开始下载...
2020-05-28 13:24:41,385 - myapi - INFO - >>D:\music-down\netease\Jan♭\\downmp3\mol-74 - フローイング.mp3 开始下载...
2020-05-28 13:24:45,423 - myapi - INFO - >>D:\music-down\netease\Jan♭\\downmp3\ワカバ - 明日、僕は君に会いに行く。.mp3 开始下载...
2020-05-28 13:24:49,150 - myapi - INFO - >>D:\music-down\netease\Jan♭\\downmp3\當山みれい - 願い~あの頃のキミへ~.mp3 开始下载...
2020-05-28 13:24:54,603 - myapi - ERROR - >> D:\music-down\netease\Jan♭\\downmp3\majiko - アイロニ.mp3 的下载地址无效.
2020-05-28 13:24:54,603 - myapi - INFO - >>D:\music-down\netease\Jan♭\\downmp3\7!! - オレンジ (Acoustic Ver.).mp3 开始下载...
2020-05-28 13:24:59,365 - myapi - INFO - >>D:\music-down\netease\Jan♭\\downmp3\カノン - Brand New Breeze.mp3 开始下载...
2020-05-28 13:25:02,948 - myapi - INFO - >>D:\music-down\netease\Jan♭\\downmp3\riya - 小さなてのひら.mp3 开始下载...
2020-05-28 13:25:07,802 - myapi - INFO - >>D:\music-down\netease\Jan♭\\downmp3\Aimer - Refrain.mp3 开始下载...
2020-05-28 13:25:12,000 - myapi - INFO - >>D:\music-down\netease\Jan♭\\downmp3\Aimer - カタオモイ.mp3 开始下载...
2020-05-28 13:25:14,998 - myapi - INFO - >>D:\music-down\netease\Jan♭\\downmp3\米津玄師 - Lemon.mp3 开始下载...
2020-05-28 13:25:19,239 - myapi - INFO - >>D:\music-down\netease\Jan♭\\downmp3\Aimer - あなたに出会わなければ~夏雪冬花~.mp3 开始下载...
2020-05-28 13:25:25,035 - myapi - INFO - >>D:\music-down\netease\Jan♭\\downmp3\中山真斗 - 手つかずの感情.mp3 开始下载...
2020-05-28 13:25:27,544 - myapi - INFO - >>D:\music-down\netease\Jan♭\\downmp3\和田薫 - 时代を超える想い2.mp3 开始下载...
2020-05-28 13:25:30,021 - myapi - INFO - >>D:\music-down\netease\Jan♭\\downmp3\藤田麻衣子 - ねぇ.mp3 开始下载...
2020-05-28 13:25:34,547 - myapi - ERROR - >> D:\music-down\netease\Jan♭\\downmp3\高橋美鈴&西本麻里&石沢晶&土屋さゆり - ムーンライト伝説.mp3 的下载地址无效.
2020-05-28 13:25:34,547 - myapi - INFO - >>D:\music-down\netease\Jan♭\\downmp3\有澤孝紀 - SE集「ムーンライト伝説」アレンジ.mp3 开始下载...
2020-05-28 13:25:36,077 - myapi - INFO - >>D:\music-down\netease\Jan♭\\downmp3\ONOFF - ふたつの鼓动と赤い罪.mp3 开始下载...
2020-05-28 13:25:39,882 - myapi - INFO - >>D:\music-down\netease\Jan♭\\downmp3\小坂明子 - エピローグ(ムーンライト伝説).mp3 开始下载...
2020-05-28 13:25:40,403 - myapi - INFO - >>D:\music-down\netease\Jan♭\\downmp3\redballoon - 雪のツバサ.mp3 开始下载...
2020-05-28 13:25:43,698 - myapi - INFO - >>D:\music-down\netease\Jan♭\\downmp3\ワカバ - 明日、僕は君に会いに行く。(off vocal).mp3 开始下载...
2020-05-28 13:25:47,701 - myapi - INFO - >>D:\music-down\netease\Jan♭\\downmp3\Che'Nelle - SAKURA.mp3 开始下载...
2020-05-28 13:25:56,041 - netease - INFO -  getSongfromCd 开始爬虫...
2020-05-28 13:25:56,041 - netease - INFO -  getSongfromCd 爬虫完成.
2020-05-28 13:25:56,042 - myapi - INFO - json文件写入中...
2020-05-28 13:25:56,042 - myapi - INFO - json文件写入完成.
2020-05-28 13:25:56,158 - netease - INFO -  getSongfromCd 开始爬虫...
2020-05-28 13:26:06,417 - netease - INFO -  getSongfromCd 爬虫完成.
2020-05-28 13:26:06,418 - myapi - INFO - json文件写入中...
2020-05-28 13:26:06,422 - myapi - INFO - json文件写入完成.
2020-05-28 13:26:06,425 - myapi - INFO - >>D:\music-down\netease\relax♪\\downmp3\玉面小嫣然 - 南山南（古筝）.mp3 开始下载...
2020-05-28 13:26:10,688 - myapi - INFO - >>D:\music-down\netease\relax♪\\downmp3\玉面小嫣然 - 红颜旧 (古筝).mp3 开始下载...
2020-05-28 13:26:14,079 - myapi - INFO - >>D:\music-down\netease\relax♪\\downmp3\董敏 - 大鱼（电影《大鱼海棠》印象曲）.mp3 开始下载...
2020-05-28 13:26:19,016 - myapi - INFO - >>D:\music-down\netease\relax♪\\downmp3\董敏 - 天空之城.mp3 开始下载...
2020-05-28 13:26:23,200 - myapi - INFO - >>D:\music-down\netease\relax♪\\downmp3\麦振鸿 - 莫失莫忘.mp3 开始下载...
2020-05-28 13:26:27,794 - myapi - INFO - >>D:\music-down\netease\relax♪\\downmp3\董真 - 半月琴(笛子).mp3 开始下载...
2020-05-28 13:26:34,227 - myapi - INFO - >>D:\music-down\netease\relax♪\\downmp3\郝一刚 - 初见(笛子版).mp3 开始下载...
2020-05-28 13:26:40,141 - myapi - INFO - >>D:\music-down\netease\relax♪\\downmp3\CMJ - 所念皆星河.mp3 开始下载...
2020-05-28 13:26:43,411 - myapi - INFO - >>D:\music-down\netease\relax♪\\downmp3\群星 - 一直很安静.mp3 开始下载...
2020-05-28 13:26:48,342 - myapi - ERROR - >> D:\music-down\netease\relax♪\\downmp3\园园 - 同桌的你（口琴独奏）（Cover 校园民谣）.mp3 的下载地址无效.
2020-05-28 13:26:48,342 - myapi - INFO - >>D:\music-down\netease\relax♪\\downmp3\群星 - 羞答答的玫瑰静悄悄的开.mp3 开始下载...
2020-05-28 13:26:54,703 - myapi - INFO - >>D:\music-down\netease\relax♪\\downmp3\付娜 - 星语心愿.mp3 开始下载...
2020-05-28 13:26:57,814 - myapi - ERROR - >> D:\music-down\netease\relax♪\\downmp3\李娟&张毅 - 后来.mp3 的下载地址无效.
2020-05-28 13:26:57,814 - myapi - INFO - >>D:\music-down\netease\relax♪\\downmp3\辰小弦 - 【IF YOU】二胡版.mp3 开始下载...
2020-05-28 13:27:01,993 - myapi - ERROR - >> D:\music-down\netease\relax♪\\downmp3\董敏 - 隐形的翅膀（笛子ver.）.mp3 的下载地址无效.
2020-05-28 13:27:01,993 - myapi - INFO - >>D:\music-down\netease\relax♪\\downmp3\董敏 - 贝加尔湖畔（网络剧《无心法师》的片头曲）.mp3 开始下载...
2020-05-28 13:27:06,078 - myapi - INFO - >>D:\music-down\netease\relax♪\\downmp3\董敏 - 星月神话（笛子ver.）.mp3 开始下载...
2020-05-28 13:27:10,062 - myapi - INFO - >>D:\music-down\netease\relax♪\\downmp3\少白 - 红颜旧（洞箫）（翻自 刘涛） .mp3 开始下载...
2020-05-28 13:27:15,322 - myapi - INFO - >>D:\music-down\netease\relax♪\\downmp3\小笛子 - 相思 西游后传主题曲 竹笛版（Cover 毛阿敏）.mp3 开始下载...
2020-05-28 13:27:17,987 - myapi - ERROR - >> D:\music-down\netease\relax♪\\downmp3\聆溪箜篌-亦凡 - 不染 【箜篌版】（翻自 毛不易） .mp3 的下载地址无效.
2020-05-28 13:27:17,987 - myapi - ERROR - >> D:\music-down\netease\relax♪\\downmp3\董敏 - 不染（笛子版）（翻自 毛不易） .mp3 的下载地址无效.
2020-05-28 13:27:17,987 - myapi - INFO - >>D:\music-down\netease\relax♪\\downmp3\聽-舍予 - 蓝莲花-竹笛（Cover 许巍）.mp3 开始下载...
2020-05-28 13:27:22,737 - myapi - INFO - >>D:\music-down\netease\relax♪\\downmp3\水玥兒 - 痴情冢（Cover 贾青）.mp3 开始下载...
2020-05-28 13:27:26,184 - myapi - INFO - >>D:\music-down\netease\relax♪\\downmp3\水玥兒 - 红颜旧（Cover 刘涛）.mp3 开始下载...
2020-05-28 13:27:30,328 - myapi - INFO - >>D:\music-down\netease\relax♪\\downmp3\水玥兒 - 匆匆那年（Cover 王菲）.mp3 开始下载...
2020-05-28 13:27:34,750 - myapi - ERROR - >> D:\music-down\netease\relax♪\\downmp3\水玥兒 - 九张机（Cover 叶炫清）.mp3 的下载地址无效.
2020-05-28 13:27:34,750 - myapi - INFO - >>D:\music-down\netease\relax♪\\downmp3\周桃桃 - 童话.mp3 开始下载...
2020-05-28 13:27:38,601 - myapi - INFO - >>D:\music-down\netease\relax♪\\downmp3\周桃桃 - 冰菊物语.mp3 开始下载...
2020-05-28 13:27:42,096 - myapi - INFO - >>D:\music-down\netease\relax♪\\downmp3\常静 - 画心.mp3 开始下载...
2020-05-28 13:27:47,023 - myapi - INFO - >>D:\music-down\netease\relax♪\\downmp3\群星 - 莫斯科郊外的晚上.mp3 开始下载...
2020-05-28 13:27:50,487 - myapi - INFO - >>D:\music-down\netease\relax♪\\downmp3\岸部眞明 - Time travel.mp3 开始下载...
2020-05-28 13:27:55,145 - myapi - INFO - >>D:\music-down\netease\relax♪\\downmp3\小坂明子 - 海の見える街.mp3 开始下载...
2020-05-28 13:27:58,495 - myapi - INFO - >>D:\music-down\netease\relax♪\\downmp3\佐藤康夫 - 夜明.mp3 开始下载...
2020-05-28 13:28:03,543 - myapi - INFO - >>D:\music-down\netease\relax♪\\downmp3\a_hisa - Town of Windmill.mp3 开始下载...
2020-05-28 13:28:06,012 - myapi - INFO - >>D:\music-down\netease\relax♪\\downmp3\周桃桃 - 神话.mp3 开始下载...
2020-05-28 13:28:11,016 - myapi - INFO - >>D:\music-down\netease\relax♪\\downmp3\周桃桃 - 冰菊物语(古筝版).mp3 开始下载...
2020-05-28 13:28:14,121 - myapi - INFO - >>D:\music-down\netease\relax♪\\downmp3\西红柿的一亩三分地TOT - 追光者（十孔口琴）（cover 岑宁儿）.mp3 开始下载...
2020-05-28 13:28:17,964 - myapi - ERROR - >> D:\music-down\netease\relax♪\\downmp3\刘蔓 - 我想我是海.mp3 的下载地址无效.
2020-05-28 13:28:17,964 - myapi - ERROR - >> D:\music-down\netease\relax♪\\downmp3\刘蔓 - 飘摇.mp3 的下载地址无效.
2020-05-28 13:28:17,964 - myapi - INFO - >>D:\music-down\netease\relax♪\\downmp3\水玥兒 - 追光者（Cover 岑宁儿）.mp3 开始下载...
2020-05-28 13:28:22,319 - myapi - ERROR - >> D:\music-down\netease\relax♪\\downmp3\董敏 - 成都（笛子版，Cover 赵雷）.mp3 的下载地址无效.
2020-05-28 13:28:22,319 - myapi - INFO - >>D:\music-down\netease\relax♪\\downmp3\聽-舍予 - 牵丝戏-竹笛（Cover 银临）.mp3 开始下载...
2020-05-28 13:28:26,675 - myapi - INFO - >>D:\music-down\netease\relax♪\\downmp3\DEPAPEPE - いい日だったね。.mp3 开始下载...
2020-05-28 13:28:30,223 - myapi - INFO - >>D:\music-down\netease\relax♪\\downmp3\刘珂矣 - 半壶纱 (纯音乐).mp3 开始下载...
2020-05-28 13:28:34,189 - myapi - INFO - >>D:\music-down\netease\relax♪\\downmp3\陶笛-犹豫的泥巴 - 陶笛版《一生所爱》（Cover 舒淇）.mp3 开始下载...
2020-05-28 13:28:38,241 - myapi - INFO - >>D:\music-down\netease\relax♪\\downmp3\聽-舍予 - 红颜旧-竹笛（Cover 刘涛）.mp3 开始下载...
2020-05-28 13:28:42,324 - myapi - ERROR - >> D:\music-down\netease\relax♪\\downmp3\解亚飞 - 《童话镇》 陶笛版（Cover 暗杠）.mp3 的下载地址无效.
2020-05-28 13:28:42,324 - myapi - INFO - >>D:\music-down\netease\relax♪\\downmp3\余天越 - 只要平凡（纯音乐变奏版）（翻自 张杰） .mp3 开始下载...
2020-05-28 13:28:46,471 - myapi - INFO - >>D:\music-down\netease\relax♪\\downmp3\春畑道哉 - a song for love.mp3 开始下载...
2020-05-28 13:28:51,491 - myapi - INFO - >>D:\music-down\netease\relax♪\\downmp3\风潮唱片 - 灵气.mp3 开始下载...
