2020-05-28 11:05:38,815 - netease - INFO - Enemy 数据获取中...
2020-05-28 11:05:38,969 - netease - INFO - Hall of Fame 数据获取中...
2020-05-28 11:05:39,143 - netease - INFO - Move Up (Lost Gravity) 数据获取中...
2020-05-28 11:05:39,305 - netease - INFO - Young And Beautiful 数据获取中...
2020-05-28 11:05:39,681 - netease - INFO - Soldier 数据获取中...
2020-05-28 11:05:39,853 - netease - INFO - The New Kings 数据获取中...
2020-05-28 11:05:40,002 - netease - INFO - Counting Sheep 数据获取中...
2020-05-28 11:05:40,171 - netease - INFO - Walk Thru Fire 数据获取中...
2020-05-28 11:05:40,351 - netease - INFO - POPSTARS 数据获取中...
2020-05-28 11:05:40,535 - netease - INFO - This Town 数据获取中...
2020-05-28 11:05:40,794 - netease - INFO - Fly With The Wind 数据获取中...
2020-05-28 11:05:40,961 - netease - INFO - Everybody Knows I Love You 数据获取中...
2020-05-28 11:05:41,133 - netease - INFO - Heroes 数据获取中...
2020-05-28 11:05:41,307 - netease - INFO - Don't Look Down 数据获取中...
2020-05-28 11:05:41,489 - netease - INFO - This Is Our Time 数据获取中...
2020-05-28 11:05:41,660 - netease - INFO - Lily 数据获取中...
2020-05-28 11:05:41,824 - netease - INFO - Go Time 数据获取中...
2020-05-28 11:05:41,983 - netease - INFO - bad guy 数据获取中...
2020-05-28 11:05:42,164 - netease - INFO - Silver Scrapes 数据获取中...
2020-05-28 11:05:42,320 - netease - INFO - Legends Never Die 数据获取中...
2020-05-28 11:05:42,494 - netease - INFO - RISE 数据获取中...
2020-05-28 11:05:42,671 - netease - INFO - In The End（Haokun Remix） 数据获取中...
2020-05-28 11:05:42,821 - netease - INFO - Only Dreamers 数据获取中...
2020-05-28 11:05:42,993 - netease - INFO - Next To Me 数据获取中...
2020-05-28 11:05:43,127 - netease - INFO - she's all yours 数据获取中...
2020-05-28 11:05:43,291 - netease - INFO - Runaway 数据获取中...
2020-05-28 11:05:43,462 - netease - INFO - Must Be Something 数据获取中...
2020-05-28 11:05:43,622 - netease - INFO - Dancing With Your Ghost 数据获取中...
2020-05-28 11:05:43,790 - netease - INFO - Love You Like A Love Song 数据获取中...
2020-05-28 11:05:43,954 - netease - INFO - On My Way (ADMA Bootleg) (Bootleg) 数据获取中...
2020-05-28 11:05:44,098 - netease - INFO - Popularity 数据获取中...
2020-05-28 11:05:44,247 - netease - INFO - My Only One (No Hay Nadie Más) 数据获取中...
2020-05-28 11:05:44,399 - netease - INFO - The Spectre 数据获取中...
2020-05-28 11:05:44,721 - netease - INFO - These Days (feat. Jess Glynne, Macklemore & Dan Caplen) 数据获取中...
2020-05-28 11:05:44,861 - netease - INFO - End Of The Night 数据获取中...
2020-05-28 11:05:45,020 - netease - INFO - Born to Love You 数据获取中...
2020-05-28 11:05:45,175 - netease - INFO - Lost Without You 数据获取中...
2020-05-28 11:05:45,359 - netease - INFO - Solo 数据获取中...
2020-05-28 11:05:45,522 - netease - INFO - Photograph 数据获取中...
2020-05-28 11:05:45,731 - netease - INFO - Counting Down To Christmas 数据获取中...
2020-05-28 11:05:46,069 - netease - INFO - New Rules (Vicetone Remix) 数据获取中...
2020-05-28 11:05:46,415 - netease - INFO - In My Blood 数据获取中...
2020-05-28 11:05:46,624 - netease - INFO - Coming Home 数据获取中...
2020-05-28 11:05:46,803 - netease - INFO - Unstoppable 数据获取中...
2020-05-28 11:05:46,968 - netease - INFO - Summer Vibe (Pegato Remix) 数据获取中...
2020-05-28 11:05:47,131 - netease - INFO - All I Need 数据获取中...
2020-05-28 11:05:47,292 - netease - INFO - Rags To Rings 数据获取中...
2020-05-28 11:05:47,454 - netease - INFO - Tidal Wave 数据获取中...
2020-05-28 11:05:47,626 - netease - INFO - Back to You 数据获取中...
2020-05-28 11:05:47,771 - netease - INFO - Brave 数据获取中...
2020-05-28 11:05:47,944 - netease - INFO - Pillow talk 数据获取中...
2020-05-28 11:05:48,109 - netease - INFO - How To Love  数据获取中...
2020-05-28 11:05:48,262 - netease - INFO - Are You With Me 数据获取中...
2020-05-28 11:05:48,439 - netease - INFO - Tired 数据获取中...
2020-05-28 11:05:48,609 - netease - INFO - Don't Leave Me (Ne Me Quitte Pas) 数据获取中...
2020-05-28 11:05:48,776 - netease - INFO - Step Off 数据获取中...
2020-05-28 11:05:48,948 - netease - INFO - Stay (Felix Cartal Remix) 数据获取中...
2020-05-28 11:05:49,104 - netease - INFO - In A Tree 数据获取中...
2020-05-28 11:05:49,258 - netease - INFO - Undo 数据获取中...
2020-05-28 11:05:49,417 - netease - INFO - Save the World 数据获取中...
2020-05-28 11:05:49,576 - netease - INFO - Loser 数据获取中...
2020-05-28 11:05:49,746 - netease - INFO - 3 Wishes 数据获取中...
2020-05-28 11:05:49,907 - netease - INFO - Can We Dance 数据获取中...
2020-05-28 11:05:50,057 - netease - INFO - Viva La Vida 数据获取中...
2020-05-28 11:05:50,241 - netease - INFO - Coming Home (A.N.O. Remix) 数据获取中...
2020-05-28 11:05:50,415 - netease - INFO - Raindrops 数据获取中...
2020-05-28 11:05:50,588 - netease - INFO - Cut 数据获取中...
2020-05-28 11:05:50,740 - netease - INFO - La Da Dee 数据获取中...
2020-05-28 11:05:50,900 - netease - INFO - liability (demo) 数据获取中...
2020-05-28 11:05:51,066 - netease - INFO - Try Everything 数据获取中...
2020-05-28 11:05:51,256 - netease - INFO - Six Feet Under 数据获取中...
2020-05-28 11:05:51,425 - netease - INFO - Only One 数据获取中...
2020-05-28 11:05:51,598 - netease - INFO - All Falls Down 数据获取中...
2020-05-28 11:05:51,766 - netease - INFO - Havana 数据获取中...
2020-05-28 11:05:51,923 - netease - INFO - Nevada (feat. Cozi Zuehlsdorff) 数据获取中...
2020-05-28 11:05:52,073 - netease - INFO - Skin 数据获取中...
2020-05-28 11:05:52,227 - netease - INFO - Down 数据获取中...
2020-05-28 11:05:52,377 - netease - INFO - Prepare for Disappointment 数据获取中...
2020-05-28 11:05:52,538 - netease - INFO - Hymn For The Weekend [Remix] 数据获取中...
2020-05-28 11:05:52,719 - netease - INFO - You Are a Lover 数据获取中...
2020-05-28 11:05:52,886 - netease - INFO - Love The Way You Lie [Part III (Original Demo)] 数据获取中...
2020-05-28 11:05:53,076 - netease - INFO - Almost Lover 数据获取中...
2020-05-28 11:05:53,231 - netease - INFO - Send It  数据获取中...
2020-05-28 11:05:53,419 - netease - INFO - Reality 数据获取中...
2020-05-28 11:05:53,671 - netease - INFO - You Don't Know Me 数据获取中...
2020-05-28 11:05:53,849 - netease - INFO - Walk Away 数据获取中...
2020-05-28 11:05:54,027 - netease - INFO - I Just Wanna Run 数据获取中...
2020-05-28 11:05:54,180 - netease - INFO - Let Her Go 数据获取中...
2020-05-28 11:05:54,344 - netease - INFO - Try 数据获取中...
2020-05-28 11:05:54,512 - netease - INFO - I Hate Myself For Loving You 数据获取中...
2020-05-28 11:05:54,687 - netease - INFO - Sofía 数据获取中...
2020-05-28 11:05:54,839 - netease - INFO - And Then You 数据获取中...
2020-05-28 11:05:55,013 - netease - INFO - Forgettable 数据获取中...
2020-05-28 11:05:55,171 - netease - INFO - Ship In The Sand 数据获取中...
2020-05-28 11:05:55,314 - netease - INFO - Fuerteventura 数据获取中...
2020-05-28 11:05:55,478 - netease - INFO - On a Slow Boat to China 数据获取中...
2020-05-28 11:05:55,653 - netease - INFO - Your Bones 数据获取中...
2020-05-28 11:05:55,799 - netease - INFO - Battles and Wastelands 数据获取中...
2020-05-28 11:05:55,948 - netease - INFO - Parachute 数据获取中...
2020-05-28 11:05:56,111 - netease - INFO - Think Again 数据获取中...
2020-05-28 11:05:56,282 - netease - INFO - Mustang cabriolet 数据获取中...
2020-05-28 11:05:56,450 - netease - INFO - Hero 数据获取中...
2020-05-28 11:05:56,621 - netease - INFO - That Girl 数据获取中...
2020-05-28 11:05:56,778 - netease - INFO - Headlight 数据获取中...
2020-05-28 11:05:56,936 - netease - INFO - Les Rois Du Monde 数据获取中...
2020-05-28 11:05:57,114 - netease - INFO - Les rois du monde 数据获取中...
2020-05-28 11:05:57,264 - netease - INFO - Telescope 数据获取中...
2020-05-28 11:05:57,415 - netease - INFO - It Ain't Me 数据获取中...
2020-05-28 11:05:57,583 - netease - INFO - Something Just Like This 数据获取中...
2020-05-28 11:05:57,760 - netease - INFO - No One But You 数据获取中...
2020-05-28 11:05:58,003 - netease - INFO - Revolution 数据获取中...
2020-05-28 11:05:58,173 - netease - INFO - It Ain't Me 数据获取中...
2020-05-28 11:05:58,345 - netease - INFO - Something Just Like This 数据获取中...
2020-05-28 11:05:58,499 - netease - INFO - Broken Angel 数据获取中...
2020-05-28 11:05:58,668 - netease - INFO - 2U 数据获取中...
2020-05-28 11:05:58,828 - netease - INFO - Too Far 数据获取中...
2020-05-28 11:05:58,987 - netease - INFO - Traveling Light 数据获取中...
2020-05-28 11:05:59,149 - netease - INFO - Whistle 数据获取中...
2020-05-28 11:05:59,345 - netease - INFO - The Lazy Song 数据获取中...
2020-05-28 11:05:59,520 - netease - INFO - Marry You 数据获取中...
2020-05-28 11:05:59,684 - netease - INFO - Just the Way You Are 数据获取中...
2020-05-28 11:05:59,847 - netease - INFO - Lone Ranger 数据获取中...
2020-05-28 11:06:00,013 - netease - INFO - Jocelin 数据获取中...
2020-05-28 11:06:00,203 - netease - INFO - Walk on By 数据获取中...
2020-05-28 11:06:00,557 - netease - INFO - On The Floor 数据获取中...
2020-05-28 11:06:00,732 - netease - INFO - Where'd You Go 数据获取中...
2020-05-28 11:06:01,039 - netease - INFO - Try 数据获取中...
2020-05-28 11:06:01,204 - netease - INFO - Yellow 数据获取中...
2020-05-28 11:06:01,363 - netease - INFO - Flower Dance 数据获取中...
2020-05-28 11:06:01,544 - netease - INFO - If I Die Young 数据获取中...
2020-05-28 11:06:01,730 - netease - INFO - Breath and Life 数据获取中...
2020-05-28 11:06:01,886 - netease - INFO - I Just Wanna Run 数据获取中...
2020-05-28 11:06:02,038 - netease - INFO - Faded 数据获取中...
2020-05-28 11:06:02,199 - netease - INFO - I Am Me Once More 数据获取中...
2020-05-28 11:06:02,365 - myapi - INFO - json文件写入中...
2020-05-28 11:06:02,373 - myapi - INFO - json文件写入完成.
2020-05-28 11:06:02,374 - myapi - INFO - Jennifer March - Enemy >>开始下载歌曲...
2020-05-28 11:06:06,141 - myapi - INFO - The Script&will.i.am - Hall of Fame >>开始下载歌曲...
2020-05-28 11:06:09,438 - myapi - INFO - Mr. Polska - Move Up (Lost Gravity) >>开始下载歌曲...
2020-05-28 11:06:13,288 - myapi - INFO - Lana Del Rey - Young And Beautiful >>开始下载歌曲...
2020-05-28 11:06:19,542 - myapi - INFO - Samantha Jade - Soldier >>开始下载歌曲...
2020-05-28 11:06:22,990 - myapi - INFO - Vicetone&Popeska&Luciana - The New Kings >>开始下载歌曲...
2020-05-28 11:06:26,321 - myapi - INFO - SAFIA - Counting Sheep >>开始下载歌曲...
2020-05-28 11:06:29,407 - myapi - INFO - Vicetone&Meron Ryan - Walk Thru Fire >>开始下载歌曲...
2020-05-28 11:06:33,035 - myapi - INFO - Madison Beer&(G)I-DLE&Jaira Burns - POPSTARS >>开始下载歌曲...
2020-05-28 11:06:35,783 - myapi - INFO - Kygo&Sasha Sloan - This Town >>开始下载歌曲...
2020-05-28 11:06:38,808 - myapi - INFO - BaeChiGi&Punch - Fly With The Wind >>开始下载歌曲...
2020-05-28 11:06:41,566 - myapi - INFO - Lovebugs - Everybody Knows I Love You >>开始下载歌曲...
2020-05-28 11:06:48,251 - myapi - INFO - Hidden Citizens&Erin McCarley - Don't Look Down >>开始下载歌曲...
2020-05-28 11:06:54,940 - myapi - INFO - Alan Walker&K-391&Emelie Hollow - Lily >>开始下载歌曲...
2020-05-28 11:06:57,895 - myapi - INFO - Mark Petrie - Go Time >>开始下载歌曲...
2020-05-28 11:06:59,945 - myapi - INFO - Billie Eilish - bad guy >>开始下载歌曲...
2020-05-28 11:07:02,836 - myapi - INFO - 英雄联盟&Danny McCarthy - Silver Scrapes >>开始下载歌曲...
2020-05-28 11:07:05,776 - myapi - INFO - Against the Current - Legends Never Die >>开始下载歌曲...
2020-05-28 11:07:09,445 - myapi - INFO - The Glitch Mob&Mako&The Word Alive - RISE >>开始下载歌曲...
2020-05-28 11:07:12,559 - myapi - INFO - RoiMarch - In The End（Haokun Remix） >>开始下载歌曲...
2020-05-28 11:07:15,580 - myapi - INFO - Helene Fischer - Only Dreamers >>开始下载歌曲...
2020-05-28 11:07:18,743 - myapi - INFO - Axel Johansson&Tina Stachowiak - Next To Me >>开始下载歌曲...
2020-05-28 11:07:21,839 - myapi - INFO - Loote - she's all yours >>开始下载歌曲...
2020-05-28 11:07:24,338 - myapi - INFO - Sasha Sloan - Runaway >>开始下载歌曲...
2020-05-28 11:07:27,346 - myapi - INFO - The Pierces - Must Be Something >>开始下载歌曲...
2020-05-28 11:07:31,428 - myapi - INFO - Sasha Sloan - Dancing With Your Ghost >>开始下载歌曲...
2020-05-28 11:07:34,673 - myapi - INFO - Selena Gomez & The Scene - Love You Like A Love Song >>开始下载歌曲...
2020-05-28 11:07:37,672 - myapi - INFO - AdMa&Alan Walker - On My Way (ADMA Bootleg) (Bootleg) >>开始下载歌曲...
2020-05-28 11:07:40,184 - myapi - INFO - Julian Moon - Popularity >>开始下载歌曲...
2020-05-28 11:07:40,184 - myapi - ERROR - >>mp3的下载地址无效，不进行下载.
2020-05-28 11:07:40,184 - myapi - INFO - Sebastian Yatra&Isabela Moner - My Only One (No Hay Nadie Más) >>开始下载歌曲...
2020-05-28 11:07:43,289 - myapi - INFO - Alan Walker - The Spectre >>开始下载歌曲...
2020-05-28 11:08:01,480 - myapi - INFO - Rudimental&Jess Glynne&Macklemore&Dan Caplen - These Days (feat. Jess Glynne, Macklemore & Dan Caplen) >>开始下载歌曲...
2020-05-28 11:08:01,480 - myapi - ERROR - >>mp3的下载地址无效，不进行下载.
2020-05-28 11:08:01,480 - myapi - INFO - Danny Avila - End Of The Night >>开始下载歌曲...
2020-05-28 11:08:04,688 - myapi - INFO - LANCO - Born to Love You >>开始下载歌曲...
2020-05-28 11:08:08,265 - myapi - INFO - Delta Goodrem - Lost Without You >>开始下载歌曲...
2020-05-28 11:08:12,196 - myapi - INFO - Clean Bandit&Demi Lovato - Solo >>开始下载歌曲...
2020-05-28 11:08:12,196 - myapi - ERROR - >>mp3的下载地址无效，不进行下载.
2020-05-28 11:08:12,196 - myapi - INFO - Ed Sheeran - Photograph >>开始下载歌曲...
2020-05-28 11:08:12,196 - myapi - ERROR - >>mp3的下载地址无效，不进行下载.
2020-05-28 11:08:12,196 - myapi - INFO - Campsite Dream - Counting Down To Christmas >>开始下载歌曲...
2020-05-28 11:08:15,091 - myapi - INFO - Vicetone&Dua Lipa - New Rules (Vicetone Remix) >>开始下载歌曲...
2020-05-28 11:08:18,600 - myapi - INFO - The Veronicas - In My Blood >>开始下载歌曲...
2020-05-28 11:08:21,459 - myapi - INFO - Dash Berlin&Bo Bruce - Coming Home >>开始下载歌曲...
2020-05-28 11:08:25,889 - myapi - INFO - Sia - Unstoppable >>开始下载歌曲...
2020-05-28 11:08:29,290 - myapi - INFO - Pegato&Walk off the Earth - Summer Vibe (Pegato Remix) >>开始下载歌曲...
2020-05-28 11:08:32,693 - myapi - INFO - Robert Cutarella & Sebastian Royce - All I Need >>开始下载歌曲...
2020-05-28 11:08:35,130 - myapi - INFO - 英雄联盟&Mark Petrie&Danny McCarthy - Rags To Rings >>开始下载歌曲...
2020-05-28 11:08:39,289 - myapi - INFO - Kiso&Rossy - Tidal Wave >>开始下载歌曲...
2020-05-28 11:08:42,009 - myapi - INFO - Amanda Noelle - Back to You >>开始下载歌曲...
2020-05-28 11:08:45,088 - myapi - INFO - Fancy Cars - Brave >>开始下载歌曲...
2020-05-28 11:08:47,974 - myapi - INFO - Auryn - Pillow talk >>开始下载歌曲...
2020-05-28 11:08:51,288 - myapi - INFO - Cash Cash&Sofia Reyes - How To Love  >>开始下载歌曲...
2020-05-28 11:08:51,288 - myapi - ERROR - >>mp3的下载地址无效，不进行下载.
2020-05-28 11:08:51,288 - myapi - INFO - Lost Frequencies - Are You With Me >>开始下载歌曲...
2020-05-28 11:08:53,733 - myapi - INFO - Alan Walker&Gavin James - Tired >>开始下载歌曲...
2020-05-28 11:08:58,188 - myapi - INFO - Regina Spektor - Don't Leave Me (Ne Me Quitte Pas) >>开始下载歌曲...
2020-05-28 11:08:58,188 - myapi - ERROR - >>mp3的下载地址无效，不进行下载.
2020-05-28 11:08:58,188 - myapi - INFO - Kacey Musgraves - Step Off >>开始下载歌曲...
2020-05-28 11:09:01,040 - myapi - INFO - Felix Cartal&Zedd&Alessia Cara - Stay (Felix Cartal Remix) >>开始下载歌曲...
2020-05-28 11:09:03,995 - myapi - INFO - Priscilla Ahn - In A Tree >>开始下载歌曲...
2020-05-28 11:09:06,697 - myapi - INFO - Sanna Nielsen - Undo >>开始下载歌曲...
2020-05-28 11:09:06,697 - myapi - ERROR - >>mp3的下载地址无效，不进行下载.
2020-05-28 11:09:06,697 - myapi - INFO - Julian Moon&Kat Krazy - Save the World >>开始下载歌曲...
2020-05-28 11:09:09,636 - myapi - INFO - Julian Moon - Loser >>开始下载歌曲...
2020-05-28 11:09:09,636 - myapi - ERROR - >>mp3的下载地址无效，不进行下载.
2020-05-28 11:09:09,636 - myapi - INFO - Dave Thomas Junior - 3 Wishes >>开始下载歌曲...
2020-05-28 11:09:12,706 - myapi - INFO - The Vamps - Can We Dance >>开始下载歌曲...
2020-05-28 11:09:15,936 - myapi - INFO - Coldplay - Viva La Vida >>开始下载歌曲...
2020-05-28 11:09:15,936 - myapi - ERROR - >>mp3的下载地址无效，不进行下载.
2020-05-28 11:09:15,936 - myapi - INFO - Skylar Grey&The Paragon Axis - Coming Home (A.N.O. Remix) >>开始下载歌曲...
2020-05-28 11:09:19,227 - myapi - INFO - Eliane - Raindrops >>开始下载歌曲...
2020-05-28 11:09:22,878 - myapi - INFO - Plumb - Cut >>开始下载歌曲...
2020-05-28 11:09:26,656 - myapi - INFO - Cody Simpson - La Da Dee >>开始下载歌曲...
2020-05-28 11:09:26,656 - myapi - ERROR - >>mp3的下载地址无效，不进行下载.
2020-05-28 11:09:26,656 - myapi - INFO - Tove Styrke - liability (demo) >>开始下载歌曲...
2020-05-28 11:09:29,234 - myapi - INFO - Shakira - Try Everything >>开始下载歌曲...
2020-05-28 11:09:33,328 - myapi - INFO - Billie Eilish - Six Feet Under >>开始下载歌曲...
2020-05-28 11:09:36,486 - myapi - INFO - Various Artists - Only One >>开始下载歌曲...
2020-05-28 11:09:39,792 - myapi - INFO - Alan Walker&Noah Cyrus&Digital Farm Animals - All Falls Down >>开始下载歌曲...
2020-05-28 11:09:43,234 - myapi - INFO - Camila Cabello&Young Thug - Havana >>开始下载歌曲...
2020-05-28 11:09:46,585 - myapi - INFO - Vicetone&Cozi Zuehlsdorff - Nevada (feat. Cozi Zuehlsdorff) >>开始下载歌曲...
2020-05-28 11:09:50,393 - myapi - INFO - Rag'N'Bone Man - Skin >>开始下载歌曲...
2020-05-28 11:09:54,495 - myapi - INFO - Jason Walker - Down >>开始下载歌曲...
2020-05-28 11:09:58,566 - myapi - INFO - Matt Elliott - Prepare for Disappointment >>开始下载歌曲...
2020-05-28 11:10:01,788 - myapi - INFO - Alan Walker&Coldplay - Hymn For The Weekend [Remix] >>开始下载歌曲...
2020-05-28 11:10:05,073 - myapi - INFO - The Unbending Trees - You Are a Lover >>开始下载歌曲...
2020-05-28 11:10:08,422 - myapi - INFO - Skylar Grey - Love The Way You Lie [Part III (Original Demo)] >>开始下载歌曲...
2020-05-28 11:10:12,138 - myapi - INFO - Jasmine Thompson - Almost Lover >>开始下载歌曲...
2020-05-28 11:10:16,005 - myapi - INFO - Austin Mahone&Rich Homie Quan - Send It  >>开始下载歌曲...
2020-05-28 11:10:16,005 - myapi - ERROR - >>mp3的下载地址无效，不进行下载.
2020-05-28 11:10:16,005 - myapi - INFO - Lost Frequencies&Janieck - Reality >>开始下载歌曲...
2020-05-28 11:10:18,549 - myapi - INFO - Ofenbach - You Don't Know Me >>开始下载歌曲...
2020-05-28 11:10:18,549 - myapi - ERROR - >>mp3的下载地址无效，不进行下载.
2020-05-28 11:10:18,549 - myapi - INFO - LVNDSCAPE&Kaptan - Walk Away >>开始下载歌曲...
