2020-05-28 11:12:05,591 - netease - INFO - Enemy 数据获取中...
2020-05-28 11:12:05,774 - netease - INFO - Hall of Fame 数据获取中...
2020-05-28 11:12:05,986 - netease - INFO - Move Up (Lost Gravity) 数据获取中...
2020-05-28 11:12:06,151 - netease - INFO - Young And Beautiful 数据获取中...
2020-05-28 11:12:06,319 - netease - INFO - Where Is Your Love 数据获取中...
2020-05-28 11:12:06,501 - netease - INFO - Soldier 数据获取中...
2020-05-28 11:12:06,669 - netease - INFO - The New Kings 数据获取中...
2020-05-28 11:12:06,849 - netease - INFO - Counting Sheep 数据获取中...
2020-05-28 11:12:07,009 - netease - INFO - Walk Thru Fire 数据获取中...
2020-05-28 11:12:07,170 - netease - INFO - POPSTARS 数据获取中...
2020-05-28 11:12:07,337 - netease - INFO - This Town 数据获取中...
2020-05-28 11:12:07,491 - netease - INFO - Fly With The Wind 数据获取中...
2020-05-28 11:12:07,642 - netease - INFO - Everybody Knows I Love You 数据获取中...
2020-05-28 11:12:07,875 - netease - INFO - Heroes 数据获取中...
2020-05-28 11:12:08,041 - netease - INFO - Don't Look Down 数据获取中...
2020-05-28 11:12:08,211 - netease - INFO - This Is Our Time 数据获取中...
2020-05-28 11:12:08,365 - netease - INFO - Lily 数据获取中...
2020-05-28 11:12:08,525 - netease - INFO - Go Time 数据获取中...
2020-05-28 11:12:08,685 - netease - INFO - bad guy 数据获取中...
2020-05-28 11:12:08,868 - netease - INFO - Silver Scrapes 数据获取中...
2020-05-28 11:12:09,042 - netease - INFO - Legends Never Die 数据获取中...
2020-05-28 11:12:09,224 - netease - INFO - RISE 数据获取中...
2020-05-28 11:12:09,385 - netease - INFO - In The End（Haokun Remix） 数据获取中...
2020-05-28 11:12:09,528 - netease - INFO - Only Dreamers 数据获取中...
2020-05-28 11:12:09,690 - netease - INFO - Next To Me 数据获取中...
2020-05-28 11:12:09,886 - netease - INFO - she's all yours 数据获取中...
2020-05-28 11:12:10,070 - netease - INFO - Runaway 数据获取中...
2020-05-28 11:12:10,228 - netease - INFO - Must Be Something 数据获取中...
2020-05-28 11:12:10,423 - netease - INFO - Dancing With Your Ghost 数据获取中...
2020-05-28 11:12:10,593 - netease - INFO - Love You Like A Love Song 数据获取中...
2020-05-28 11:12:10,756 - netease - INFO - On My Way (ADMA Bootleg) (Bootleg) 数据获取中...
2020-05-28 11:12:10,953 - netease - INFO - Popularity 数据获取中...
2020-05-28 11:12:11,140 - netease - INFO - My Only One (No Hay Nadie Más) 数据获取中...
2020-05-28 11:12:11,312 - netease - INFO - The Spectre 数据获取中...
2020-05-28 11:12:11,518 - netease - INFO - Señorita 数据获取中...
2020-05-28 11:12:11,695 - netease - INFO - These Days (feat. Jess Glynne, Macklemore & Dan Caplen) 数据获取中...
2020-05-28 11:12:11,861 - netease - INFO - End Of The Night 数据获取中...
2020-05-28 11:12:12,020 - netease - INFO - Born to Love You 数据获取中...
2020-05-28 11:12:12,180 - netease - INFO - Lost Without You 数据获取中...
2020-05-28 11:12:12,348 - netease - INFO - Solo 数据获取中...
2020-05-28 11:12:12,519 - netease - INFO - Photograph 数据获取中...
2020-05-28 11:12:12,672 - netease - INFO - Counting Down To Christmas 数据获取中...
2020-05-28 11:12:12,826 - netease - INFO - New Rules (Vicetone Remix) 数据获取中...
2020-05-28 11:12:12,990 - netease - INFO - In My Blood 数据获取中...
2020-05-28 11:12:13,159 - netease - INFO - Coming Home 数据获取中...
2020-05-28 11:12:13,310 - netease - INFO - Unstoppable 数据获取中...
2020-05-28 11:12:13,467 - netease - INFO - Summer Vibe (Pegato Remix) 数据获取中...
2020-05-28 11:12:13,623 - netease - INFO - All I Need 数据获取中...
2020-05-28 11:12:13,758 - netease - INFO - Rags To Rings 数据获取中...
2020-05-28 11:12:13,901 - netease - INFO - Tidal Wave 数据获取中...
2020-05-28 11:12:14,088 - netease - INFO - Back to You 数据获取中...
2020-05-28 11:12:14,268 - netease - INFO - Brave 数据获取中...
2020-05-28 11:12:14,463 - netease - INFO - Pillow talk 数据获取中...
2020-05-28 11:12:14,655 - netease - INFO - How To Love  数据获取中...
2020-05-28 11:12:14,819 - netease - INFO - Are You With Me 数据获取中...
2020-05-28 11:12:14,994 - netease - INFO - Tired 数据获取中...
2020-05-28 11:12:15,152 - netease - INFO - Don't Leave Me (Ne Me Quitte Pas) 数据获取中...
2020-05-28 11:12:15,340 - netease - INFO - Step Off 数据获取中...
2020-05-28 11:12:15,528 - netease - INFO - Stay (Felix Cartal Remix) 数据获取中...
2020-05-28 11:12:15,682 - netease - INFO - In A Tree 数据获取中...
2020-05-28 11:12:15,825 - netease - INFO - Undo 数据获取中...
2020-05-28 11:12:15,961 - netease - INFO - Save the World 数据获取中...
2020-05-28 11:12:16,165 - netease - INFO - Loser 数据获取中...
2020-05-28 11:12:16,323 - netease - INFO - 3 Wishes 数据获取中...
2020-05-28 11:12:16,497 - netease - INFO - Can We Dance 数据获取中...
2020-05-28 11:12:16,658 - netease - INFO - Viva La Vida 数据获取中...
2020-05-28 11:12:16,823 - netease - INFO - Coming Home (A.N.O. Remix) 数据获取中...
2020-05-28 11:12:16,984 - netease - INFO - Raindrops 数据获取中...
2020-05-28 11:12:17,149 - netease - INFO - Cut 数据获取中...
2020-05-28 11:12:17,323 - netease - INFO - La Da Dee 数据获取中...
2020-05-28 11:12:17,493 - netease - INFO - liability (demo) 数据获取中...
2020-05-28 11:12:17,660 - netease - INFO - Try Everything 数据获取中...
2020-05-28 11:12:17,837 - netease - INFO - Six Feet Under 数据获取中...
2020-05-28 11:12:18,007 - netease - INFO - Only One 数据获取中...
2020-05-28 11:12:18,398 - netease - INFO - All Falls Down 数据获取中...
2020-05-28 11:12:18,582 - netease - INFO - Havana 数据获取中...
2020-05-28 11:12:18,774 - netease - INFO - Nevada (feat. Cozi Zuehlsdorff) 数据获取中...
2020-05-28 11:12:18,920 - netease - INFO - Skin 数据获取中...
2020-05-28 11:12:19,151 - netease - INFO - Down 数据获取中...
2020-05-28 11:12:19,315 - netease - INFO - Prepare for Disappointment 数据获取中...
2020-05-28 11:12:19,475 - netease - INFO - Hymn For The Weekend [Remix] 数据获取中...
2020-05-28 11:12:19,648 - netease - INFO - You Are a Lover 数据获取中...
2020-05-28 11:12:19,785 - netease - INFO - Love The Way You Lie [Part III (Original Demo)] 数据获取中...
2020-05-28 11:12:19,932 - netease - INFO - Almost Lover 数据获取中...
2020-05-28 11:12:20,122 - netease - INFO - Send It  数据获取中...
2020-05-28 11:12:20,281 - netease - INFO - Reality 数据获取中...
2020-05-28 11:12:20,440 - netease - INFO - You Don't Know Me 数据获取中...
2020-05-28 11:12:20,604 - netease - INFO - Walk Away 数据获取中...
2020-05-28 11:12:20,761 - netease - INFO - I Just Wanna Run 数据获取中...
2020-05-28 11:12:20,922 - netease - INFO - Let Her Go 数据获取中...
2020-05-28 11:12:21,074 - netease - INFO - Try 数据获取中...
2020-05-28 11:12:21,230 - netease - INFO - I Hate Myself For Loving You 数据获取中...
2020-05-28 11:12:21,376 - netease - INFO - Sofía 数据获取中...
2020-05-28 11:12:21,512 - netease - INFO - And Then You 数据获取中...
2020-05-28 11:12:21,670 - netease - INFO - Forgettable 数据获取中...
2020-05-28 11:12:21,819 - netease - INFO - Ship In The Sand 数据获取中...
2020-05-28 11:12:22,003 - netease - INFO - Fuerteventura 数据获取中...
2020-05-28 11:12:22,158 - netease - INFO - On a Slow Boat to China 数据获取中...
2020-05-28 11:12:22,315 - netease - INFO - Your Bones 数据获取中...
2020-05-28 11:12:22,507 - netease - INFO - Battles and Wastelands 数据获取中...
2020-05-28 11:12:22,699 - netease - INFO - Parachute 数据获取中...
2020-05-28 11:12:22,866 - netease - INFO - Think Again 数据获取中...
2020-05-28 11:12:23,042 - netease - INFO - Mustang cabriolet 数据获取中...
2020-05-28 11:12:23,279 - netease - INFO - Hero 数据获取中...
2020-05-28 11:12:23,446 - netease - INFO - That Girl 数据获取中...
2020-05-28 11:12:23,601 - netease - INFO - Headlight 数据获取中...
2020-05-28 11:12:23,776 - netease - INFO - Les Rois Du Monde 数据获取中...
2020-05-28 11:12:23,949 - netease - INFO - Les rois du monde 数据获取中...
2020-05-28 11:12:24,101 - netease - INFO - Telescope 数据获取中...
2020-05-28 11:12:24,266 - netease - INFO - It Ain't Me 数据获取中...
2020-05-28 11:12:24,438 - netease - INFO - Something Just Like This 数据获取中...
2020-05-28 11:12:24,620 - netease - INFO - No One But You 数据获取中...
2020-05-28 11:12:24,753 - netease - INFO - Revolution 数据获取中...
2020-05-28 11:12:24,910 - netease - INFO - It Ain't Me 数据获取中...
2020-05-28 11:12:25,082 - netease - INFO - Something Just Like This 数据获取中...
2020-05-28 11:12:25,257 - netease - INFO - Broken Angel 数据获取中...
2020-05-28 11:12:25,415 - netease - INFO - 2U 数据获取中...
2020-05-28 11:12:25,594 - netease - INFO - Too Far 数据获取中...
2020-05-28 11:12:25,768 - netease - INFO - Traveling Light 数据获取中...
2020-05-28 11:12:26,043 - netease - INFO - Whistle 数据获取中...
2020-05-28 11:12:26,199 - netease - INFO - The Lazy Song 数据获取中...
2020-05-28 11:12:26,389 - netease - INFO - Marry You 数据获取中...
