2020-05-28 13:33:02,717 - netease - INFO -  search 开始爬虫...
2020-05-28 13:33:11,618 - netease - INFO -  search 爬虫完成.
2020-05-28 13:33:11,619 - myapi - INFO - json文件写入中...
2020-05-28 13:33:11,624 - myapi - INFO - json文件写入完成.
2020-05-28 13:33:11,625 - myapi - INFO - >>D:\music-down\netease\王菲\\downmp3\王菲 - 我和我的祖国.mp3 开始下载...
2020-05-28 13:33:17,051 - myapi - INFO - >>D:\music-down\netease\王菲\\downmp3\王菲 - 匆匆那年.mp3 开始下载...
2020-05-28 13:33:20,473 - myapi - INFO - >>D:\music-down\netease\王菲\\downmp3\陈奕迅&王菲 - 因为爱情.mp3 开始下载...
2020-05-28 13:33:23,566 - myapi - ERROR - >> D:\music-down\netease\王菲\\downmp3\王菲 - 匆匆那年.mp3 的下载地址无效.
2020-05-28 13:33:23,568 - myapi - ERROR - >> D:\music-down\netease\王菲\\downmp3\王菲 - 流年.mp3 的下载地址无效.
2020-05-28 13:33:23,568 - myapi - INFO - >>D:\music-down\netease\王菲\\downmp3\王菲 - 容易受伤的女人.mp3 开始下载...
2020-05-28 13:33:27,223 - myapi - INFO - >>D:\music-down\netease\王菲\\downmp3\王菲 - 暗涌.mp3 开始下载...
2020-05-28 13:33:31,076 - myapi - INFO - >>D:\music-down\netease\王菲\\downmp3\王菲 - 约定.mp3 开始下载...
2020-05-28 13:33:34,933 - myapi - ERROR - >> D:\music-down\netease\王菲\\downmp3\王菲 - 人间.mp3 的下载地址无效.
2020-05-28 13:33:34,934 - myapi - ERROR - >> D:\music-down\netease\王菲\\downmp3\王菲 - 你在终点等我.mp3 的下载地址无效.
2020-05-28 13:33:34,934 - myapi - INFO - >>D:\music-down\netease\王菲\\downmp3\王菲 - 暧昧.mp3 开始下载...
2020-05-28 13:33:39,199 - myapi - ERROR - >> D:\music-down\netease\王菲\\downmp3\王菲 - 传奇.mp3 的下载地址无效.
2020-05-28 13:33:39,199 - myapi - ERROR - >> D:\music-down\netease\王菲\\downmp3\王菲 - 笑忘书.mp3 的下载地址无效.
2020-05-28 13:33:39,199 - myapi - ERROR - >> D:\music-down\netease\王菲\\downmp3\王菲 - 百年孤寂.mp3 的下载地址无效.
2020-05-28 13:33:39,199 - myapi - INFO - >>D:\music-down\netease\王菲\\downmp3\王菲 - 矜持.mp3 开始下载...
2020-05-28 13:33:43,332 - myapi - ERROR - >> D:\music-down\netease\王菲\\downmp3\王菲 - 红豆.mp3 的下载地址无效.
2020-05-28 13:33:43,332 - myapi - INFO - >>D:\music-down\netease\王菲\\downmp3\王菲 - 爱与痛的边缘.mp3 开始下载...
2020-05-28 13:33:47,365 - myapi - ERROR - >> D:\music-down\netease\王菲\\downmp3\王菲 - 给自己的情书.mp3 的下载地址无效.
2020-05-28 13:33:47,365 - myapi - ERROR - >> D:\music-down\netease\王菲\\downmp3\王菲 - 致青春.mp3 的下载地址无效.
2020-05-28 13:33:47,365 - myapi - ERROR - >> D:\music-down\netease\王菲\\downmp3\王菲 - 尘埃.mp3 的下载地址无效.
2020-05-28 13:33:47,365 - myapi - INFO - >>D:\music-down\netease\王菲\\downmp3\王菲 - 梦中人.mp3 开始下载...
2020-05-28 13:33:51,810 - myapi - INFO - >>D:\music-down\netease\王菲\\downmp3\王菲 - 人间(Live).mp3 开始下载...
2020-05-28 13:33:57,007 - myapi - INFO - >>D:\music-down\netease\王菲\\downmp3\王菲 - 执迷不悔 (粤语版).mp3 开始下载...
2020-05-28 13:34:01,910 - myapi - ERROR - >> D:\music-down\netease\王菲\\downmp3\王菲 - 旋木.mp3 的下载地址无效.
2020-05-28 13:34:01,910 - myapi - INFO - >>D:\music-down\netease\王菲\\downmp3\王菲 - 但愿人长久.mp3 开始下载...
2020-05-28 13:34:06,712 - myapi - ERROR - >> D:\music-down\netease\王菲\\downmp3\王菲 - 清风徐来.mp3 的下载地址无效.
2020-05-28 13:34:06,713 - myapi - INFO - >>D:\music-down\netease\王菲\\downmp3\王菲&邓丽君 - 清平调.mp3 开始下载...
2020-05-28 13:34:10,678 - myapi - ERROR - >> D:\music-down\netease\王菲\\downmp3\王菲 - 催眠.mp3 的下载地址无效.
2020-05-28 13:34:10,678 - myapi - ERROR - >> D:\music-down\netease\王菲\\downmp3\王菲 - 我爱你.mp3 的下载地址无效.
2020-05-28 13:34:10,679 - myapi - INFO - >>D:\music-down\netease\王菲\\downmp3\王菲 - 微风细雨 (Live).mp3 开始下载...
2020-05-28 13:34:13,783 - myapi - INFO - >>D:\music-down\netease\王菲\\downmp3\王菲 - 如风.mp3 开始下载...
2020-05-28 13:34:18,164 - myapi - INFO - >>D:\music-down\netease\王菲\\downmp3\王菲 - 我愿意.mp3 开始下载...
2020-05-28 13:34:22,215 - myapi - ERROR - >> D:\music-down\netease\王菲\\downmp3\王菲 - 红豆.mp3 的下载地址无效.
2020-05-28 13:34:22,215 - myapi - INFO - >>D:\music-down\netease\王菲\\downmp3\王菲 - 棋子.mp3 开始下载...
2020-05-28 13:34:26,661 - myapi - ERROR - >> D:\music-down\netease\王菲\\downmp3\王菲 - 邮差.mp3 的下载地址无效.
2020-05-28 13:34:26,661 - myapi - ERROR - >> D:\music-down\netease\王菲\\downmp3\王菲 - 开到荼蘼.mp3 的下载地址无效.
2020-05-28 13:34:26,661 - myapi - ERROR - >> D:\music-down\netease\王菲\\downmp3\王菲 - 人间.mp3 的下载地址无效.
2020-05-28 13:34:26,661 - myapi - ERROR - >> D:\music-down\netease\王菲\\downmp3\王菲 - 闷.mp3 的下载地址无效.
2020-05-28 13:34:26,661 - myapi - INFO - >>D:\music-down\netease\王菲\\downmp3\王菲 - 无问西东.mp3 开始下载...
2020-05-28 13:34:30,825 - myapi - INFO - >>D:\music-down\netease\王菲\\downmp3\王菲 - 南海姑娘.mp3 开始下载...
2020-05-28 13:34:33,478 - myapi - ERROR - >> D:\music-down\netease\王菲\\downmp3\王菲 - 乘客.mp3 的下载地址无效.
2020-05-28 13:34:33,478 - myapi - INFO - >>D:\music-down\netease\王菲\\downmp3\王菲 - 执迷不悔(国).mp3 开始下载...
2020-05-28 13:34:37,235 - myapi - INFO - >>D:\music-down\netease\王菲\\downmp3\王菲 - 容易受伤的女人(粤).mp3 开始下载...
2020-05-28 13:34:40,904 - myapi - INFO - >>D:\music-down\netease\王菲\\downmp3\王菲 - 天空.mp3 开始下载...
2020-05-28 13:34:44,896 - myapi - ERROR - >> D:\music-down\netease\王菲\\downmp3\王菲 - 我也不想这样.mp3 的下载地址无效.
2020-05-28 13:34:44,896 - myapi - ERROR - >> D:\music-down\netease\王菲\\downmp3\王菲 - 迷魂记.mp3 的下载地址无效.
2020-05-28 13:34:44,896 - myapi - INFO - >>D:\music-down\netease\王菲\\downmp3\王菲 - 又见炊烟.mp3 开始下载...
2020-05-28 13:34:47,966 - myapi - ERROR - >> D:\music-down\netease\王菲\\downmp3\王菲 - 不留.mp3 的下载地址无效.
2020-05-28 13:34:47,966 - myapi - INFO - >>D:\music-down\netease\王菲\\downmp3\王菲 - 金刚经.mp3 开始下载...
2020-05-28 13:35:21,908 - myapi - ERROR - >> D:\music-down\netease\王菲\\downmp3\王菲 - 半途而废.mp3 的下载地址无效.
