2020-05-28 12:58:40,630 - netease - INFO - Enemy 数据获取中...
2020-05-28 12:58:40,813 - netease - INFO - Hall of Fame 数据获取中...
2020-05-28 12:58:40,963 - netease - INFO - Move Up (Lost Gravity) 数据获取中...
2020-05-28 12:58:41,102 - netease - INFO - Young And Beautiful 数据获取中...
2020-05-28 12:58:41,275 - netease - INFO - Where Is Your Love 数据获取中...
2020-05-28 12:58:41,427 - netease - INFO - Soldier 数据获取中...
2020-05-28 12:58:41,597 - netease - INFO - The New Kings 数据获取中...
2020-05-28 12:58:41,731 - netease - INFO - Counting Sheep 数据获取中...
2020-05-28 12:58:41,868 - netease - INFO - Walk Thru Fire 数据获取中...
2020-05-28 12:58:42,012 - netease - INFO - POPSTARS 数据获取中...
2020-05-28 12:58:42,185 - netease - INFO - This Town 数据获取中...
2020-05-28 12:58:42,352 - netease - INFO - Fly With The Wind 数据获取中...
2020-05-28 12:58:42,510 - netease - INFO - Everybody Knows I Love You 数据获取中...
2020-05-28 12:58:42,677 - netease - INFO - Heroes 数据获取中...
2020-05-28 12:58:42,839 - netease - INFO - Don't Look Down 数据获取中...
2020-05-28 12:58:43,007 - netease - INFO - This Is Our Time 数据获取中...
2020-05-28 12:58:43,358 - netease - INFO - Lily 数据获取中...
2020-05-28 12:58:43,516 - netease - INFO - Go Time 数据获取中...
2020-05-28 12:58:43,651 - netease - INFO - bad guy 数据获取中...
2020-05-28 12:58:43,804 - netease - INFO - Silver Scrapes 数据获取中...
2020-05-28 12:58:43,974 - netease - INFO - Legends Never Die 数据获取中...
2020-05-28 12:58:44,135 - netease - INFO - RISE 数据获取中...
2020-05-28 12:58:44,277 - netease - INFO - In The End（Haokun Remix） 数据获取中...
2020-05-28 12:58:44,438 - netease - INFO - Only Dreamers 数据获取中...
2020-05-28 12:58:44,626 - netease - INFO - Next To Me 数据获取中...
2020-05-28 12:58:44,809 - netease - INFO - she's all yours 数据获取中...
2020-05-28 12:58:44,967 - netease - INFO - Runaway 数据获取中...
2020-05-28 12:58:45,157 - netease - INFO - Must Be Something 数据获取中...
2020-05-28 12:58:45,316 - netease - INFO - Dancing With Your Ghost 数据获取中...
2020-05-28 12:58:45,509 - netease - INFO - Love You Like A Love Song 数据获取中...
2020-05-28 12:58:45,688 - netease - INFO - On My Way (ADMA Bootleg) (Bootleg) 数据获取中...
2020-05-28 12:58:45,838 - netease - INFO - Popularity 数据获取中...
2020-05-28 12:58:46,003 - netease - INFO - My Only One (No Hay Nadie Más) 数据获取中...
2020-05-28 12:58:46,172 - netease - INFO - The Spectre 数据获取中...
2020-05-28 12:58:46,329 - netease - INFO - Señorita 数据获取中...
2020-05-28 12:58:46,479 - netease - INFO - These Days (feat. Jess Glynne, Macklemore & Dan Caplen) 数据获取中...
2020-05-28 12:58:46,636 - netease - INFO - End Of The Night 数据获取中...
2020-05-28 12:58:46,793 - netease - INFO - Born to Love You 数据获取中...
2020-05-28 12:58:46,957 - netease - INFO - Lost Without You 数据获取中...
2020-05-28 12:58:47,118 - netease - INFO - Solo 数据获取中...
2020-05-28 12:58:47,285 - netease - INFO - Photograph 数据获取中...
2020-05-28 12:58:47,439 - netease - INFO - Counting Down To Christmas 数据获取中...
2020-05-28 12:58:47,605 - netease - INFO - New Rules (Vicetone Remix) 数据获取中...
2020-05-28 12:58:47,770 - netease - INFO - In My Blood 数据获取中...
2020-05-28 12:58:47,917 - netease - INFO - Coming Home 数据获取中...
2020-05-28 12:58:48,077 - netease - INFO - Unstoppable 数据获取中...
2020-05-28 12:58:48,255 - netease - INFO - Summer Vibe (Pegato Remix) 数据获取中...
2020-05-28 12:58:48,461 - netease - INFO - All I Need 数据获取中...
2020-05-28 12:58:48,616 - netease - INFO - Rags To Rings 数据获取中...
2020-05-28 12:58:48,766 - netease - INFO - Tidal Wave 数据获取中...
2020-05-28 12:58:48,954 - netease - INFO - Back to You 数据获取中...
2020-05-28 12:58:49,108 - netease - INFO - Brave 数据获取中...
2020-05-28 12:58:49,280 - netease - INFO - Pillow talk 数据获取中...
2020-05-28 12:58:49,437 - netease - INFO - How To Love  数据获取中...
2020-05-28 12:58:49,582 - netease - INFO - Are You With Me 数据获取中...
2020-05-28 12:58:49,763 - netease - INFO - Tired 数据获取中...
2020-05-28 12:58:49,928 - netease - INFO - Don't Leave Me (Ne Me Quitte Pas) 数据获取中...
2020-05-28 12:58:50,069 - netease - INFO - Step Off 数据获取中...
2020-05-28 12:58:50,215 - netease - INFO - Stay (Felix Cartal Remix) 数据获取中...
2020-05-28 12:58:50,363 - netease - INFO - In A Tree 数据获取中...
2020-05-28 12:58:50,521 - netease - INFO - Undo 数据获取中...
2020-05-28 12:58:50,657 - netease - INFO - Save the World 数据获取中...
2020-05-28 12:58:50,826 - netease - INFO - Loser 数据获取中...
2020-05-28 12:58:50,985 - netease - INFO - 3 Wishes 数据获取中...
2020-05-28 12:58:51,171 - netease - INFO - Can We Dance 数据获取中...
2020-05-28 12:58:51,338 - netease - INFO - Viva La Vida 数据获取中...
2020-05-28 12:58:51,497 - netease - INFO - Coming Home (A.N.O. Remix) 数据获取中...
2020-05-28 12:58:51,682 - netease - INFO - Raindrops 数据获取中...
2020-05-28 12:58:51,836 - netease - INFO - Cut 数据获取中...
2020-05-28 12:58:52,028 - netease - INFO - La Da Dee 数据获取中...
2020-05-28 12:58:52,174 - netease - INFO - liability (demo) 数据获取中...
2020-05-28 12:58:52,296 - netease - INFO - Try Everything 数据获取中...
2020-05-28 12:58:52,443 - netease - INFO - Six Feet Under 数据获取中...
2020-05-28 12:58:52,614 - netease - INFO - Only One 数据获取中...
2020-05-28 12:58:52,782 - netease - INFO - All Falls Down 数据获取中...
2020-05-28 12:58:52,944 - netease - INFO - Havana 数据获取中...
2020-05-28 12:58:53,158 - netease - INFO - Nevada (feat. Cozi Zuehlsdorff) 数据获取中...
2020-05-28 12:58:53,308 - netease - INFO - Skin 数据获取中...
2020-05-28 12:58:53,481 - netease - INFO - Down 数据获取中...
2020-05-28 12:58:53,649 - netease - INFO - Prepare for Disappointment 数据获取中...
2020-05-28 12:58:53,826 - netease - INFO - Hymn For The Weekend [Remix] 数据获取中...
2020-05-28 12:58:53,981 - netease - INFO - You Are a Lover 数据获取中...
2020-05-28 12:58:54,136 - netease - INFO - Love The Way You Lie [Part III (Original Demo)] 数据获取中...
2020-05-28 12:58:54,299 - netease - INFO - Almost Lover 数据获取中...
2020-05-28 12:58:54,453 - netease - INFO - Send It  数据获取中...
2020-05-28 12:58:54,615 - netease - INFO - Reality 数据获取中...
2020-05-28 12:58:54,760 - netease - INFO - You Don't Know Me 数据获取中...
2020-05-28 12:58:54,908 - netease - INFO - Walk Away 数据获取中...
2020-05-28 12:58:55,105 - netease - INFO - I Just Wanna Run 数据获取中...
2020-05-28 12:58:55,270 - netease - INFO - Let Her Go 数据获取中...
2020-05-28 12:58:55,429 - netease - INFO - Try 数据获取中...
2020-05-28 12:58:55,592 - netease - INFO - I Hate Myself For Loving You 数据获取中...
2020-05-28 12:58:55,729 - netease - INFO - Sofía 数据获取中...
2020-05-28 12:58:55,922 - netease - INFO - And Then You 数据获取中...
2020-05-28 12:58:56,089 - netease - INFO - Forgettable 数据获取中...
2020-05-28 12:58:56,244 - netease - INFO - Ship In The Sand 数据获取中...
2020-05-28 12:58:56,441 - netease - INFO - Fuerteventura 数据获取中...
2020-05-28 12:58:56,593 - netease - INFO - On a Slow Boat to China 数据获取中...
2020-05-28 12:58:56,749 - netease - INFO - Your Bones 数据获取中...
2020-05-28 12:58:56,905 - netease - INFO - Battles and Wastelands 数据获取中...
2020-05-28 12:58:57,046 - netease - INFO - Parachute 数据获取中...
2020-05-28 12:58:57,203 - netease - INFO - Think Again 数据获取中...
2020-05-28 12:58:57,357 - netease - INFO - Mustang cabriolet 数据获取中...
2020-05-28 12:58:57,515 - netease - INFO - Hero 数据获取中...
2020-05-28 12:58:57,668 - netease - INFO - That Girl 数据获取中...
2020-05-28 12:58:57,824 - netease - INFO - Headlight 数据获取中...
2020-05-28 12:58:57,978 - netease - INFO - Les Rois Du Monde 数据获取中...
2020-05-28 12:58:58,165 - netease - INFO - Les rois du monde 数据获取中...
2020-05-28 12:58:58,413 - netease - INFO - Telescope 数据获取中...
2020-05-28 12:58:58,555 - netease - INFO - It Ain't Me 数据获取中...
2020-05-28 12:58:58,720 - netease - INFO - Something Just Like This 数据获取中...
2020-05-28 12:58:58,873 - netease - INFO - No One But You 数据获取中...
2020-05-28 12:58:59,019 - netease - INFO - Revolution 数据获取中...
2020-05-28 12:58:59,203 - netease - INFO - It Ain't Me 数据获取中...
2020-05-28 12:58:59,371 - netease - INFO - Something Just Like This 数据获取中...
2020-05-28 12:58:59,552 - netease - INFO - Broken Angel 数据获取中...
2020-05-28 12:58:59,732 - netease - INFO - 2U 数据获取中...
2020-05-28 12:58:59,873 - netease - INFO - Too Far 数据获取中...
2020-05-28 12:59:00,026 - netease - INFO - Traveling Light 数据获取中...
2020-05-28 12:59:00,219 - netease - INFO - Whistle 数据获取中...
2020-05-28 12:59:00,376 - netease - INFO - The Lazy Song 数据获取中...
2020-05-28 12:59:00,525 - netease - INFO - Marry You 数据获取中...
2020-05-28 12:59:00,682 - netease - INFO - Just the Way You Are 数据获取中...
2020-05-28 12:59:00,914 - netease - INFO - Lone Ranger 数据获取中...
2020-05-28 12:59:01,095 - netease - INFO - Jocelin 数据获取中...
2020-05-28 12:59:01,259 - netease - INFO - Walk on By 数据获取中...
2020-05-28 12:59:01,398 - netease - INFO - Lov3 Ngẫu Hứng 数据获取中...
2020-05-28 12:59:01,546 - netease - INFO - On The Floor 数据获取中...
2020-05-28 12:59:01,687 - netease - INFO - Where'd You Go 数据获取中...
2020-05-28 12:59:01,858 - netease - INFO - We Don't Talk Anymore（Cover Charlie Puth&Selena Gomez） 数据获取中...
2020-05-28 12:59:02,014 - netease - INFO - Try 数据获取中...
2020-05-28 12:59:02,170 - netease - INFO - Yellow 数据获取中...
2020-05-28 12:59:02,328 - netease - INFO - Flower Dance 数据获取中...
2020-05-28 12:59:02,464 - netease - INFO - If I Die Young 数据获取中...
2020-05-28 12:59:02,604 - netease - INFO - Breath and Life 数据获取中...
2020-05-28 12:59:02,753 - netease - INFO - I Just Wanna Run 数据获取中...
2020-05-28 12:59:02,901 - netease - INFO - Faded 数据获取中...
2020-05-28 12:59:03,069 - netease - INFO - I Am Me Once More 数据获取中...
2020-05-28 12:59:03,223 - myapi - INFO - json文件写入中...
2020-05-28 12:59:03,294 - myapi - INFO - json文件写入完成.
2020-05-28 12:59:03,295 - myapi - INFO - >>D:\music-down\netease\Eng♬\\downmp3\Jennifer March - Enemy.mp3 开始下载...
2020-05-28 12:59:07,346 - myapi - INFO - >>D:\music-down\netease\Eng♬\\downmp3\The Script&will.i.am - Hall of Fame.mp3 开始下载...
2020-05-28 12:59:10,787 - myapi - INFO - >>D:\music-down\netease\Eng♬\\downmp3\Mr. Polska - Move Up (Lost Gravity).mp3 开始下载...
2020-05-28 12:59:14,542 - myapi - INFO - >>D:\music-down\netease\Eng♬\\downmp3\Lana Del Rey - Young And Beautiful.mp3 开始下载...
2020-05-28 12:59:18,473 - myapi - INFO - >>D:\music-down\netease\Eng♬\\downmp3\J. Lisk - Where Is Your Love.mp3 开始下载...
2020-05-28 12:59:20,727 - myapi - INFO - >>D:\music-down\netease\Eng♬\\downmp3\Samantha Jade - Soldier.mp3 开始下载...
2020-05-28 12:59:23,757 - myapi - INFO - >>D:\music-down\netease\Eng♬\\downmp3\Vicetone&Popeska&Luciana - The New Kings.mp3 开始下载...
2020-05-28 12:59:27,050 - myapi - INFO - >>D:\music-down\netease\Eng♬\\downmp3\SAFIA - Counting Sheep.mp3 开始下载...
2020-05-28 12:59:29,746 - myapi - INFO - >>D:\music-down\netease\Eng♬\\downmp3\Vicetone&Meron Ryan - Walk Thru Fire.mp3 开始下载...
2020-05-28 12:59:33,293 - myapi - INFO - >>D:\music-down\netease\Eng♬\\downmp3\Madison Beer&(G)I-DLE&Jaira Burns - POPSTARS.mp3 开始下载...
2020-05-28 12:59:36,007 - myapi - INFO - >>D:\music-down\netease\Eng♬\\downmp3\Kygo&Sasha Sloan - This Town.mp3 开始下载...
2020-05-28 12:59:39,124 - myapi - INFO - >>D:\music-down\netease\Eng♬\\downmp3\BaeChiGi&Punch - Fly With The Wind.mp3 开始下载...
2020-05-28 12:59:42,004 - myapi - INFO - >>D:\music-down\netease\Eng♬\\downmp3\Lovebugs - Everybody Knows I Love You.mp3 开始下载...
2020-05-28 12:59:45,768 - myapi - INFO - >>D:\music-down\netease\Eng♬\\downmp3\Zayde Wølf - Heroes.mp3 开始下载...
2020-05-28 12:59:49,127 - myapi - INFO - >>D:\music-down\netease\Eng♬\\downmp3\Hidden Citizens&Erin McCarley - Don't Look Down.mp3 开始下载...
2020-05-28 12:59:52,442 - myapi - INFO - >>D:\music-down\netease\Eng♬\\downmp3\Hidden Citizens&Rånya - This Is Our Time.mp3 开始下载...
2020-05-28 12:59:56,159 - myapi - INFO - >>D:\music-down\netease\Eng♬\\downmp3\Alan Walker&K-391&Emelie Hollow - Lily.mp3 开始下载...
2020-05-28 12:59:59,423 - myapi - INFO - >>D:\music-down\netease\Eng♬\\downmp3\Mark Petrie - Go Time.mp3 开始下载...
2020-05-28 13:00:01,495 - myapi - INFO - >>D:\music-down\netease\Eng♬\\downmp3\Billie Eilish - bad guy.mp3 开始下载...
2020-05-28 13:00:04,332 - myapi - INFO - >>D:\music-down\netease\Eng♬\\downmp3\英雄联盟&Danny McCarthy - Silver Scrapes.mp3 开始下载...
2020-05-28 13:00:07,246 - myapi - INFO - >>D:\music-down\netease\Eng♬\\downmp3\Against the Current - Legends Never Die.mp3 开始下载...
2020-05-28 13:00:11,027 - myapi - INFO - >>D:\music-down\netease\Eng♬\\downmp3\The Glitch Mob&Mako&The Word Alive - RISE.mp3 开始下载...
2020-05-28 13:00:15,404 - myapi - INFO - >>D:\music-down\netease\Eng♬\\downmp3\RoiMarch - In The End（Haokun Remix）.mp3 开始下载...
2020-05-28 13:00:18,521 - myapi - INFO - >>D:\music-down\netease\Eng♬\\downmp3\Helene Fischer - Only Dreamers.mp3 开始下载...
2020-05-28 13:00:21,673 - myapi - INFO - >>D:\music-down\netease\Eng♬\\downmp3\Axel Johansson&Tina Stachowiak - Next To Me.mp3 开始下载...
2020-05-28 13:00:24,513 - myapi - INFO - >>D:\music-down\netease\Eng♬\\downmp3\Loote - she's all yours.mp3 开始下载...
2020-05-28 13:00:26,805 - myapi - INFO - >>D:\music-down\netease\Eng♬\\downmp3\Sasha Sloan - Runaway.mp3 开始下载...
2020-05-28 13:00:29,966 - myapi - INFO - >>D:\music-down\netease\Eng♬\\downmp3\The Pierces - Must Be Something.mp3 开始下载...
2020-05-28 13:00:33,302 - myapi - INFO - >>D:\music-down\netease\Eng♬\\downmp3\Sasha Sloan - Dancing With Your Ghost.mp3 开始下载...
2020-05-28 13:00:37,070 - myapi - INFO - >>D:\music-down\netease\Eng♬\\downmp3\Selena Gomez & The Scene - Love You Like A Love Song.mp3 开始下载...
2020-05-28 13:00:40,303 - myapi - INFO - >>D:\music-down\netease\Eng♬\\downmp3\AdMa&Alan Walker - On My Way (ADMA Bootleg) (Bootleg).mp3 开始下载...
2020-05-28 13:00:42,807 - myapi - ERROR - >> D:\music-down\netease\Eng♬\\downmp3\Julian Moon - Popularity.mp3 mp3的下载地址无效.
2020-05-28 13:00:42,808 - myapi - INFO - >>D:\music-down\netease\Eng♬\\downmp3\Sebastian Yatra&Isabela Moner - My Only One (No Hay Nadie Más).mp3 开始下载...
2020-05-28 13:00:45,815 - myapi - INFO - >>D:\music-down\netease\Eng♬\\downmp3\Alan Walker - The Spectre.mp3 开始下载...
2020-05-28 13:00:49,172 - myapi - INFO - >>D:\music-down\netease\Eng♬\\downmp3\MADILYN - Señorita.mp3 开始下载...
2020-05-28 13:01:04,676 - myapi - ERROR - >> D:\music-down\netease\Eng♬\\downmp3\Rudimental&Jess Glynne&Macklemore&Dan Caplen - These Days (feat. Jess Glynne, Macklemore & Dan Caplen).mp3 mp3的下载地址无效.
2020-05-28 13:01:04,676 - myapi - INFO - >>D:\music-down\netease\Eng♬\\downmp3\Danny Avila - End Of The Night.mp3 开始下载...
2020-05-28 13:01:07,931 - myapi - INFO - >>D:\music-down\netease\Eng♬\\downmp3\LANCO - Born to Love You.mp3 开始下载...
2020-05-28 13:01:11,826 - myapi - INFO - >>D:\music-down\netease\Eng♬\\downmp3\Delta Goodrem - Lost Without You.mp3 开始下载...
2020-05-28 13:01:15,543 - myapi - ERROR - >> D:\music-down\netease\Eng♬\\downmp3\Clean Bandit&Demi Lovato - Solo.mp3 mp3的下载地址无效.
2020-05-28 13:01:15,546 - myapi - ERROR - >> D:\music-down\netease\Eng♬\\downmp3\Ed Sheeran - Photograph.mp3 mp3的下载地址无效.
2020-05-28 13:01:15,546 - myapi - INFO - >>D:\music-down\netease\Eng♬\\downmp3\Campsite Dream - Counting Down To Christmas.mp3 开始下载...
2020-05-28 13:01:18,466 - myapi - INFO - >>D:\music-down\netease\Eng♬\\downmp3\Vicetone&Dua Lipa - New Rules (Vicetone Remix).mp3 开始下载...
2020-05-28 13:01:21,777 - myapi - INFO - >>D:\music-down\netease\Eng♬\\downmp3\The Veronicas - In My Blood.mp3 开始下载...
2020-05-28 13:01:24,792 - myapi - INFO - >>D:\music-down\netease\Eng♬\\downmp3\Dash Berlin&Bo Bruce - Coming Home.mp3 开始下载...
2020-05-28 13:01:29,469 - myapi - INFO - >>D:\music-down\netease\Eng♬\\downmp3\Sia - Unstoppable.mp3 开始下载...
2020-05-28 13:01:32,939 - myapi - INFO - >>D:\music-down\netease\Eng♬\\downmp3\Pegato&Walk off the Earth - Summer Vibe (Pegato Remix).mp3 开始下载...
2020-05-28 13:01:36,204 - myapi - INFO - >>D:\music-down\netease\Eng♬\\downmp3\Robert Cutarella & Sebastian Royce - All I Need.mp3 开始下载...
2020-05-28 13:01:39,000 - myapi - INFO - >>D:\music-down\netease\Eng♬\\downmp3\英雄联盟&Mark Petrie&Danny McCarthy - Rags To Rings.mp3 开始下载...
2020-05-28 13:01:43,270 - myapi - INFO - >>D:\music-down\netease\Eng♬\\downmp3\Kiso&Rossy - Tidal Wave.mp3 开始下载...
2020-05-28 13:01:45,880 - myapi - INFO - >>D:\music-down\netease\Eng♬\\downmp3\Amanda Noelle - Back to You.mp3 开始下载...
2020-05-28 13:01:49,001 - myapi - INFO - >>D:\music-down\netease\Eng♬\\downmp3\Fancy Cars - Brave.mp3 开始下载...
2020-05-28 13:01:51,806 - myapi - INFO - >>D:\music-down\netease\Eng♬\\downmp3\Auryn - Pillow talk.mp3 开始下载...
2020-05-28 13:01:55,129 - myapi - ERROR - >> D:\music-down\netease\Eng♬\\downmp3\Cash Cash&Sofia Reyes - How To Love .mp3 mp3的下载地址无效.
2020-05-28 13:01:55,129 - myapi - INFO - >>D:\music-down\netease\Eng♬\\downmp3\Lost Frequencies - Are You With Me.mp3 开始下载...
2020-05-28 13:01:57,314 - myapi - INFO - >>D:\music-down\netease\Eng♬\\downmp3\Alan Walker&Gavin James - Tired.mp3 开始下载...
2020-05-28 13:02:02,043 - myapi - ERROR - >> D:\music-down\netease\Eng♬\\downmp3\Regina Spektor - Don't Leave Me (Ne Me Quitte Pas).mp3 mp3的下载地址无效.
2020-05-28 13:02:02,044 - myapi - INFO - >>D:\music-down\netease\Eng♬\\downmp3\Kacey Musgraves - Step Off.mp3 开始下载...
2020-05-28 13:02:04,652 - myapi - INFO - >>D:\music-down\netease\Eng♬\\downmp3\Felix Cartal&Zedd&Alessia Cara - Stay (Felix Cartal Remix).mp3 开始下载...
2020-05-28 13:02:07,495 - myapi - INFO - >>D:\music-down\netease\Eng♬\\downmp3\Priscilla Ahn - In A Tree.mp3 开始下载...
2020-05-28 13:02:09,799 - myapi - ERROR - >> D:\music-down\netease\Eng♬\\downmp3\Sanna Nielsen - Undo.mp3 mp3的下载地址无效.
2020-05-28 13:02:09,799 - myapi - INFO - >>D:\music-down\netease\Eng♬\\downmp3\Julian Moon&Kat Krazy - Save the World.mp3 开始下载...
2020-05-28 13:02:12,869 - myapi - ERROR - >> D:\music-down\netease\Eng♬\\downmp3\Julian Moon - Loser.mp3 mp3的下载地址无效.
2020-05-28 13:02:12,869 - myapi - INFO - >>D:\music-down\netease\Eng♬\\downmp3\Dave Thomas Junior - 3 Wishes.mp3 开始下载...
2020-05-28 13:02:15,921 - myapi - INFO - >>D:\music-down\netease\Eng♬\\downmp3\The Vamps - Can We Dance.mp3 开始下载...
2020-05-28 13:02:18,920 - myapi - ERROR - >> D:\music-down\netease\Eng♬\\downmp3\Coldplay - Viva La Vida.mp3 mp3的下载地址无效.
2020-05-28 13:02:18,920 - myapi - INFO - >>D:\music-down\netease\Eng♬\\downmp3\Skylar Grey&The Paragon Axis - Coming Home (A.N.O. Remix).mp3 开始下载...
2020-05-28 13:02:22,485 - myapi - INFO - >>D:\music-down\netease\Eng♬\\downmp3\Eliane - Raindrops.mp3 开始下载...
2020-05-28 13:02:25,840 - myapi - INFO - >>D:\music-down\netease\Eng♬\\downmp3\Plumb - Cut.mp3 开始下载...
2020-05-28 13:02:29,539 - myapi - ERROR - >> D:\music-down\netease\Eng♬\\downmp3\Cody Simpson - La Da Dee.mp3 mp3的下载地址无效.
2020-05-28 13:02:29,540 - myapi - INFO - >>D:\music-down\netease\Eng♬\\downmp3\Tove Styrke - liability (demo).mp3 开始下载...
2020-05-28 13:02:32,223 - myapi - INFO - >>D:\music-down\netease\Eng♬\\downmp3\Shakira - Try Everything.mp3 开始下载...
2020-05-28 13:02:35,809 - myapi - INFO - >>D:\music-down\netease\Eng♬\\downmp3\Billie Eilish - Six Feet Under.mp3 开始下载...
2020-05-28 13:02:39,142 - myapi - INFO - >>D:\music-down\netease\Eng♬\\downmp3\Various Artists - Only One.mp3 开始下载...
2020-05-28 13:02:42,290 - myapi - INFO - >>D:\music-down\netease\Eng♬\\downmp3\Alan Walker&Noah Cyrus&Digital Farm Animals - All Falls Down.mp3 开始下载...
2020-05-28 13:02:45,263 - myapi - INFO - >>D:\music-down\netease\Eng♬\\downmp3\Camila Cabello&Young Thug - Havana.mp3 开始下载...
2020-05-28 13:02:48,565 - myapi - INFO - >>D:\music-down\netease\Eng♬\\downmp3\Vicetone&Cozi Zuehlsdorff - Nevada (feat. Cozi Zuehlsdorff).mp3 开始下载...
2020-05-28 13:02:53,247 - myapi - INFO - >>D:\music-down\netease\Eng♬\\downmp3\Rag'N'Bone Man - Skin.mp3 开始下载...
2020-05-28 13:02:56,810 - myapi - INFO - >>D:\music-down\netease\Eng♬\\downmp3\Jason Walker - Down.mp3 开始下载...
2020-05-28 13:03:01,258 - myapi - INFO - >>D:\music-down\netease\Eng♬\\downmp3\Matt Elliott - Prepare for Disappointment.mp3 开始下载...
2020-05-28 13:03:04,982 - myapi - INFO - >>D:\music-down\netease\Eng♬\\downmp3\Alan Walker&Coldplay - Hymn For The Weekend [Remix].mp3 开始下载...
2020-05-28 13:03:08,300 - myapi - INFO - >>D:\music-down\netease\Eng♬\\downmp3\The Unbending Trees - You Are a Lover.mp3 开始下载...
2020-05-28 13:03:11,720 - myapi - INFO - >>D:\music-down\netease\Eng♬\\downmp3\Skylar Grey - Love The Way You Lie [Part III (Original Demo)].mp3 开始下载...
2020-05-28 13:03:15,219 - myapi - INFO - >>D:\music-down\netease\Eng♬\\downmp3\Jasmine Thompson - Almost Lover.mp3 开始下载...
2020-05-28 13:03:19,130 - myapi - ERROR - >> D:\music-down\netease\Eng♬\\downmp3\Austin Mahone&Rich Homie Quan - Send It .mp3 mp3的下载地址无效.
2020-05-28 13:03:19,131 - myapi - INFO - >>D:\music-down\netease\Eng♬\\downmp3\Lost Frequencies&Janieck - Reality.mp3 开始下载...
2020-05-28 13:03:21,887 - myapi - ERROR - >> D:\music-down\netease\Eng♬\\downmp3\Ofenbach - You Don't Know Me.mp3 mp3的下载地址无效.
2020-05-28 13:03:21,887 - myapi - INFO - >>D:\music-down\netease\Eng♬\\downmp3\LVNDSCAPE&Kaptan - Walk Away.mp3 开始下载...
2020-05-28 13:03:24,626 - myapi - INFO - >>D:\music-down\netease\Eng♬\\downmp3\Kait Weston - I Just Wanna Run.mp3 开始下载...
2020-05-28 13:03:27,764 - myapi - INFO - >>D:\music-down\netease\Eng♬\\downmp3\Jasmine Thompson - Let Her Go.mp3 开始下载...
2020-05-28 13:03:30,433 - myapi - INFO - >>D:\music-down\netease\Eng♬\\downmp3\P!nk - Try.mp3 开始下载...
2020-05-28 13:03:34,502 - myapi - INFO - >>D:\music-down\netease\Eng♬\\downmp3\Joan Jett & the Blackhearts - I Hate Myself For Loving You.mp3 开始下载...
2020-05-28 13:03:38,250 - myapi - INFO - >>D:\music-down\netease\Eng♬\\downmp3\Álvaro Soler - Sofía.mp3 开始下载...
2020-05-28 13:03:41,470 - myapi - INFO - >>D:\music-down\netease\Eng♬\\downmp3\Greg Laswell - And Then You.mp3 开始下载...
2020-05-28 13:03:44,711 - myapi - INFO - >>D:\music-down\netease\Eng♬\\downmp3\Project 46&Olivia - Forgettable.mp3 开始下载...
2020-05-28 13:03:47,555 - myapi - INFO - >>D:\music-down\netease\Eng♬\\downmp3\Marble Sounds - Ship In The Sand.mp3 开始下载...
2020-05-28 13:03:50,925 - myapi - INFO - >>D:\music-down\netease\Eng♬\\downmp3\Russian Red - Fuerteventura.mp3 开始下载...
2020-05-28 13:03:53,012 - myapi - INFO - >>D:\music-down\netease\Eng♬\\downmp3\Luke Thompson - On a Slow Boat to China.mp3 开始下载...
2020-05-28 13:03:56,188 - myapi - INFO - >>D:\music-down\netease\Eng♬\\downmp3\Of Monsters And Men - Your Bones.mp3 开始下载...
2020-05-28 13:04:00,408 - myapi - INFO - >>D:\music-down\netease\Eng♬\\downmp3\Neo Retros - Battles and Wastelands.mp3 开始下载...
2020-05-28 13:04:03,475 - myapi - INFO - >>D:\music-down\netease\Eng♬\\downmp3\Sean Lennon - Parachute.mp3 开始下载...
2020-05-28 13:04:06,514 - myapi - INFO - >>D:\music-down\netease\Eng♬\\downmp3\Kate Havnevik - Think Again.mp3 开始下载...
2020-05-28 13:04:10,386 - myapi - INFO - >>D:\music-down\netease\Eng♬\\downmp3\Paris Brune - Mustang cabriolet.mp3 开始下载...
2020-05-28 13:04:13,987 - myapi - ERROR - >> D:\music-down\netease\Eng♬\\downmp3\Family of the Year - Hero.mp3 mp3的下载地址无效.
2020-05-28 13:04:13,987 - myapi - INFO - >>D:\music-down\netease\Eng♬\\downmp3\Olly Murs - That Girl.mp3 开始下载...
2020-05-28 13:04:16,764 - myapi - ERROR - >> D:\music-down\netease\Eng♬\\downmp3\MONKEY MAJIK - Headlight.mp3 mp3的下载地址无效.
2020-05-28 13:04:16,764 - myapi - INFO - >>D:\music-down\netease\Eng♬\\downmp3\Damien Sargue&Philippe D'Avilla&Grégori Baquet - Les Rois Du Monde.mp3 开始下载...
2020-05-28 13:04:20,443 - myapi - INFO - >>D:\music-down\netease\Eng♬\\downmp3\Gérard Presgurvic - Les rois du monde.mp3 开始下载...
2020-05-28 13:04:24,098 - myapi - INFO - >>D:\music-down\netease\Eng♬\\downmp3\Tim Legend&Transviolet - Telescope.mp3 开始下载...
2020-05-28 13:04:27,895 - myapi - INFO - >>D:\music-down\netease\Eng♬\\downmp3\Kygo&Selena Gomez - It Ain't Me.mp3 开始下载...
2020-05-28 13:04:31,200 - myapi - INFO - >>D:\music-down\netease\Eng♬\\downmp3\Sam Tsui&Kurt Hugo Schneider - Something Just Like This.mp3 开始下载...
2020-05-28 13:04:34,289 - myapi - INFO - >>D:\music-down\netease\Eng♬\\downmp3\Doug Paisley - No One But You.mp3 开始下载...
2020-05-28 13:04:37,327 - myapi - INFO - >>D:\music-down\netease\Eng♬\\downmp3\Catey Shaw - Revolution.mp3 开始下载...
2020-05-28 13:04:41,131 - myapi - INFO - >>D:\music-down\netease\Eng♬\\downmp3\Alex Goot&Megan Nicole - It Ain't Me.mp3 开始下载...
2020-05-28 13:04:44,009 - myapi - INFO - >>D:\music-down\netease\Eng♬\\downmp3\Alex Goot&MADILYN - Something Just Like This.mp3 开始下载...
2020-05-28 13:04:46,612 - myapi - ERROR - >> D:\music-down\netease\Eng♬\\downmp3\Arash&Helena - Broken Angel.mp3 mp3的下载地址无效.
2020-05-28 13:04:46,612 - myapi - ERROR - >> D:\music-down\netease\Eng♬\\downmp3\David Guetta&Justin Bieber - 2U.mp3 mp3的下载地址无效.
2020-05-28 13:04:46,612 - myapi - INFO - >>D:\music-down\netease\Eng♬\\downmp3\Anna F - Too Far.mp3 开始下载...
2020-05-28 13:04:50,106 - myapi - INFO - >>D:\music-down\netease\Eng♬\\downmp3\Joel Hanson - Traveling Light.mp3 开始下载...
2020-05-28 13:04:53,206 - myapi - ERROR - >> D:\music-down\netease\Eng♬\\downmp3\Flo Rida - Whistle.mp3 mp3的下载地址无效.
2020-05-28 13:04:53,206 - myapi - INFO - >>D:\music-down\netease\Eng♬\\downmp3\Bruno Mars - The Lazy Song.mp3 开始下载...
2020-05-28 13:04:56,252 - myapi - ERROR - >> D:\music-down\netease\Eng♬\\downmp3\Bruno Mars - Marry You.mp3 mp3的下载地址无效.
2020-05-28 13:04:56,252 - myapi - INFO - >>D:\music-down\netease\Eng♬\\downmp3\Bruno Mars - Just the Way You Are.mp3 开始下载...
2020-05-28 13:04:59,889 - myapi - INFO - >>D:\music-down\netease\Eng♬\\downmp3\Rachel Platten - Lone Ranger.mp3 开始下载...
2020-05-28 13:05:02,847 - myapi - INFO - >>D:\music-down\netease\Eng♬\\downmp3\Leddra Chapman - Jocelin.mp3 开始下载...
2020-05-28 13:05:06,242 - myapi - INFO - >>D:\music-down\netease\Eng♬\\downmp3\Noosa - Walk on By.mp3 开始下载...
2020-05-28 13:05:09,750 - myapi - INFO - >>D:\music-down\netease\Eng♬\\downmp3\Hoaprox - Lov3 Ngẫu Hứng.mp3 开始下载...
2020-05-28 13:05:12,597 - myapi - INFO - >>D:\music-down\netease\Eng♬\\downmp3\Jennifer Lopez&Pitbull - On The Floor.mp3 开始下载...
2020-05-28 13:05:17,025 - myapi - INFO - >>D:\music-down\netease\Eng♬\\downmp3\Fort Minor&Skylar Grey - Where'd You Go.mp3 开始下载...
2020-05-28 13:05:20,586 - myapi - ERROR - >> D:\music-down\netease\Eng♬\\downmp3\双笙&封茗囧菌 - We Don't Talk Anymore（Cover Charlie Puth&Selena Gomez）.mp3 mp3的下载地址无效.
2020-05-28 13:05:20,586 - myapi - INFO - >>D:\music-down\netease\Eng♬\\downmp3\Colbie Caillat - Try.mp3 开始下载...
2020-05-28 13:05:23,856 - myapi - ERROR - >> D:\music-down\netease\Eng♬\\downmp3\Coldplay - Yellow.mp3 mp3的下载地址无效.
2020-05-28 13:05:23,856 - myapi - ERROR - >> D:\music-down\netease\Eng♬\\downmp3\DJ Okawari - Flower Dance.mp3 mp3的下载地址无效.
2020-05-28 13:05:23,856 - myapi - INFO - >>D:\music-down\netease\Eng♬\\downmp3\The Band Perry - If I Die Young.mp3 开始下载...
2020-05-28 13:05:27,177 - myapi - INFO - >>D:\music-down\netease\Eng♬\\downmp3\Audiomachine - Breath and Life.mp3 开始下载...
2020-05-28 13:05:28,812 - myapi - ERROR - >> D:\music-down\netease\Eng♬\\downmp3\The Downtown Fiction - I Just Wanna Run.mp3 mp3的下载地址无效.
2020-05-28 13:05:28,812 - myapi - INFO - >>D:\music-down\netease\Eng♬\\downmp3\Alan Walker&Iselin Solheim - Faded.mp3 开始下载...
2020-05-28 13:05:32,114 - myapi - INFO - >>D:\music-down\netease\Eng♬\\downmp3\Zee Avi - I Am Me Once More.mp3 开始下载...
2020-05-28 13:05:34,865 - netease - INFO - 越难越爱（翻自 吴若希）  数据获取中...
2020-05-28 13:05:35,043 - netease - INFO - 别再说昨天 数据获取中...
2020-05-28 13:05:35,217 - netease - INFO - 安娜的橱窗 数据获取中...
2020-05-28 13:05:35,362 - netease - INFO - 世间美好与你环环相扣 数据获取中...
2020-05-28 13:05:35,532 - netease - INFO - 谁 (Live版) 数据获取中...
2020-05-28 13:05:35,723 - netease - INFO - 再一次拥抱  (CD Version) 数据获取中...
2020-05-28 13:05:35,909 - netease - INFO - 心之焰 数据获取中...
2020-05-28 13:05:36,159 - netease - INFO - 我有我爱我 数据获取中...
2020-05-28 13:05:36,334 - netease - INFO - 影子小姐 数据获取中...
2020-05-28 13:05:36,495 - netease - INFO - 吹梦到西洲 数据获取中...
2020-05-28 13:05:36,653 - netease - INFO - 我已经到了幻想尽头 数据获取中...
2020-05-28 13:05:36,807 - netease - INFO - 世间美好与你环环相扣（翻自 柏松）  数据获取中...
2020-05-28 13:05:36,961 - netease - INFO - Hero (Rookie版) 数据获取中...
2020-05-28 13:05:37,130 - netease - INFO - 破晓（Cookie组合版） 数据获取中...
2020-05-28 13:05:37,309 - netease - INFO - 自卑感 数据获取中...
2020-05-28 13:05:37,594 - netease - INFO - 于是 数据获取中...
2020-05-28 13:05:37,766 - netease - INFO - 车站 (Live) 数据获取中...
2020-05-28 13:05:37,936 - netease - INFO - 用尽一切奔向你（Cover 周笔畅） 数据获取中...
2020-05-28 13:05:38,118 - netease - INFO - 你的答案 数据获取中...
2020-05-28 13:05:38,279 - netease - INFO - 麻雀 数据获取中...
2020-05-28 13:05:38,439 - netease - INFO - 我怀疑你曾来过 数据获取中...
2020-05-28 13:05:38,759 - netease - INFO - 起风了 数据获取中...
2020-05-28 13:05:38,906 - netease - INFO - 再见 数据获取中...
2020-05-28 13:05:39,052 - netease - INFO - 少年 数据获取中...
2020-05-28 13:05:39,198 - netease - INFO - 下山 数据获取中...
2020-05-28 13:05:39,348 - netease - INFO - 渺小却伟大 数据获取中...
2020-05-28 13:05:39,533 - netease - INFO - 飘向北方（翻自 中国新说唱）  数据获取中...
2020-05-28 13:05:39,702 - netease - INFO - 战争世界 数据获取中...
2020-05-28 13:05:39,863 - netease - INFO - 飘向北方 (Live) 数据获取中...
2020-05-28 13:05:40,051 - netease - INFO - 起风了 数据获取中...
2020-05-28 13:05:40,208 - netease - INFO - 相信 数据获取中...
2020-05-28 13:05:40,374 - netease - INFO - 无名之辈 数据获取中...
2020-05-28 13:05:40,548 - netease - INFO - 后会无期（翻自 汪苏泷）  数据获取中...
2020-05-28 13:05:40,731 - netease - INFO - 后会无期 数据获取中...
2020-05-28 13:05:40,953 - netease - INFO - 像我这样的人 数据获取中...
2020-05-28 13:05:41,120 - netease - INFO - 没有理由 数据获取中...
2020-05-28 13:05:41,297 - netease - INFO - 光 数据获取中...
2020-05-28 13:05:41,433 - netease - INFO - 我的世界 数据获取中...
2020-05-28 13:05:41,593 - netease - INFO - 愿得一心人 数据获取中...
2020-05-28 13:05:41,744 - netease - INFO - 与火星的孩子对话 数据获取中...
2020-05-28 13:05:41,920 - netease - INFO - 这一生关于你的风景 数据获取中...
2020-05-28 13:05:42,059 - netease - INFO - 听袁惟仁弹吉他 数据获取中...
2020-05-28 13:05:42,202 - netease - INFO - 攀登 (Live) 数据获取中...
2020-05-28 13:05:42,368 - netease - INFO - 大田後生仔 数据获取中...
2020-05-28 13:05:42,540 - netease - INFO - 我们都是孤独的 数据获取中...
2020-05-28 13:05:42,703 - netease - INFO - 坠落星空 数据获取中...
2020-05-28 13:05:42,910 - netease - INFO - 那女孩对我说 (完整版) 数据获取中...
2020-05-28 13:05:43,105 - netease - INFO - 野狼disco 数据获取中...
2020-05-28 13:05:43,291 - netease - INFO - 热带雨林 数据获取中...
2020-05-28 13:05:43,430 - netease - INFO - 真的爱你 数据获取中...
2020-05-28 13:05:43,604 - netease - INFO - 眉间雪 数据获取中...
2020-05-28 13:05:43,778 - netease - INFO - 你走以后1.0 数据获取中...
2020-05-28 13:05:43,958 - netease - INFO - 钟无艳 数据获取中...
2020-05-28 13:05:44,112 - netease - INFO - 谎（无念白版） 数据获取中...
2020-05-28 13:05:44,256 - netease - INFO - 只是太在意 数据获取中...
2020-05-28 13:05:44,420 - netease - INFO - 心安理得 数据获取中...
2020-05-28 13:05:44,589 - netease - INFO - 想戀 数据获取中...
2020-05-28 13:05:44,732 - netease - INFO - 余味 数据获取中...
2020-05-28 13:05:44,896 - netease - INFO - 右手戒指 数据获取中...
2020-05-28 13:05:45,067 - netease - INFO - 点到为止 数据获取中...
2020-05-28 13:05:45,371 - netease - INFO - 好久不见 数据获取中...
2020-05-28 13:05:45,534 - netease - INFO - 终身美丽 数据获取中...
2020-05-28 13:05:45,743 - netease - INFO - 那么骄傲 数据获取中...
2020-05-28 13:05:45,906 - netease - INFO - 把耳朵叫醒 数据获取中...
2020-05-28 13:05:46,052 - netease - INFO - Yesterday 数据获取中...
2020-05-28 13:05:46,236 - netease - INFO - 拾忆 数据获取中...
2020-05-28 13:05:46,418 - netease - INFO - 为爱追寻 数据获取中...
2020-05-28 13:05:46,626 - netease - INFO - 她 数据获取中...
2020-05-28 13:05:46,764 - netease - INFO - 我不怕痛 数据获取中...
2020-05-28 13:05:46,927 - netease - INFO - 黑色月亮 数据获取中...
2020-05-28 13:05:47,072 - netease - INFO - 在KTV说爱你 数据获取中...
2020-05-28 13:05:47,249 - netease - INFO - 怕黑(New) 数据获取中...
2020-05-28 13:05:47,386 - netease - INFO - 爱情转移 数据获取中...
2020-05-28 13:05:47,607 - netease - INFO - 嚣张 数据获取中...
2020-05-28 13:05:47,992 - netease - INFO - 越难越爱 数据获取中...
2020-05-28 13:05:48,143 - netease - INFO - 心如刀割 数据获取中...
2020-05-28 13:05:48,325 - netease - INFO - 天气的错 数据获取中...
2020-05-28 13:05:48,493 - netease - INFO - 发现 数据获取中...
2020-05-28 13:05:48,658 - netease - INFO - 小城大事 数据获取中...
2020-05-28 13:05:48,814 - netease - INFO - 如果有一天 数据获取中...
2020-05-28 13:05:49,000 - netease - INFO - รู้ดีว่าไม่ดี 数据获取中...
2020-05-28 13:05:49,184 - netease - INFO - 晚安 数据获取中...
2020-05-28 13:05:49,360 - netease - INFO - 芒种 数据获取中...
2020-05-28 13:05:49,495 - netease - INFO - 失眠飞行 数据获取中...
2020-05-28 13:05:49,674 - netease - INFO - 明月天涯 数据获取中...
2020-05-28 13:05:49,876 - netease - INFO - 真相是假 数据获取中...
2020-05-28 13:05:50,040 - netease - INFO - หัวใจของเธอ (เพลงประกอบละคร หัวใจศิลา) 数据获取中...
2020-05-28 13:05:50,207 - netease - INFO - 不醉不会 数据获取中...
2020-05-28 13:05:50,369 - netease - INFO - 无名之辈 数据获取中...
2020-05-28 13:05:50,533 - netease - INFO - 多想留在你身边 数据获取中...
2020-05-28 13:05:50,839 - netease - INFO - 她是造物狂难辞其咎的败笔 数据获取中...
2020-05-28 13:05:51,011 - netease - INFO - 童话幻灭 数据获取中...
2020-05-28 13:05:51,174 - netease - INFO - 感情的事情 数据获取中...
2020-05-28 13:05:51,331 - netease - INFO - 裂缝中的阳光 数据获取中...
2020-05-28 13:05:51,491 - netease - INFO - 隔墙花 数据获取中...
2020-05-28 13:05:51,650 - netease - INFO - 我选择喜欢你 数据获取中...
2020-05-28 13:05:51,793 - netease - INFO - 去流浪 数据获取中...
2020-05-28 13:05:51,946 - netease - INFO - 用尽我的一切奔向你 数据获取中...
2020-05-28 13:05:52,204 - netease - INFO - 若唤我名（翻自 钟嘉欣）  数据获取中...
2020-05-28 13:05:52,372 - netease - INFO - 鹿 be free 数据获取中...
2020-05-28 13:05:52,543 - netease - INFO - 痴心绝对 数据获取中...
2020-05-28 13:05:52,695 - netease - INFO - 我们的时光 数据获取中...
2020-05-28 13:05:52,885 - netease - INFO - 空心  数据获取中...
2020-05-28 13:05:53,042 - netease - INFO - 生命树 数据获取中...
2020-05-28 13:05:53,197 - netease - INFO - 剑伤 数据获取中...
2020-05-28 13:05:53,342 - netease - INFO - 不染 数据获取中...
2020-05-28 13:05:53,505 - netease - INFO - 一生等你 数据获取中...
2020-05-28 13:05:53,650 - netease - INFO - 只要平凡 数据获取中...
2020-05-28 13:05:53,808 - netease - INFO - 繁华梦 数据获取中...
2020-05-28 13:05:53,987 - netease - INFO - 威尼斯迷路 数据获取中...
2020-05-28 13:05:54,141 - netease - INFO - 卡西莫多的礼物 数据获取中...
2020-05-28 13:05:54,306 - netease - INFO - 微光 数据获取中...
2020-05-28 13:05:54,455 - netease - INFO - 烟火里的尘埃 数据获取中...
2020-05-28 13:05:54,621 - netease - INFO - 现在就出发 数据获取中...
2020-05-28 13:05:54,777 - netease - INFO - 第一次爱的人 数据获取中...
2020-05-28 13:05:54,936 - netease - INFO - 下一页的我 数据获取中...
2020-05-28 13:05:55,127 - netease - INFO - 东西（翻自 林俊呈）  数据获取中...
2020-05-28 13:05:55,317 - netease - INFO - Memory 数据获取中...
2020-05-28 13:05:55,466 - netease - INFO - 选择失忆 数据获取中...
2020-05-28 13:05:55,614 - netease - INFO - 红颜旧 数据获取中...
2020-05-28 13:05:55,782 - netease - INFO - 胭脂妆 数据获取中...
2020-05-28 13:05:56,042 - netease - INFO - 七年滋養 数据获取中...
2020-05-28 13:05:56,187 - netease - INFO - 菩提偈 数据获取中...
2020-05-28 13:05:56,369 - netease - INFO - 我的天空 数据获取中...
2020-05-28 13:05:56,530 - netease - INFO - 啷个哩个啷 数据获取中...
2020-05-28 13:05:56,696 - netease - INFO - 半壶纱 数据获取中...
2020-05-28 13:05:56,844 - netease - INFO - 歌路 数据获取中...
2020-05-28 13:05:56,994 - netease - INFO - 化身孤岛的鲸 数据获取中...
2020-05-28 13:05:57,153 - netease - INFO - 彩虹天堂 数据获取中...
2020-05-28 13:05:57,297 - netease - INFO - 理想三旬 数据获取中...
2020-05-28 13:05:57,449 - netease - INFO - 成都 数据获取中...
2020-05-28 13:05:57,596 - netease - INFO - 一个人的朝圣  数据获取中...
2020-05-28 13:05:57,817 - netease - INFO - 勇 数据获取中...
2020-05-28 13:05:57,981 - netease - INFO - 夜空中最亮的星 数据获取中...
2020-05-28 13:05:58,134 - netease - INFO - 我们不该这样的 数据获取中...
2020-05-28 13:05:58,293 - netease - INFO - 天梯(Live) 数据获取中...
2020-05-28 13:05:58,475 - netease - INFO - 你太善良 数据获取中...
2020-05-28 13:05:58,633 - netease - INFO - 被驯服的象 数据获取中...
2020-05-28 13:05:58,800 - netease - INFO - 红色高跟鞋 数据获取中...
2020-05-28 13:05:58,946 - netease - INFO - 吻得太逼真 数据获取中...
2020-05-28 13:05:59,120 - netease - INFO - 春秋 数据获取中...
2020-05-28 13:05:59,287 - netease - INFO - 一生所爱 数据获取中...
2020-05-28 13:05:59,451 - netease - INFO - 放生 数据获取中...
2020-05-28 13:05:59,602 - netease - INFO - 偏爱 数据获取中...
2020-05-28 13:05:59,838 - netease - INFO - 伤逝 数据获取中...
2020-05-28 13:06:00,026 - netease - INFO - 那些花儿 数据获取中...
2020-05-28 13:06:00,183 - netease - INFO - 乱了感觉 数据获取中...
2020-05-28 13:06:00,363 - netease - INFO - 一个人背两个人的债 数据获取中...
2020-05-28 13:06:00,521 - netease - INFO - 忘了 忘不了 数据获取中...
2020-05-28 13:06:00,695 - netease - INFO - 如果你爱我 数据获取中...
2020-05-28 13:06:00,849 - netease - INFO - 人来人往 (Live) 数据获取中...
2020-05-28 13:06:01,030 - netease - INFO - 不只爱情 数据获取中...
2020-05-28 13:06:01,326 - netease - INFO - 忘记的理由 数据获取中...
2020-05-28 13:06:01,482 - netease - INFO - 上心 数据获取中...
2020-05-28 13:06:01,627 - netease - INFO - 烦恼歌 数据获取中...
2020-05-28 13:06:01,795 - netease - INFO - 小城大事 数据获取中...
2020-05-28 13:06:01,932 - netease - INFO - 岁月神偷 数据获取中...
2020-05-28 13:06:02,086 - netease - INFO - 房间 数据获取中...
2020-05-28 13:06:02,223 - netease - INFO - 若你碰到他 数据获取中...
2020-05-28 13:06:02,390 - netease - INFO - 达尔文 II 进化版 数据获取中...
2020-05-28 13:06:02,540 - netease - INFO - 红玫瑰 数据获取中...
2020-05-28 13:06:02,706 - netease - INFO - 白玫瑰 数据获取中...
2020-05-28 13:06:02,884 - netease - INFO - 放开 数据获取中...
2020-05-28 13:06:03,089 - netease - INFO - 我以为 数据获取中...
2020-05-28 13:06:03,246 - netease - INFO - 无赖 数据获取中...
2020-05-28 13:06:03,409 - netease - INFO - 燃点 数据获取中...
2020-05-28 13:06:03,569 - netease - INFO - 我们都有错 数据获取中...
2020-05-28 13:06:03,718 - netease - INFO - 时光 数据获取中...
2020-05-28 13:06:03,891 - netease - INFO - 空城 数据获取中...
2020-05-28 13:06:04,076 - netease - INFO - 爱情教会我们的事 数据获取中...
2020-05-28 13:06:04,238 - netease - INFO - 一个人失忆 数据获取中...
2020-05-28 13:06:04,384 - netease - INFO - 童话 数据获取中...
2020-05-28 13:06:04,533 - netease - INFO - 去年夏天 数据获取中...
2020-05-28 13:06:04,690 - netease - INFO - 说散就散 数据获取中...
2020-05-28 13:06:04,871 - netease - INFO - 云烟成雨 数据获取中...
2020-05-28 13:06:05,058 - netease - INFO - 讲真的 数据获取中...
2020-05-28 13:06:05,227 - netease - INFO - 我的快乐 数据获取中...
2020-05-28 13:06:05,374 - netease - INFO - 幸福的瞬间 数据获取中...
2020-05-28 13:06:05,537 - netease - INFO - 花香 数据获取中...
2020-05-28 13:06:05,667 - netease - INFO - Love Warrior 战 数据获取中...
2020-05-28 13:06:05,838 - netease - INFO - 遥远的歌 数据获取中...
2020-05-28 13:06:05,979 - netease - INFO - 再见 数据获取中...
2020-05-28 13:06:06,135 - netease - INFO - 别再惊动爱情 数据获取中...
2020-05-28 13:06:06,261 - netease - INFO - 王子 数据获取中...
2020-05-28 13:06:06,411 - netease - INFO - 寂寞边界 数据获取中...
2020-05-28 13:06:06,577 - netease - INFO - 送别 数据获取中...
2020-05-28 13:06:06,755 - netease - INFO - 消愁 数据获取中...
2020-05-28 13:06:06,931 - netease - INFO - 勇气 数据获取中...
2020-05-28 13:06:07,090 - netease - INFO - 星星点灯 数据获取中...
2020-05-28 13:06:07,254 - netease - INFO - 盛夏的果实 数据获取中...
2020-05-28 13:06:07,403 - netease - INFO - 等一个晴天 数据获取中...
2020-05-28 13:06:07,566 - netease - INFO - 踏浪 数据获取中...
2020-05-28 13:06:07,697 - netease - INFO - 秋天的海 数据获取中...
2020-05-28 13:06:07,846 - netease - INFO - 青青河边草 数据获取中...
2020-05-28 13:06:08,016 - netease - INFO - 天后 数据获取中...
2020-05-28 13:06:08,167 - netease - INFO - 爱我的人和我爱的人 数据获取中...
2020-05-28 13:06:08,356 - netease - INFO - A.I.N.Y. 爱你 数据获取中...
2020-05-28 13:06:08,519 - netease - INFO - 手放开 数据获取中...
2020-05-28 13:06:08,686 - netease - INFO - 我很快乐 数据获取中...
2020-05-28 13:06:08,840 - netease - INFO - 好心分手 数据获取中...
2020-05-28 13:06:09,016 - netease - INFO - 平凡之路 数据获取中...
2020-05-28 13:06:09,162 - netease - INFO - 情歌王 数据获取中...
2020-05-28 13:06:09,317 - netease - INFO - 童话 数据获取中...
2020-05-28 13:06:09,485 - netease - INFO - 不要说话 数据获取中...
2020-05-28 13:06:09,649 - netease - INFO - 那女孩对我说 数据获取中...
2020-05-28 13:06:09,806 - netease - INFO - 魔鬼中的天使 数据获取中...
2020-05-28 13:06:09,970 - netease - INFO - 后来 数据获取中...
2020-05-28 13:06:10,154 - netease - INFO - 仰望星空 数据获取中...
2020-05-28 13:06:10,385 - netease - INFO - 一起走到 数据获取中...
2020-05-28 13:06:10,544 - netease - INFO - 直来直往 数据获取中...
2020-05-28 13:06:10,701 - netease - INFO - 黑色毛衣 数据获取中...
2020-05-28 13:06:10,851 - netease - INFO - 来自天堂的魔鬼 数据获取中...
2020-05-28 13:06:11,014 - netease - INFO - 剑心 数据获取中...
2020-05-28 13:06:11,211 - netease - INFO - 忘记时间 数据获取中...
2020-05-28 13:06:11,385 - netease - INFO - 一直很安静 数据获取中...
2020-05-28 13:06:11,581 - netease - INFO - 浮白 数据获取中...
2020-05-28 13:06:11,787 - netease - INFO - 迷藏 数据获取中...
2020-05-28 13:06:11,967 - netease - INFO - 骄傲的少年 数据获取中...
2020-05-28 13:06:12,136 - netease - INFO - 华年 数据获取中...
2020-05-28 13:06:12,312 - netease - INFO - 归去来兮 数据获取中...
2020-05-28 13:06:12,487 - netease - INFO - 绑架爱情 数据获取中...
2020-05-28 13:06:12,626 - netease - INFO - 相依为命 数据获取中...
2020-05-28 13:06:12,792 - netease - INFO - 爱如探汤（Cover 郑欣宜） 数据获取中...
2020-05-28 13:06:12,959 - netease - INFO - 撒野 数据获取中...
2020-05-28 13:06:13,133 - netease - INFO - 白夜（Cover 尹姝贻） 数据获取中...
2020-05-28 13:06:13,298 - netease - INFO - 出山 数据获取中...
2020-05-28 13:06:13,508 - netease - INFO - 你曾是少年 数据获取中...
2020-05-28 13:06:13,668 - netease - INFO - 一百万个可能 数据获取中...
2020-05-28 13:06:13,821 - netease - INFO - 昨日青空 数据获取中...
2020-05-28 13:06:13,994 - netease - INFO - 侧脸 数据获取中...
2020-05-28 13:06:14,144 - netease - INFO - 最美的期待 数据获取中...
2020-05-28 13:06:14,297 - netease - INFO - 希望 数据获取中...
2020-05-28 13:06:14,431 - netease - INFO - 国王与乞丐 数据获取中...
2020-05-28 13:06:14,596 - netease - INFO - 明天你好 数据获取中...
2020-05-28 13:06:14,817 - netease - INFO - 追光者 数据获取中...
2020-05-28 13:06:14,987 - netease - INFO - 说散就散 数据获取中...
2020-05-28 13:06:15,142 - netease - INFO - 小永远 数据获取中...
2020-05-28 13:06:15,301 - netease - INFO - 杨千嬅 数据获取中...
2020-05-28 13:06:15,462 - netease - INFO - 寂寞暴走 数据获取中...
2020-05-28 13:06:15,622 - netease - INFO - 时间煮雨 数据获取中...
2020-05-28 13:06:15,767 - netease - INFO - 盗将行 数据获取中...
2020-05-28 13:06:15,963 - netease - INFO - 你一定要幸福 数据获取中...
2020-05-28 13:06:16,122 - netease - INFO - 往后余生 数据获取中...
2020-05-28 13:06:16,282 - netease - INFO - 东西 数据获取中...
2020-05-28 13:06:16,438 - netease - INFO - 越伤越爱 数据获取中...
2020-05-28 13:06:16,611 - netease - INFO - 忘了爱 数据获取中...
2020-05-28 13:06:16,774 - myapi - INFO - json文件写入中...
2020-05-28 13:06:16,787 - myapi - INFO - json文件写入完成.
2020-05-28 13:06:16,792 - myapi - INFO - >>D:\music-down\netease\MyGod!!\\downmp3\Nanyee. - 越难越爱（翻自 吴若希） .mp3 开始下载...
2020-05-28 13:06:20,670 - myapi - INFO - >>D:\music-down\netease\MyGod!!\\downmp3\Uu - 别再说昨天.mp3 开始下载...
2020-05-28 13:06:23,829 - myapi - INFO - >>D:\music-down\netease\MyGod!!\\downmp3\封茗囧菌 - 安娜的橱窗.mp3 开始下载...
2020-05-28 13:06:28,890 - myapi - INFO - >>D:\music-down\netease\MyGod!!\\downmp3\柏松 - 世间美好与你环环相扣.mp3 开始下载...
2020-05-28 13:06:31,688 - myapi - INFO - >>D:\music-down\netease\MyGod!!\\downmp3\廖俊涛 - 谁 (Live版).mp3 开始下载...
2020-05-28 13:06:35,938 - myapi - INFO - >>D:\music-down\netease\MyGod!!\\downmp3\崔子格 - 再一次拥抱  (CD Version).mp3 开始下载...
2020-05-28 13:06:40,861 - myapi - INFO - >>D:\music-down\netease\MyGod!!\\downmp3\G.E.M.邓紫棋 - 心之焰.mp3 开始下载...
2020-05-28 13:06:43,753 - myapi - INFO - >>D:\music-down\netease\MyGod!!\\downmp3\少年霜 - 我有我爱我.mp3 开始下载...
2020-05-28 13:06:47,348 - myapi - INFO - >>D:\music-down\netease\MyGod!!\\downmp3\封茗囧菌 - 影子小姐.mp3 开始下载...
2020-05-28 13:06:51,233 - myapi - INFO - >>D:\music-down\netease\MyGod!!\\downmp3\恋恋故人难&黄诗扶&妖扬 - 吹梦到西洲.mp3 开始下载...
2020-05-28 13:06:56,554 - myapi - INFO - >>D:\music-down\netease\MyGod!!\\downmp3\音阙诗听&昆玉 - 我已经到了幻想尽头.mp3 开始下载...
2020-05-28 13:06:59,836 - myapi - INFO - >>D:\music-down\netease\MyGod!!\\downmp3\苏肤佳 - 世间美好与你环环相扣（翻自 柏松） .mp3 开始下载...
2020-05-28 13:07:02,434 - myapi - INFO - >>D:\music-down\netease\MyGod!!\\downmp3\Rookie - Hero (Rookie版).mp3 开始下载...
2020-05-28 13:07:06,276 - myapi - INFO - >>D:\music-down\netease\MyGod!!\\downmp3\周玥&Cool&Rookie - 破晓（Cookie组合版）.mp3 开始下载...
2020-05-28 13:07:10,183 - myapi - INFO - >>D:\music-down\netease\MyGod!!\\downmp3\Uu - 自卑感.mp3 开始下载...
2020-05-28 13:07:15,250 - myapi - INFO - >>D:\music-down\netease\MyGod!!\\downmp3\G.E.M.邓紫棋 - 于是.mp3 开始下载...
2020-05-28 13:07:18,972 - myapi - INFO - >>D:\music-down\netease\MyGod!!\\downmp3\李健 - 车站 (Live).mp3 开始下载...
2020-05-28 13:07:24,495 - myapi - INFO - >>D:\music-down\netease\MyGod!!\\downmp3\凯瑟喵 - 用尽一切奔向你（Cover 周笔畅）.mp3 开始下载...
2020-05-28 13:07:28,344 - myapi - INFO - >>D:\music-down\netease\MyGod!!\\downmp3\阿冗 - 你的答案.mp3 开始下载...
2020-05-28 13:07:31,843 - myapi - INFO - >>D:\music-down\netease\MyGod!!\\downmp3\李荣浩 - 麻雀.mp3 开始下载...
2020-05-28 13:07:46,128 - myapi - INFO - >>D:\music-down\netease\MyGod!!\\downmp3\买辣椒也用券 - 我怀疑你曾来过.mp3 开始下载...
2020-05-28 13:07:54,914 - myapi - INFO - >>D:\music-down\netease\MyGod!!\\downmp3\买辣椒也用券 - 起风了.mp3 开始下载...
2020-05-28 13:08:06,000 - myapi - INFO - >>D:\music-down\netease\MyGod!!\\downmp3\G.E.M.邓紫棋 - 再见.mp3 开始下载...
2020-05-28 13:08:09,327 - myapi - INFO - >>D:\music-down\netease\MyGod!!\\downmp3\邹玲儿(LIMY) - 少年.mp3 开始下载...
2020-05-28 13:08:13,530 - myapi - INFO - >>D:\music-down\netease\MyGod!!\\downmp3\要不要买菜 - 下山.mp3 开始下载...
2020-05-28 13:08:16,175 - myapi - INFO - >>D:\music-down\netease\MyGod!!\\downmp3\李易峰 - 渺小却伟大.mp3 开始下载...
2020-05-28 13:08:19,669 - myapi - INFO - >>D:\music-down\netease\MyGod!!\\downmp3\陈姿彤 - 飘向北方（翻自 中国新说唱） .mp3 开始下载...
2020-05-28 13:08:23,859 - myapi - INFO - >>D:\music-down\netease\MyGod!!\\downmp3\陈姿彤 - 战争世界.mp3 开始下载...
2020-05-28 13:08:27,068 - myapi - INFO - >>D:\music-down\netease\MyGod!!\\downmp3\那吾克热-NW&尤长靖 - 飘向北方 (Live).mp3 开始下载...
2020-05-28 13:08:30,727 - myapi - INFO - >>D:\music-down\netease\MyGod!!\\downmp3\吴青峰 - 起风了.mp3 开始下载...
2020-05-28 13:08:41,547 - myapi - INFO - >>D:\music-down\netease\MyGod!!\\downmp3\苏打绿 - 相信.mp3 开始下载...
2020-05-28 13:08:47,984 - myapi - INFO - >>D:\music-down\netease\MyGod!!\\downmp3\汪苏泷 - 无名之辈.mp3 开始下载...
2020-05-28 13:08:51,293 - myapi - INFO - >>D:\music-down\netease\MyGod!!\\downmp3\陈慧颖 - 后会无期（翻自 汪苏泷） .mp3 开始下载...
2020-05-28 13:08:54,521 - myapi - INFO - >>D:\music-down\netease\MyGod!!\\downmp3\徐良&汪苏泷 - 后会无期.mp3 开始下载...
2020-05-28 13:09:00,119 - myapi - INFO - >>D:\music-down\netease\MyGod!!\\downmp3\毛不易 - 像我这样的人.mp3 开始下载...
2020-05-28 13:09:03,294 - myapi - INFO - >>D:\music-down\netease\MyGod!!\\downmp3\永彬Ryan.B&周延英（英子-effie） - 没有理由.mp3 开始下载...
2020-05-28 13:09:06,900 - myapi - INFO - >>D:\music-down\netease\MyGod!!\\downmp3\陈粒 - 光.mp3 开始下载...
2020-05-28 13:09:09,099 - myapi - INFO - >>D:\music-down\netease\MyGod!!\\downmp3\陈姿彤 - 我的世界.mp3 开始下载...
2020-05-28 13:09:13,437 - myapi - INFO - >>D:\music-down\netease\MyGod!!\\downmp3\周深 - 愿得一心人.mp3 开始下载...
2020-05-28 13:09:17,914 - myapi - INFO - >>D:\music-down\netease\MyGod!!\\downmp3\华晨宇 - 与火星的孩子对话.mp3 开始下载...
2020-05-28 13:09:23,536 - myapi - INFO - >>D:\music-down\netease\MyGod!!\\downmp3\枯木逢春 - 这一生关于你的风景.mp3 开始下载...
2020-05-28 13:09:53,056 - myapi - INFO - >>D:\music-down\netease\MyGod!!\\downmp3\S.H.E - 听袁惟仁弹吉他.mp3 开始下载...
2020-05-28 13:09:57,509 - myapi - INFO - >>D:\music-down\netease\MyGod!!\\downmp3\潘玮柏&G.E.M.邓紫棋&艾热 AIR - 攀登 (Live).mp3 开始下载...
2020-05-28 13:10:01,838 - myapi - INFO - >>D:\music-down\netease\MyGod!!\\downmp3\王玉萌 - 大田後生仔.mp3 开始下载...
2020-05-28 13:10:04,828 - myapi - INFO - >>D:\music-down\netease\MyGod!!\\downmp3\华晨宇 - 我们都是孤独的.mp3 开始下载...
2020-05-28 13:10:08,407 - myapi - INFO - >>D:\music-down\netease\MyGod!!\\downmp3\小星星Aurora - 坠落星空.mp3 开始下载...
2020-05-28 13:10:11,810 - myapi - INFO - >>D:\music-down\netease\MyGod!!\\downmp3\Uu - 那女孩对我说 (完整版).mp3 开始下载...
2020-05-28 13:10:23,879 - myapi - INFO - >>D:\music-down\netease\MyGod!!\\downmp3\宝石Gem - 野狼disco.mp3 开始下载...
2020-05-28 13:10:28,697 - myapi - INFO - >>D:\music-down\netease\MyGod!!\\downmp3\S.H.E - 热带雨林.mp3 开始下载...
2020-05-28 13:10:32,898 - myapi - INFO - >>D:\music-down\netease\MyGod!!\\downmp3\Beyond - 真的爱你.mp3 开始下载...
2020-05-28 13:10:37,350 - myapi - INFO - >>D:\music-down\netease\MyGod!!\\downmp3\HITA - 眉间雪.mp3 开始下载...
2020-05-28 13:10:41,124 - myapi - INFO - >>D:\music-down\netease\MyGod!!\\downmp3\王恩信Est&二胖u - 你走以后1.0.mp3 开始下载...
2020-05-28 13:10:44,394 - myapi - INFO - >>D:\music-down\netease\MyGod!!\\downmp3\谢安琪 - 钟无艳.mp3 开始下载...
2020-05-28 13:10:48,766 - myapi - INFO - >>D:\music-down\netease\MyGod!!\\downmp3\凯瑟喵 - 谎（无念白版）.mp3 开始下载...
2020-05-28 13:10:53,530 - myapi - INFO - >>D:\music-down\netease\MyGod!!\\downmp3\宁桓宇 - 只是太在意.mp3 开始下载...
2020-05-28 13:10:57,421 - myapi - INFO - >>D:\music-down\netease\MyGod!!\\downmp3\王天戈 - 心安理得.mp3 开始下载...
2020-05-28 13:11:01,283 - myapi - INFO - >>D:\music-down\netease\MyGod!!\\downmp3\KonC - 想戀.mp3 开始下载...
2020-05-28 13:11:04,510 - myapi - INFO - >>D:\music-down\netease\MyGod!!\\downmp3\林俊呈 - 余味.mp3 开始下载...
2020-05-28 13:11:09,167 - myapi - ERROR - >> D:\music-down\netease\MyGod!!\\downmp3\金海心 - 右手戒指.mp3 mp3的下载地址无效.
2020-05-28 13:11:09,167 - myapi - INFO - >>D:\music-down\netease\MyGod!!\\downmp3\江映蓉 - 点到为止.mp3 开始下载...
2020-05-28 13:11:12,917 - myapi - INFO - >>D:\music-down\netease\MyGod!!\\downmp3\陈奕迅 - 好久不见.mp3 开始下载...
2020-05-28 13:11:16,771 - myapi - ERROR - >> D:\music-down\netease\MyGod!!\\downmp3\郑秀文 - 终身美丽.mp3 mp3的下载地址无效.
2020-05-28 13:11:16,771 - myapi - INFO - >>D:\music-down\netease\MyGod!!\\downmp3\金海心 - 那么骄傲.mp3 开始下载...
2020-05-28 13:11:20,515 - myapi - INFO - >>D:\music-down\netease\MyGod!!\\downmp3\金海心 - 把耳朵叫醒.mp3 开始下载...
2020-05-28 13:11:25,310 - myapi - ERROR - >> D:\music-down\netease\MyGod!!\\downmp3\蔡淳佳 - Yesterday.mp3 mp3的下载地址无效.
2020-05-28 13:11:25,311 - myapi - INFO - >>D:\music-down\netease\MyGod!!\\downmp3\张翰 - 拾忆.mp3 开始下载...
2020-05-28 13:11:29,567 - myapi - INFO - >>D:\music-down\netease\MyGod!!\\downmp3\朱婧汐Akini Jing - 为爱追寻.mp3 开始下载...
2020-05-28 13:11:35,805 - myapi - INFO - >>D:\music-down\netease\MyGod!!\\downmp3\朱婧汐Akini Jing - 她.mp3 开始下载...
2020-05-28 13:11:38,835 - myapi - INFO - >>D:\music-down\netease\MyGod!!\\downmp3\陈思涵 - 我不怕痛.mp3 开始下载...
2020-05-28 13:11:42,898 - myapi - INFO - >>D:\music-down\netease\MyGod!!\\downmp3\杨丞琳 - 黑色月亮.mp3 开始下载...
2020-05-28 13:11:46,304 - myapi - INFO - >>D:\music-down\netease\MyGod!!\\downmp3\言承旭 - 在KTV说爱你.mp3 开始下载...
2020-05-28 13:11:51,307 - myapi - INFO - >>D:\music-down\netease\MyGod!!\\downmp3\言承旭 - 怕黑(New).mp3 开始下载...
2020-05-28 13:11:54,395 - myapi - INFO - >>D:\music-down\netease\MyGod!!\\downmp3\陈奕迅 - 爱情转移.mp3 开始下载...
2020-05-28 13:11:58,247 - myapi - INFO - >>D:\music-down\netease\MyGod!!\\downmp3\en - 嚣张.mp3 开始下载...
2020-05-28 13:12:15,352 - myapi - ERROR - >> D:\music-down\netease\MyGod!!\\downmp3\吴若希 - 越难越爱.mp3 mp3的下载地址无效.
2020-05-28 13:12:15,352 - myapi - INFO - >>D:\music-down\netease\MyGod!!\\downmp3\郑伊健 - 心如刀割.mp3 开始下载...
2020-05-28 13:12:19,745 - myapi - INFO - >>D:\music-down\netease\MyGod!!\\downmp3\郑伊健 - 天气的错.mp3 开始下载...
2020-05-28 13:12:23,559 - myapi - INFO - >>D:\music-down\netease\MyGod!!\\downmp3\郑伊健 - 发现.mp3 开始下载...
2020-05-28 13:12:26,785 - myapi - INFO - >>D:\music-down\netease\MyGod!!\\downmp3\杨千嬅 - 小城大事.mp3 开始下载...
2020-05-28 13:12:30,120 - myapi - INFO - >>D:\music-down\netease\MyGod!!\\downmp3\梁静茹 - 如果有一天.mp3 开始下载...
2020-05-28 13:12:34,447 - myapi - INFO - >>D:\music-down\netease\MyGod!!\\downmp3\Getsunova&YOUNGOHM - รู้ดีว่าไม่ดี.mp3 开始下载...
2020-05-28 13:12:38,549 - myapi - INFO - >>D:\music-down\netease\MyGod!!\\downmp3\颜人中 - 晚安.mp3 开始下载...
2020-05-28 13:12:44,714 - myapi - INFO - >>D:\music-down\netease\MyGod!!\\downmp3\音阙诗听&赵方婧 - 芒种.mp3 开始下载...
2020-05-28 13:12:48,159 - myapi - INFO - >>D:\music-down\netease\MyGod!!\\downmp3\接个吻，开一枪&沈以诚&薛明媛 - 失眠飞行.mp3 开始下载...
2020-05-28 13:13:07,433 - myapi - INFO - >>D:\music-down\netease\MyGod!!\\downmp3\五音Jw - 明月天涯.mp3 开始下载...
2020-05-28 13:13:10,903 - myapi - INFO - >>D:\music-down\netease\MyGod!!\\downmp3\阿鸣 - 真相是假.mp3 开始下载...
2020-05-28 13:13:15,809 - myapi - INFO - >>D:\music-down\netease\MyGod!!\\downmp3\Tor Thanapob - หัวใจของเธอ (เพลงประกอบละคร หัวใจศิลา).mp3 开始下载...
2020-05-28 13:13:19,641 - myapi - INFO - >>D:\music-down\netease\MyGod!!\\downmp3\田馥甄 - 不醉不会.mp3 开始下载...
2020-05-28 13:13:23,326 - myapi - INFO - >>D:\music-down\netease\MyGod!!\\downmp3\陈雪燃 - 无名之辈.mp3 开始下载...
2020-05-28 13:13:30,899 - myapi - ERROR - >> D:\music-down\netease\MyGod!!\\downmp3\季彦霖 - 多想留在你身边.mp3 mp3的下载地址无效.
2020-05-28 13:13:30,899 - myapi - INFO - >>D:\music-down\netease\MyGod!!\\downmp3\一色合唱组&MAD&菩提Vicky - 她是造物狂难辞其咎的败笔.mp3 开始下载...
2020-05-28 13:13:37,500 - myapi - ERROR - >> D:\music-down\netease\MyGod!!\\downmp3\蒋蒋 - 童话幻灭.mp3 mp3的下载地址无效.
2020-05-28 13:13:37,500 - myapi - INFO - >>D:\music-down\netease\MyGod!!\\downmp3\李想Evelyn - 感情的事情.mp3 开始下载...
2020-05-28 13:13:41,857 - myapi - ERROR - >> D:\music-down\netease\MyGod!!\\downmp3\林俊杰 - 裂缝中的阳光.mp3 mp3的下载地址无效.
2020-05-28 13:13:41,858 - myapi - INFO - >>D:\music-down\netease\MyGod!!\\downmp3\周笔畅 - 隔墙花.mp3 开始下载...
2020-05-28 13:13:46,360 - myapi - ERROR - >> D:\music-down\netease\MyGod!!\\downmp3\周笔畅 - 我选择喜欢你.mp3 mp3的下载地址无效.
2020-05-28 13:13:46,360 - myapi - INFO - >>D:\music-down\netease\MyGod!!\\downmp3\周笔畅 - 去流浪.mp3 开始下载...
2020-05-28 13:13:54,100 - myapi - INFO - >>D:\music-down\netease\MyGod!!\\downmp3\周笔畅 - 用尽我的一切奔向你.mp3 开始下载...
2020-05-28 13:13:58,230 - myapi - INFO - >>D:\music-down\netease\MyGod!!\\downmp3\凯瑟喵 - 若唤我名（翻自 钟嘉欣） .mp3 开始下载...
2020-05-28 13:14:01,212 - myapi - INFO - >>D:\music-down\netease\MyGod!!\\downmp3\尚雯婕 - 鹿 be free.mp3 开始下载...
2020-05-28 13:14:04,428 - myapi - INFO - >>D:\music-down\netease\MyGod!!\\downmp3\李圣杰 - 痴心绝对.mp3 开始下载...
2020-05-28 13:14:08,166 - myapi - INFO - >>D:\music-down\netease\MyGod!!\\downmp3\赵雷 - 我们的时光.mp3 开始下载...
2020-05-28 13:14:12,416 - myapi - ERROR - >> D:\music-down\netease\MyGod!!\\downmp3\光泽 - 空心 .mp3 mp3的下载地址无效.
2020-05-28 13:14:12,416 - myapi - INFO - >>D:\music-down\netease\MyGod!!\\downmp3\吴雨霏 - 生命树.mp3 开始下载...
2020-05-28 13:14:16,613 - myapi - INFO - >>D:\music-down\netease\MyGod!!\\downmp3\李易峰 - 剑伤.mp3 开始下载...
2020-05-28 13:14:19,584 - myapi - INFO - >>D:\music-down\netease\MyGod!!\\downmp3\毛不易 - 不染.mp3 开始下载...
2020-05-28 13:14:25,029 - myapi - INFO - >>D:\music-down\netease\MyGod!!\\downmp3\袁娅维 - 一生等你.mp3 开始下载...
2020-05-28 13:14:29,785 - myapi - INFO - >>D:\music-down\netease\MyGod!!\\downmp3\张杰&张碧晨 - 只要平凡.mp3 开始下载...
2020-05-28 13:14:34,405 - myapi - INFO - >>D:\music-down\netease\MyGod!!\\downmp3\黄龄 - 繁华梦.mp3 开始下载...
2020-05-28 13:14:40,034 - myapi - INFO - >>D:\music-down\netease\MyGod!!\\downmp3\许慧欣 - 威尼斯迷路.mp3 开始下载...
2020-05-28 13:14:44,044 - myapi - INFO - >>D:\music-down\netease\MyGod!!\\downmp3\华晨宇 - 卡西莫多的礼物.mp3 开始下载...
2020-05-28 13:14:47,077 - myapi - INFO - >>D:\music-down\netease\MyGod!!\\downmp3\华晨宇 - 微光.mp3 开始下载...
2020-05-28 13:14:51,684 - myapi - INFO - >>D:\music-down\netease\MyGod!!\\downmp3\华晨宇 - 烟火里的尘埃.mp3 开始下载...
2020-05-28 13:14:57,591 - myapi - ERROR - >> D:\music-down\netease\MyGod!!\\downmp3\土不叔叔乐队 - 现在就出发.mp3 mp3的下载地址无效.
2020-05-28 13:14:57,591 - myapi - ERROR - >> D:\music-down\netease\MyGod!!\\downmp3\王心凌 - 第一次爱的人.mp3 mp3的下载地址无效.
2020-05-28 13:14:57,591 - myapi - ERROR - >> D:\music-down\netease\MyGod!!\\downmp3\王心凌 - 下一页的我.mp3 mp3的下载地址无效.
2020-05-28 13:14:57,591 - myapi - INFO - >>D:\music-down\netease\MyGod!!\\downmp3\蓝心羽 - 东西（翻自 林俊呈） .mp3 开始下载...
2020-05-28 13:15:00,339 - myapi - INFO - >>D:\music-down\netease\MyGod!!\\downmp3\群星 - Memory.mp3 开始下载...
2020-05-28 13:15:03,027 - myapi - ERROR - >> D:\music-down\netease\MyGod!!\\downmp3\季彦霖 - 选择失忆.mp3 mp3的下载地址无效.
2020-05-28 13:15:03,027 - myapi - INFO - >>D:\music-down\netease\MyGod!!\\downmp3\刘涛 - 红颜旧.mp3 开始下载...
2020-05-28 13:15:06,524 - myapi - INFO - >>D:\music-down\netease\MyGod!!\\downmp3\树屋女孩&徐梦圆 - 胭脂妆.mp3 开始下载...
2020-05-28 13:15:11,825 - myapi - INFO - >>D:\music-down\netease\MyGod!!\\downmp3\陈晓琪 - 七年滋養.mp3 开始下载...
2020-05-28 13:15:15,388 - myapi - INFO - >>D:\music-down\netease\MyGod!!\\downmp3\刘惜君 - 菩提偈.mp3 开始下载...
2020-05-28 13:15:18,928 - myapi - INFO - >>D:\music-down\netease\MyGod!!\\downmp3\南征北战NZBZ - 我的天空.mp3 开始下载...
2020-05-28 13:15:22,463 - myapi - INFO - >>D:\music-down\netease\MyGod!!\\downmp3\鹏泊 - 啷个哩个啷.mp3 开始下载...
2020-05-28 13:15:25,507 - myapi - INFO - >>D:\music-down\netease\MyGod!!\\downmp3\刘珂矣 - 半壶纱.mp3 开始下载...
2020-05-28 13:15:28,895 - myapi - ERROR - >> D:\music-down\netease\MyGod!!\\downmp3\刘瑞琦 - 歌路.mp3 mp3的下载地址无效.
2020-05-28 13:15:28,895 - myapi - INFO - >>D:\music-down\netease\MyGod!!\\downmp3\不才 - 化身孤岛的鲸.mp3 开始下载...
2020-05-28 13:15:33,187 - myapi - INFO - >>D:\music-down\netease\MyGod!!\\downmp3\刘畊宏 - 彩虹天堂.mp3 开始下载...
2020-05-28 13:15:37,558 - myapi - INFO - >>D:\music-down\netease\MyGod!!\\downmp3\陈鸿宇 - 理想三旬.mp3 开始下载...
2020-05-28 13:15:41,151 - myapi - INFO - >>D:\music-down\netease\MyGod!!\\downmp3\赵雷 - 成都.mp3 开始下载...
2020-05-28 13:15:46,551 - myapi - INFO - >>D:\music-down\netease\MyGod!!\\downmp3\徐大乐 - 一个人的朝圣 .mp3 开始下载...
2020-05-28 13:15:51,253 - myapi - INFO - >>D:\music-down\netease\MyGod!!\\downmp3\杨千嬅 - 勇.mp3 开始下载...
2020-05-28 13:15:54,872 - myapi - INFO - >>D:\music-down\netease\MyGod!!\\downmp3\逃跑计划 - 夜空中最亮的星.mp3 开始下载...
2020-05-28 13:15:58,761 - myapi - INFO - >>D:\music-down\netease\MyGod!!\\downmp3\张赫宣 - 我们不该这样的.mp3 开始下载...
2020-05-28 13:16:02,203 - myapi - INFO - >>D:\music-down\netease\MyGod!!\\downmp3\张智霖 - 天梯(Live).mp3 开始下载...
2020-05-28 13:16:07,768 - myapi - ERROR - >> D:\music-down\netease\MyGod!!\\downmp3\张智霖 - 你太善良.mp3 mp3的下载地址无效.
2020-05-28 13:16:07,768 - myapi - ERROR - >> D:\music-down\netease\MyGod!!\\downmp3\蔡健雅 - 被驯服的象.mp3 mp3的下载地址无效.
2020-05-28 13:16:07,768 - myapi - ERROR - >> D:\music-down\netease\MyGod!!\\downmp3\蔡健雅 - 红色高跟鞋.mp3 mp3的下载地址无效.
2020-05-28 13:16:07,768 - myapi - INFO - >>D:\music-down\netease\MyGod!!\\downmp3\张敬轩 - 吻得太逼真.mp3 开始下载...
2020-05-28 13:16:11,623 - myapi - INFO - >>D:\music-down\netease\MyGod!!\\downmp3\张敬轩 - 春秋.mp3 开始下载...
2020-05-28 13:16:15,671 - myapi - INFO - >>D:\music-down\netease\MyGod!!\\downmp3\卢冠廷 - 一生所爱.mp3 开始下载...
2020-05-28 13:16:19,426 - myapi - ERROR - >> D:\music-down\netease\MyGod!!\\downmp3\范逸臣 - 放生.mp3 mp3的下载地址无效.
2020-05-28 13:16:19,426 - myapi - ERROR - >> D:\music-down\netease\MyGod!!\\downmp3\张芸京 - 偏爱.mp3 mp3的下载地址无效.
2020-05-28 13:16:19,426 - myapi - INFO - >>D:\music-down\netease\MyGod!!\\downmp3\叶蒨文 - 伤逝.mp3 开始下载...
2020-05-28 13:16:23,065 - myapi - ERROR - >> D:\music-down\netease\MyGod!!\\downmp3\朴树 - 那些花儿.mp3 mp3的下载地址无效.
2020-05-28 13:16:23,065 - myapi - INFO - >>D:\music-down\netease\MyGod!!\\downmp3\张柏芝 - 乱了感觉.mp3 开始下载...
2020-05-28 13:16:27,533 - myapi - INFO - >>D:\music-down\netease\MyGod!!\\downmp3\张柏芝 - 一个人背两个人的债.mp3 开始下载...
2020-05-28 13:16:31,318 - myapi - INFO - >>D:\music-down\netease\MyGod!!\\downmp3\张柏芝 - 忘了 忘不了.mp3 开始下载...
2020-05-28 13:16:34,698 - myapi - ERROR - >> D:\music-down\netease\MyGod!!\\downmp3\蔡健雅 - 如果你爱我.mp3 mp3的下载地址无效.
2020-05-28 13:16:34,698 - myapi - INFO - >>D:\music-down\netease\MyGod!!\\downmp3\陈奕迅 - 人来人往 (Live).mp3 开始下载...
2020-05-28 13:16:38,652 - myapi - INFO - >>D:\music-down\netease\MyGod!!\\downmp3\区文诗 - 不只爱情.mp3 开始下载...
2020-05-28 13:16:42,173 - myapi - ERROR - >> D:\music-down\netease\MyGod!!\\downmp3\郑欣宜 - 忘记的理由.mp3 mp3的下载地址无效.
2020-05-28 13:16:42,173 - myapi - ERROR - >> D:\music-down\netease\MyGod!!\\downmp3\郑欣宜 - 上心.mp3 mp3的下载地址无效.
2020-05-28 13:16:42,173 - myapi - INFO - >>D:\music-down\netease\MyGod!!\\downmp3\张学友 - 烦恼歌.mp3 开始下载...
2020-05-28 13:16:46,510 - myapi - INFO - >>D:\music-down\netease\MyGod!!\\downmp3\张学友 - 小城大事.mp3 开始下载...
2020-05-28 13:16:49,969 - myapi - INFO - >>D:\music-down\netease\MyGod!!\\downmp3\金玟岐 - 岁月神偷.mp3 开始下载...
2020-05-28 13:16:52,247 - myapi - ERROR - >> D:\music-down\netease\MyGod!!\\downmp3\刘瑞琦 - 房间.mp3 mp3的下载地址无效.
2020-05-28 13:16:52,247 - myapi - ERROR - >> D:\music-down\netease\MyGod!!\\downmp3\蔡健雅 - 若你碰到他.mp3 mp3的下载地址无效.
2020-05-28 13:16:52,247 - myapi - ERROR - >> D:\music-down\netease\MyGod!!\\downmp3\蔡健雅 - 达尔文 II 进化版.mp3 mp3的下载地址无效.
2020-05-28 13:16:52,247 - myapi - INFO - >>D:\music-down\netease\MyGod!!\\downmp3\陈奕迅 - 红玫瑰.mp3 开始下载...
2020-05-28 13:16:55,817 - myapi - INFO - >>D:\music-down\netease\MyGod!!\\downmp3\陈奕迅 - 白玫瑰.mp3 开始下载...
2020-05-28 13:16:59,375 - myapi - INFO - >>D:\music-down\netease\MyGod!!\\downmp3\爱乐团王超 - 放开.mp3 开始下载...
2020-05-28 13:17:04,048 - myapi - INFO - >>D:\music-down\netease\MyGod!!\\downmp3\徐薇 - 我以为.mp3 开始下载...
2020-05-28 13:17:09,770 - myapi - INFO - >>D:\music-down\netease\MyGod!!\\downmp3\郑中基 - 无赖.mp3 开始下载...
2020-05-28 13:17:13,508 - myapi - INFO - >>D:\music-down\netease\MyGod!!\\downmp3\胡夏 - 燃点.mp3 开始下载...
2020-05-28 13:17:17,139 - myapi - INFO - >>D:\music-down\netease\MyGod!!\\downmp3\张栋梁 - 我们都有错.mp3 开始下载...
2020-05-28 13:17:21,185 - myapi - ERROR - >> D:\music-down\netease\MyGod!!\\downmp3\许巍 - 时光.mp3 mp3的下载地址无效.
2020-05-28 13:17:21,185 - myapi - ERROR - >> D:\music-down\netease\MyGod!!\\downmp3\杨坤 - 空城.mp3 mp3的下载地址无效.
2020-05-28 13:17:21,185 - myapi - INFO - >>D:\music-down\netease\MyGod!!\\downmp3\周兴哲 - 爱情教会我们的事.mp3 开始下载...
2020-05-28 13:17:25,424 - myapi - ERROR - >> D:\music-down\netease\MyGod!!\\downmp3\薛凯琪 - 一个人失忆.mp3 mp3的下载地址无效.
2020-05-28 13:17:25,424 - myapi - INFO - >>D:\music-down\netease\MyGod!!\\downmp3\光良 - 童话.mp3 开始下载...
2020-05-28 13:17:29,041 - myapi - INFO - >>D:\music-down\netease\MyGod!!\\downmp3\王大毛 - 去年夏天.mp3 开始下载...
2020-05-28 13:17:32,619 - myapi - ERROR - >> D:\music-down\netease\MyGod!!\\downmp3\袁娅维 - 说散就散.mp3 mp3的下载地址无效.
2020-05-28 13:17:32,619 - myapi - INFO - >>D:\music-down\netease\MyGod!!\\downmp3\房东的猫 - 云烟成雨.mp3 开始下载...
2020-05-28 13:17:36,585 - myapi - INFO - >>D:\music-down\netease\MyGod!!\\downmp3\曾惜 - 讲真的.mp3 开始下载...
2020-05-28 13:17:40,236 - myapi - INFO - >>D:\music-down\netease\MyGod!!\\downmp3\锦绣二重唱 - 我的快乐.mp3 开始下载...
2020-05-28 13:17:43,998 - myapi - INFO - >>D:\music-down\netease\MyGod!!\\downmp3\许绍洋 - 幸福的瞬间.mp3 开始下载...
2020-05-28 13:17:47,918 - myapi - INFO - >>D:\music-down\netease\MyGod!!\\downmp3\许绍洋 - 花香.mp3 开始下载...
2020-05-28 13:17:52,034 - myapi - ERROR - >> D:\music-down\netease\MyGod!!\\downmp3\尚雯婕 - Love Warrior 战.mp3 mp3的下载地址无效.
2020-05-28 13:17:52,034 - myapi - ERROR - >> D:\music-down\netease\MyGod!!\\downmp3\刘惜君 - 遥远的歌.mp3 mp3的下载地址无效.
2020-05-28 13:17:52,034 - myapi - INFO - >>D:\music-down\netease\MyGod!!\\downmp3\张震岳 - 再见.mp3 开始下载...
2020-05-28 13:17:55,221 - myapi - INFO - >>D:\music-down\netease\MyGod!!\\downmp3\张栋梁 - 别再惊动爱情.mp3 开始下载...
2020-05-28 13:17:59,474 - myapi - ERROR - >> D:\music-down\netease\MyGod!!\\downmp3\张栋梁 - 王子.mp3 mp3的下载地址无效.
2020-05-28 13:17:59,474 - myapi - ERROR - >> D:\music-down\netease\MyGod!!\\downmp3\张栋梁 - 寂寞边界.mp3 mp3的下载地址无效.
2020-05-28 13:17:59,474 - myapi - INFO - >>D:\music-down\netease\MyGod!!\\downmp3\朴树 - 送别.mp3 开始下载...
2020-05-28 13:18:02,263 - myapi - INFO - >>D:\music-down\netease\MyGod!!\\downmp3\毛不易 - 消愁.mp3 开始下载...
2020-05-28 13:18:06,145 - myapi - INFO - >>D:\music-down\netease\MyGod!!\\downmp3\梁静茹 - 勇气.mp3 开始下载...
2020-05-28 13:18:09,898 - myapi - ERROR - >> D:\music-down\netease\MyGod!!\\downmp3\郑智化 - 星星点灯.mp3 mp3的下载地址无效.
2020-05-28 13:18:09,898 - myapi - INFO - >>D:\music-down\netease\MyGod!!\\downmp3\莫文蔚 - 盛夏的果实.mp3 开始下载...
2020-05-28 13:18:14,273 - myapi - INFO - >>D:\music-down\netease\MyGod!!\\downmp3\蔡淳佳 - 等一个晴天.mp3 开始下载...
2020-05-28 13:18:18,247 - myapi - INFO - >>D:\music-down\netease\MyGod!!\\downmp3\徐怀钰 - 踏浪.mp3 开始下载...
2020-05-28 13:18:22,021 - myapi - INFO - >>D:\music-down\netease\MyGod!!\\downmp3\苏慧伦 - 秋天的海.mp3 开始下载...
2020-05-28 13:18:26,017 - myapi - INFO - >>D:\music-down\netease\MyGod!!\\downmp3\高胜美 - 青青河边草.mp3 开始下载...
2020-05-28 13:18:30,060 - myapi - INFO - >>D:\music-down\netease\MyGod!!\\downmp3\刘力扬 - 天后.mp3 开始下载...
2020-05-28 13:18:36,089 - myapi - INFO - >>D:\music-down\netease\MyGod!!\\downmp3\裘海正 - 爱我的人和我爱的人.mp3 开始下载...
2020-05-28 13:18:40,260 - myapi - ERROR - >> D:\music-down\netease\MyGod!!\\downmp3\G.E.M.邓紫棋 - A.I.N.Y. 爱你.mp3 mp3的下载地址无效.
2020-05-28 13:18:40,260 - myapi - INFO - >>D:\music-down\netease\MyGod!!\\downmp3\李圣杰 - 手放开.mp3 开始下载...
2020-05-28 13:18:44,275 - myapi - ERROR - >> D:\music-down\netease\MyGod!!\\downmp3\刘惜君 - 我很快乐.mp3 mp3的下载地址无效.
2020-05-28 13:18:44,275 - myapi - INFO - >>D:\music-down\netease\MyGod!!\\downmp3\卢巧音&王力宏 - 好心分手.mp3 开始下载...
2020-05-28 13:18:47,136 - myapi - ERROR - >> D:\music-down\netease\MyGod!!\\downmp3\朴树 - 平凡之路.mp3 mp3的下载地址无效.
2020-05-28 13:18:47,137 - myapi - ERROR - >> D:\music-down\netease\MyGod!!\\downmp3\古巨基 - 情歌王.mp3 mp3的下载地址无效.
2020-05-28 13:18:47,137 - myapi - INFO - >>D:\music-down\netease\MyGod!!\\downmp3\光良 - 童话.mp3 开始下载...
2020-05-28 13:18:47,137 - myapi - ERROR -  D:\music-down\netease\MyGod!!\\downmp3\光良 - 童话.mp3 文件已存在.
2020-05-28 13:18:47,137 - myapi - ERROR -  D:\music-down\netease\MyGod!!\\downpic\光良 - 童话.jpg 文件已存在.
2020-05-28 13:18:47,137 - myapi - ERROR -  D:\music-down\netease\MyGod!!\\downlyric\光良 - 童话.lrc 文件已存在.
2020-05-28 13:18:47,143 - myapi - ERROR - >> D:\music-down\netease\MyGod!!\\downmp3\陈奕迅 - 不要说话.mp3 mp3的下载地址无效.
2020-05-28 13:18:47,143 - myapi - INFO - >>D:\music-down\netease\MyGod!!\\downmp3\黄义达 - 那女孩对我说.mp3 开始下载...
2020-05-28 13:18:51,501 - myapi - INFO - >>D:\music-down\netease\MyGod!!\\downmp3\田馥甄 - 魔鬼中的天使.mp3 开始下载...
2020-05-28 13:18:55,148 - myapi - INFO - >>D:\music-down\netease\MyGod!!\\downmp3\刘若英 - 后来.mp3 开始下载...
2020-05-28 13:19:00,347 - myapi - INFO - >>D:\music-down\netease\MyGod!!\\downmp3\张杰 - 仰望星空.mp3 开始下载...
2020-05-28 13:19:04,190 - myapi - INFO - >>D:\music-down\netease\MyGod!!\\downmp3\孙燕姿 - 一起走到.mp3 开始下载...
2020-05-28 13:19:08,471 - myapi - ERROR - >> D:\music-down\netease\MyGod!!\\downmp3\孙燕姿 - 直来直往.mp3 mp3的下载地址无效.
2020-05-28 13:19:08,471 - myapi - ERROR - >> D:\music-down\netease\MyGod!!\\downmp3\周杰伦 - 黑色毛衣.mp3 mp3的下载地址无效.
2020-05-28 13:19:08,471 - myapi - INFO - >>D:\music-down\netease\MyGod!!\\downmp3\G.E.M.邓紫棋 - 来自天堂的魔鬼.mp3 开始下载...
2020-05-28 13:19:12,512 - myapi - INFO - >>D:\music-down\netease\MyGod!!\\downmp3\张杰 - 剑心.mp3 开始下载...
2020-05-28 13:19:16,518 - myapi - ERROR - >> D:\music-down\netease\MyGod!!\\downmp3\胡歌 - 忘记时间.mp3 mp3的下载地址无效.
2020-05-28 13:19:16,518 - myapi - INFO - >>D:\music-down\netease\MyGod!!\\downmp3\阿桑 - 一直很安静.mp3 开始下载...
2020-05-28 13:19:20,342 - myapi - INFO - >>D:\music-down\netease\MyGod!!\\downmp3\花粥&王胜娚 - 浮白.mp3 开始下载...
2020-05-28 13:19:26,066 - myapi - INFO - >>D:\music-down\netease\MyGod!!\\downmp3\刘昊霖 - 迷藏.mp3 开始下载...
2020-05-28 13:19:29,776 - myapi - INFO - >>D:\music-down\netease\MyGod!!\\downmp3\南征北战NZBZ - 骄傲的少年.mp3 开始下载...
2020-05-28 13:19:33,381 - myapi - INFO - >>D:\music-down\netease\MyGod!!\\downmp3\鹿先森乐队 - 华年.mp3 开始下载...
2020-05-28 13:19:37,696 - myapi - INFO - >>D:\music-down\netease\MyGod!!\\downmp3\花粥 - 归去来兮.mp3 开始下载...
2020-05-28 13:19:42,860 - myapi - INFO - >>D:\music-down\netease\MyGod!!\\downmp3\炎亚纶 - 绑架爱情.mp3 开始下载...
2020-05-28 13:19:46,439 - myapi - INFO - >>D:\music-down\netease\MyGod!!\\downmp3\陈小春 - 相依为命.mp3 开始下载...
2020-05-28 13:19:50,103 - myapi - INFO - >>D:\music-down\netease\MyGod!!\\downmp3\凯瑟喵 - 爱如探汤（Cover 郑欣宜）.mp3 开始下载...
2020-05-28 13:19:53,341 - myapi - INFO - >>D:\music-down\netease\MyGod!!\\downmp3\凯瑟喵 - 撒野.mp3 开始下载...
2020-05-28 13:20:13,619 - myapi - INFO - >>D:\music-down\netease\MyGod!!\\downmp3\凯瑟喵 - 白夜（Cover 尹姝贻）.mp3 开始下载...
2020-05-28 13:20:17,486 - myapi - INFO - >>D:\music-down\netease\MyGod!!\\downmp3\花粥&王胜娚 - 出山.mp3 开始下载...
2020-05-28 13:20:20,442 - myapi - INFO - >>D:\music-down\netease\MyGod!!\\downmp3\S.H.E - 你曾是少年.mp3 开始下载...
2020-05-28 13:20:24,186 - myapi - ERROR - >> D:\music-down\netease\MyGod!!\\downmp3\Christine Welch - 一百万个可能.mp3 mp3的下载地址无效.
2020-05-28 13:20:24,186 - myapi - INFO - >>D:\music-down\netease\MyGod!!\\downmp3\尤长靖 - 昨日青空.mp3 开始下载...
2020-05-28 13:20:29,105 - myapi - INFO - >>D:\music-down\netease\MyGod!!\\downmp3\于果 - 侧脸.mp3 开始下载...
2020-05-28 13:20:33,619 - myapi - INFO - >>D:\music-down\netease\MyGod!!\\downmp3\周笔畅 - 最美的期待.mp3 开始下载...
2020-05-28 13:20:37,422 - myapi - ERROR - >> D:\music-down\netease\MyGod!!\\downmp3\何洁 - 希望.mp3 mp3的下载地址无效.
2020-05-28 13:20:37,422 - myapi - INFO - >>D:\music-down\netease\MyGod!!\\downmp3\华晨宇&杨宗纬 - 国王与乞丐.mp3 开始下载...
2020-05-28 13:20:41,191 - myapi - INFO - >>D:\music-down\netease\MyGod!!\\downmp3\牛奶咖啡 - 明天你好.mp3 开始下载...
2020-05-28 13:20:45,450 - myapi - INFO - >>D:\music-down\netease\MyGod!!\\downmp3\岑宁儿 - 追光者.mp3 开始下载...
2020-05-28 13:20:48,951 - myapi - INFO - >>D:\music-down\netease\MyGod!!\\downmp3\JC陈泳彤 - 说散就散.mp3 开始下载...
2020-05-28 13:20:52,320 - myapi - ERROR - >> D:\music-down\netease\MyGod!!\\downmp3\何洁 - 小永远.mp3 mp3的下载地址无效.
2020-05-28 13:20:52,320 - myapi - INFO - >>D:\music-down\netease\MyGod!!\\downmp3\杨千嬅 - 杨千嬅.mp3 开始下载...
2020-05-28 13:20:55,276 - myapi - INFO - >>D:\music-down\netease\MyGod!!\\downmp3\飞轮海 - 寂寞暴走.mp3 开始下载...
2020-05-28 13:20:59,521 - myapi - INFO - >>D:\music-down\netease\MyGod!!\\downmp3\郁可唯 - 时间煮雨.mp3 开始下载...
2020-05-28 13:21:03,919 - myapi - INFO - >>D:\music-down\netease\MyGod!!\\downmp3\花粥&马雨阳 - 盗将行.mp3 开始下载...
2020-05-28 13:21:06,844 - myapi - INFO - >>D:\music-down\netease\MyGod!!\\downmp3\何洁 - 你一定要幸福.mp3 开始下载...
2020-05-28 13:21:11,955 - myapi - ERROR - >> D:\music-down\netease\MyGod!!\\downmp3\王贰浪 - 往后余生.mp3 mp3的下载地址无效.
2020-05-28 13:21:11,955 - myapi - INFO - >>D:\music-down\netease\MyGod!!\\downmp3\林俊呈 - 东西.mp3 开始下载...
2020-05-28 13:21:14,288 - myapi - INFO - >>D:\music-down\netease\MyGod!!\\downmp3\何洁 - 越伤越爱.mp3 开始下载...
2020-05-28 13:21:17,674 - myapi - INFO - >>D:\music-down\netease\MyGod!!\\downmp3\TORO - 忘了爱.mp3 开始下载...
2020-05-28 13:21:22,209 - netease - INFO - 清醒梦(Right Now) -【当你沉睡时OST】（Cover Monogram） 数据获取中...
2020-05-28 13:21:22,381 - netease - INFO - 幻听(환청)（Cover 张在仁  NaShow） 数据获取中...
2020-05-28 13:21:22,561 - netease - INFO - 가끔 이러다 数据获取中...
2020-05-28 13:21:22,721 - netease - INFO - 안녕, 가을아 数据获取中...
2020-05-28 13:21:22,901 - netease - INFO - 태양이 뜨면 数据获取中...
2020-05-28 13:21:23,081 - netease - INFO - 니가 내가 数据获取中...
2020-05-28 13:21:23,245 - netease - INFO - 사랑…후에 数据获取中...
2020-05-28 13:21:23,411 - netease - INFO - 你能听到我的心吗（Cover 李夏怡 Epik High） 数据获取中...
2020-05-28 13:21:23,556 - netease - INFO - 너를 위해（为了你）【步步惊心丽OST】原唱：CHEN伯贤XIUMIN 数据获取中...
2020-05-28 13:21:23,712 - netease - INFO - 죽을만큼 아파서 Part.2 数据获取中...
2020-05-28 13:21:23,875 - netease - INFO - 사랑은 다 그런거래요 数据获取中...
2020-05-28 13:21:24,029 - netease - INFO - 아무노래 数据获取中...
2020-05-28 13:21:24,215 - netease - INFO - 마음을 드려요 数据获取中...
2020-05-28 13:21:24,394 - netease - INFO - 너 없인 안 된다 数据获取中...
2020-05-28 13:21:24,567 - netease - INFO - 자각몽（清醒梦）-《当你沉睡时》（Cover 모노그램） 数据获取中...
2020-05-28 13:21:24,730 - netease - INFO - Done For Me（翻自 Punch）  数据获取中...
2020-05-28 13:21:24,910 - netease - INFO - 미로 (迷宫)-《当你沉睡时》（Cover 김나영（金娜英）） 数据获取中...
2020-05-28 13:21:25,077 - netease - INFO - 별 빛이 내린다 数据获取中...
2020-05-28 13:21:25,243 - netease - INFO - Blue（Cover 脸红的思春期） 数据获取中...
2020-05-28 13:21:25,425 - netease - INFO - You(=I)（Cover 脸红的思春期） 数据获取中...
2020-05-28 13:21:25,613 - netease - INFO - 썸 탈꺼야 (some)（Cover 脸红的思春期） 数据获取中...
2020-05-28 13:21:25,777 - netease - INFO - Love is You 数据获取中...
2020-05-28 13:21:25,958 - netease - INFO - Another Day （德鲁纳酒店）（翻自 Punch）  数据获取中...
2020-05-28 13:21:26,142 - netease - INFO - 별 (星) - 阿尔罕布拉宫的回忆 数据获取中...
2020-05-28 13:21:26,309 - netease - INFO - 当夜晚来临-《当你沉睡时》（Cover 金正焕） 数据获取中...
2020-05-28 13:21:26,474 - netease - INFO - 나라는 꿈（翻自 조이）  数据获取中...
2020-05-28 13:21:26,644 - netease - INFO - 너의 의미 数据获取中...
2020-05-28 13:21:26,811 - netease - INFO - 너에게 난, 나에게 넌 数据获取中...
2020-05-28 13:21:26,960 - netease - INFO - 그런 사람 또 없습니다 数据获取中...
2020-05-28 13:21:27,147 - netease - INFO - 그땐 그땐 그땐 数据获取中...
2020-05-28 13:21:27,303 - netease - INFO - 잠 못드는 밤  数据获取中...
2020-05-28 13:21:27,465 - netease - INFO - 드림 数据获取中...
2020-05-28 13:21:27,628 - netease - INFO - SPOILER [JAPANESE MIX] 数据获取中...
2020-05-28 13:21:27,780 - myapi - INFO - json文件写入中...
2020-05-28 13:21:27,803 - myapi - INFO - json文件写入完成.
2020-05-28 13:21:27,804 - myapi - INFO - >>D:\music-down\netease\Kor^^\\downmp3\阿YueYue&李蚊香 - 清醒梦(Right Now) -【当你沉睡时OST】（Cover Monogram）.mp3 开始下载...
